!SESSION 2018-09-23 12:02:12.920 -----------------------------------------------
eclipse.buildId=4.5.0.I20150603-2000
java.version=1.8.0_181
java.vendor=Oracle Corporation
BootLoader constants: OS=win32, ARCH=x86_64, WS=win32, NL=en_US
Framework arguments:  -product org.eclipse.epp.package.java.product
Command-line arguments:  -os win32 -ws win32 -arch x86_64 -product org.eclipse.epp.package.java.product

!ENTRY org.eclipse.egit.ui 2 0 2018-09-23 12:05:28.627
!MESSAGE Warning: The environment variable HOME is not set. The following directory will be used to store the Git
user global configuration and to define the default location to store repositories: 'C:\Users\524F475545'. If this is
not correct please set the HOME environment variable and restart Eclipse. Otherwise Git for Windows and
EGit might behave differently since they see different configuration options.
This warning can be switched off on the Team > Git > Confirmations and Warnings preference page.
!SESSION 2018-09-24 08:49:11.720 -----------------------------------------------
eclipse.buildId=4.5.0.I20150603-2000
java.version=1.8.0_181
java.vendor=Oracle Corporation
BootLoader constants: OS=win32, ARCH=x86_64, WS=win32, NL=en_US
Framework arguments:  -product org.eclipse.epp.package.java.product
Command-line arguments:  -os win32 -ws win32 -arch x86_64 -product org.eclipse.epp.package.java.product

!ENTRY org.eclipse.egit.ui 2 0 2018-09-24 08:52:49.353
!MESSAGE Warning: The environment variable HOME is not set. The following directory will be used to store the Git
user global configuration and to define the default location to store repositories: 'C:\Users\524F475545'. If this is
not correct please set the HOME environment variable and restart Eclipse. Otherwise Git for Windows and
EGit might behave differently since they see different configuration options.
This warning can be switched off on the Team > Git > Confirmations and Warnings preference page.

!ENTRY org.python.pydev.shared_core 1 1 2018-09-24 08:52:50.615
!MESSAGE Restoring info for: C:\Users\524F475545\AppData\Local\Programs\Python\Python35-32\python.exe
!STACK 0
java.lang.RuntimeException: Restoring info for: C:\Users\524F475545\AppData\Local\Programs\Python\Python35-32\python.exe
	at org.python.pydev.ui.interpreters.AbstractInterpreterManager.getInterpretersFromPersistedString(AbstractInterpreterManager.java:517)
	at org.python.pydev.ui.interpreters.AbstractInterpreterManager.internalRecreateCacheGetInterpreterInfos(AbstractInterpreterManager.java:337)
	at org.python.pydev.ui.interpreters.AbstractInterpreterManager.getInterpreterInfos(AbstractInterpreterManager.java:324)
	at org.python.pydev.ui.interpreters.AbstractInterpreterManager.<init>(AbstractInterpreterManager.java:181)
	at org.python.pydev.ui.interpreters.PythonInterpreterManager.<init>(PythonInterpreterManager.java:28)
	at org.python.pydev.plugin.PydevPlugin.start(PydevPlugin.java:232)
	at org.eclipse.osgi.internal.framework.BundleContextImpl$3.run(BundleContextImpl.java:771)
	at org.eclipse.osgi.internal.framework.BundleContextImpl$3.run(BundleContextImpl.java:1)
	at java.security.AccessController.doPrivileged(Native Method)
	at org.eclipse.osgi.internal.framework.BundleContextImpl.startActivator(BundleContextImpl.java:764)
	at org.eclipse.osgi.internal.framework.BundleContextImpl.start(BundleContextImpl.java:721)
	at org.eclipse.osgi.internal.framework.EquinoxBundle.startWorker0(EquinoxBundle.java:941)
	at org.eclipse.osgi.internal.framework.EquinoxBundle$EquinoxModule.startWorker(EquinoxBundle.java:318)
	at org.eclipse.osgi.container.Module.doStart(Module.java:571)
	at org.eclipse.osgi.container.Module.start(Module.java:439)
	at org.eclipse.osgi.framework.util.SecureAction.start(SecureAction.java:454)
	at org.eclipse.osgi.internal.hooks.EclipseLazyStarter.postFindLocalClass(EclipseLazyStarter.java:107)
	at org.eclipse.osgi.internal.loader.classpath.ClasspathManager.findLocalClass(ClasspathManager.java:531)
	at org.eclipse.osgi.internal.loader.ModuleClassLoader.findLocalClass(ModuleClassLoader.java:324)
	at org.eclipse.osgi.internal.loader.BundleLoader.findLocalClass(BundleLoader.java:327)
	at org.eclipse.osgi.internal.loader.BundleLoader.findClassInternal(BundleLoader.java:402)
	at org.eclipse.osgi.internal.loader.BundleLoader.findClass(BundleLoader.java:352)
	at org.eclipse.osgi.internal.loader.BundleLoader.findClass(BundleLoader.java:344)
	at org.eclipse.osgi.internal.loader.ModuleClassLoader.loadClass(ModuleClassLoader.java:160)
	at java.lang.ClassLoader.loadClass(Unknown Source)
	at org.eclipse.osgi.internal.framework.EquinoxBundle.loadClass(EquinoxBundle.java:573)
	at org.eclipse.core.internal.registry.osgi.RegistryStrategyOSGI.createExecutableExtension(RegistryStrategyOSGI.java:174)
	at org.eclipse.core.internal.registry.ExtensionRegistry.createExecutableExtension(ExtensionRegistry.java:905)
	at org.eclipse.core.internal.registry.ConfigurationElement.createExecutableExtension(ConfigurationElement.java:243)
	at org.eclipse.core.internal.registry.ConfigurationElementHandle.createExecutableExtension(ConfigurationElementHandle.java:55)
	at org.eclipse.core.internal.preferences.PreferenceServiceRegistryHelper.runInitializer(PreferenceServiceRegistryHelper.java:293)
	at org.eclipse.core.internal.preferences.PreferenceServiceRegistryHelper.applyRuntimeDefaults(PreferenceServiceRegistryHelper.java:131)
	at org.eclipse.core.internal.preferences.PreferencesService.applyRuntimeDefaults(PreferencesService.java:368)
	at org.eclipse.core.internal.preferences.DefaultPreferences.applyRuntimeDefaults(DefaultPreferences.java:221)
	at org.eclipse.core.internal.preferences.DefaultPreferences.load(DefaultPreferences.java:274)
	at org.eclipse.core.internal.preferences.EclipsePreferences.create(EclipsePreferences.java:409)
	at org.eclipse.core.internal.preferences.EclipsePreferences.internalNode(EclipsePreferences.java:670)
	at org.eclipse.core.internal.preferences.EclipsePreferences.node(EclipsePreferences.java:812)
	at org.eclipse.core.internal.preferences.AbstractScope.getNode(AbstractScope.java:38)
	at org.eclipse.core.runtime.preferences.DefaultScope.getNode(DefaultScope.java:76)
	at com.python.pydev.debug.DebugPluginPrefsInitializer.initializeDefaultPreferences(DebugPluginPrefsInitializer.java:35)
	at com.python.pydev.debug.DebugPlugin.start(DebugPlugin.java:34)
	at org.eclipse.osgi.internal.framework.BundleContextImpl$3.run(BundleContextImpl.java:771)
	at org.eclipse.osgi.internal.framework.BundleContextImpl$3.run(BundleContextImpl.java:1)
	at java.security.AccessController.doPrivileged(Native Method)
	at org.eclipse.osgi.internal.framework.BundleContextImpl.startActivator(BundleContextImpl.java:764)
	at org.eclipse.osgi.internal.framework.BundleContextImpl.start(BundleContextImpl.java:721)
	at org.eclipse.osgi.internal.framework.EquinoxBundle.startWorker0(EquinoxBundle.java:941)
	at org.eclipse.osgi.internal.framework.EquinoxBundle$EquinoxModule.startWorker(EquinoxBundle.java:318)
	at org.eclipse.osgi.container.Module.doStart(Module.java:571)
	at org.eclipse.osgi.container.Module.start(Module.java:439)
	at org.eclipse.osgi.framework.util.SecureAction.start(SecureAction.java:454)
	at org.eclipse.osgi.internal.hooks.EclipseLazyStarter.postFindLocalClass(EclipseLazyStarter.java:107)
	at org.eclipse.osgi.internal.loader.classpath.ClasspathManager.findLocalClass(ClasspathManager.java:531)
	at org.eclipse.osgi.internal.loader.ModuleClassLoader.findLocalClass(ModuleClassLoader.java:324)
	at org.eclipse.osgi.internal.loader.BundleLoader.findLocalClass(BundleLoader.java:327)
	at org.eclipse.osgi.internal.loader.BundleLoader.findClassInternal(BundleLoader.java:402)
	at org.eclipse.osgi.internal.loader.BundleLoader.findClass(BundleLoader.java:352)
	at org.eclipse.osgi.internal.loader.BundleLoader.findClass(BundleLoader.java:344)
	at org.eclipse.osgi.internal.loader.ModuleClassLoader.loadClass(ModuleClassLoader.java:160)
	at java.lang.ClassLoader.loadClass(Unknown Source)
	at org.eclipse.osgi.internal.framework.EquinoxBundle.loadClass(EquinoxBundle.java:573)
	at org.eclipse.core.internal.registry.osgi.RegistryStrategyOSGI.createExecutableExtension(RegistryStrategyOSGI.java:174)
	at org.eclipse.core.internal.registry.ExtensionRegistry.createExecutableExtension(ExtensionRegistry.java:905)
	at org.eclipse.core.internal.registry.ConfigurationElement.createExecutableExtension(ConfigurationElement.java:243)
	at org.eclipse.core.internal.registry.ConfigurationElementHandle.createExecutableExtension(ConfigurationElementHandle.java:55)
	at org.eclipse.ui.internal.WorkbenchPlugin$1.run(WorkbenchPlugin.java:293)
	at org.eclipse.swt.custom.BusyIndicator.showWhile(BusyIndicator.java:52)
	at org.eclipse.ui.internal.WorkbenchPlugin.createExtension(WorkbenchPlugin.java:288)
	at org.eclipse.ui.internal.EarlyStartupRunnable.getExecutableExtension(EarlyStartupRunnable.java:120)
	at org.eclipse.ui.internal.EarlyStartupRunnable.run(EarlyStartupRunnable.java:68)
	at org.eclipse.core.runtime.SafeRunner.run(SafeRunner.java:42)
	at org.eclipse.ui.internal.Workbench$56.run(Workbench.java:2812)
	at org.eclipse.core.internal.jobs.Worker.run(Worker.java:55)
Caused by: java.io.IOException: Expecting: C:\Users\524F475545\Documents\GoogleDocs_WORK\CS440\CS440_CODE\Code\.metadata\.plugins\org.python.pydev\v1_1zjg9u5p1utsg7ah3m05nzpcl\modulesKeys to exist (and be a file).
	at org.python.pydev.editor.codecompletion.revisited.ModulesManager.loadFromFile(ModulesManager.java:289)
	at org.python.pydev.editor.codecompletion.revisited.SystemModulesManager.load(SystemModulesManager.java:371)
	at org.python.pydev.ui.interpreters.AbstractInterpreterManager.getInterpretersFromPersistedString(AbstractInterpreterManager.java:515)
	... 73 more

!ENTRY org.python.pydev.shared_core 1 1 2018-09-24 08:52:50.771
!MESSAGE Finished restoring information for: C:\Users\524F475545\AppData\Local\Programs\Python\Python35-32\python.exe at: C:\Users\524F475545\Documents\GoogleDocs_WORK\CS440\CS440_CODE\Code\.metadata\.plugins\org.python.pydev\v1_1zjg9u5p1utsg7ah3m05nzpcl
!STACK 0
java.lang.RuntimeException: Finished restoring information for: C:\Users\524F475545\AppData\Local\Programs\Python\Python35-32\python.exe at: C:\Users\524F475545\Documents\GoogleDocs_WORK\CS440\CS440_CODE\Code\.metadata\.plugins\org.python.pydev\v1_1zjg9u5p1utsg7ah3m05nzpcl
	at org.python.pydev.core.log.Log.logInfo(Log.java:66)
	at org.python.pydev.ui.interpreters.AbstractInterpreterManager.getInterpretersFromPersistedString(AbstractInterpreterManager.java:562)
	at org.python.pydev.ui.interpreters.AbstractInterpreterManager.internalRecreateCacheGetInterpreterInfos(AbstractInterpreterManager.java:337)
	at org.python.pydev.ui.interpreters.AbstractInterpreterManager.getInterpreterInfos(AbstractInterpreterManager.java:324)
	at org.python.pydev.ui.interpreters.AbstractInterpreterManager.<init>(AbstractInterpreterManager.java:181)
	at org.python.pydev.ui.interpreters.PythonInterpreterManager.<init>(PythonInterpreterManager.java:28)
	at org.python.pydev.plugin.PydevPlugin.start(PydevPlugin.java:232)
	at org.eclipse.osgi.internal.framework.BundleContextImpl$3.run(BundleContextImpl.java:771)
	at org.eclipse.osgi.internal.framework.BundleContextImpl$3.run(BundleContextImpl.java:1)
	at java.security.AccessController.doPrivileged(Native Method)
	at org.eclipse.osgi.internal.framework.BundleContextImpl.startActivator(BundleContextImpl.java:764)
	at org.eclipse.osgi.internal.framework.BundleContextImpl.start(BundleContextImpl.java:721)
	at org.eclipse.osgi.internal.framework.EquinoxBundle.startWorker0(EquinoxBundle.java:941)
	at org.eclipse.osgi.internal.framework.EquinoxBundle$EquinoxModule.startWorker(EquinoxBundle.java:318)
	at org.eclipse.osgi.container.Module.doStart(Module.java:571)
	at org.eclipse.osgi.container.Module.start(Module.java:439)
	at org.eclipse.osgi.framework.util.SecureAction.start(SecureAction.java:454)
	at org.eclipse.osgi.internal.hooks.EclipseLazyStarter.postFindLocalClass(EclipseLazyStarter.java:107)
	at org.eclipse.osgi.internal.loader.classpath.ClasspathManager.findLocalClass(ClasspathManager.java:531)
	at org.eclipse.osgi.internal.loader.ModuleClassLoader.findLocalClass(ModuleClassLoader.java:324)
	at org.eclipse.osgi.internal.loader.BundleLoader.findLocalClass(BundleLoader.java:327)
	at org.eclipse.osgi.internal.loader.BundleLoader.findClassInternal(BundleLoader.java:402)
	at org.eclipse.osgi.internal.loader.BundleLoader.findClass(BundleLoader.java:352)
	at org.eclipse.osgi.internal.loader.BundleLoader.findClass(BundleLoader.java:344)
	at org.eclipse.osgi.internal.loader.ModuleClassLoader.loadClass(ModuleClassLoader.java:160)
	at java.lang.ClassLoader.loadClass(Unknown Source)
	at org.eclipse.osgi.internal.framework.EquinoxBundle.loadClass(EquinoxBundle.java:573)
	at org.eclipse.core.internal.registry.osgi.RegistryStrategyOSGI.createExecutableExtension(RegistryStrategyOSGI.java:174)
	at org.eclipse.core.internal.registry.ExtensionRegistry.createExecutableExtension(ExtensionRegistry.java:905)
	at org.eclipse.core.internal.registry.ConfigurationElement.createExecutableExtension(ConfigurationElement.java:243)
	at org.eclipse.core.internal.registry.ConfigurationElementHandle.createExecutableExtension(ConfigurationElementHandle.java:55)
	at org.eclipse.core.internal.preferences.PreferenceServiceRegistryHelper.runInitializer(PreferenceServiceRegistryHelper.java:293)
	at org.eclipse.core.internal.preferences.PreferenceServiceRegistryHelper.applyRuntimeDefaults(PreferenceServiceRegistryHelper.java:131)
	at org.eclipse.core.internal.preferences.PreferencesService.applyRuntimeDefaults(PreferencesService.java:368)
	at org.eclipse.core.internal.preferences.DefaultPreferences.applyRuntimeDefaults(DefaultPreferences.java:221)
	at org.eclipse.core.internal.preferences.DefaultPreferences.load(DefaultPreferences.java:274)
	at org.eclipse.core.internal.preferences.EclipsePreferences.create(EclipsePreferences.java:409)
	at org.eclipse.core.internal.preferences.EclipsePreferences.internalNode(EclipsePreferences.java:670)
	at org.eclipse.core.internal.preferences.EclipsePreferences.node(EclipsePreferences.java:812)
	at org.eclipse.core.internal.preferences.AbstractScope.getNode(AbstractScope.java:38)
	at org.eclipse.core.runtime.preferences.DefaultScope.getNode(DefaultScope.java:76)
	at com.python.pydev.debug.DebugPluginPrefsInitializer.initializeDefaultPreferences(DebugPluginPrefsInitializer.java:35)
	at com.python.pydev.debug.DebugPlugin.start(DebugPlugin.java:34)
	at org.eclipse.osgi.internal.framework.BundleContextImpl$3.run(BundleContextImpl.java:771)
	at org.eclipse.osgi.internal.framework.BundleContextImpl$3.run(BundleContextImpl.java:1)
	at java.security.AccessController.doPrivileged(Native Method)
	at org.eclipse.osgi.internal.framework.BundleContextImpl.startActivator(BundleContextImpl.java:764)
	at org.eclipse.osgi.internal.framework.BundleContextImpl.start(BundleContextImpl.java:721)
	at org.eclipse.osgi.internal.framework.EquinoxBundle.startWorker0(EquinoxBundle.java:941)
	at org.eclipse.osgi.internal.framework.EquinoxBundle$EquinoxModule.startWorker(EquinoxBundle.java:318)
	at org.eclipse.osgi.container.Module.doStart(Module.java:571)
	at org.eclipse.osgi.container.Module.start(Module.java:439)
	at org.eclipse.osgi.framework.util.SecureAction.start(SecureAction.java:454)
	at org.eclipse.osgi.internal.hooks.EclipseLazyStarter.postFindLocalClass(EclipseLazyStarter.java:107)
	at org.eclipse.osgi.internal.loader.classpath.ClasspathManager.findLocalClass(ClasspathManager.java:531)
	at org.eclipse.osgi.internal.loader.ModuleClassLoader.findLocalClass(ModuleClassLoader.java:324)
	at org.eclipse.osgi.internal.loader.BundleLoader.findLocalClass(BundleLoader.java:327)
	at org.eclipse.osgi.internal.loader.BundleLoader.findClassInternal(BundleLoader.java:402)
	at org.eclipse.osgi.internal.loader.BundleLoader.findClass(BundleLoader.java:352)
	at org.eclipse.osgi.internal.loader.BundleLoader.findClass(BundleLoader.java:344)
	at org.eclipse.osgi.internal.loader.ModuleClassLoader.loadClass(ModuleClassLoader.java:160)
	at java.lang.ClassLoader.loadClass(Unknown Source)
	at org.eclipse.osgi.internal.framework.EquinoxBundle.loadClass(EquinoxBundle.java:573)
	at org.eclipse.core.internal.registry.osgi.RegistryStrategyOSGI.createExecutableExtension(RegistryStrategyOSGI.java:174)
	at org.eclipse.core.internal.registry.ExtensionRegistry.createExecutableExtension(ExtensionRegistry.java:905)
	at org.eclipse.core.internal.registry.ConfigurationElement.createExecutableExtension(ConfigurationElement.java:243)
	at org.eclipse.core.internal.registry.ConfigurationElementHandle.createExecutableExtension(ConfigurationElementHandle.java:55)
	at org.eclipse.ui.internal.WorkbenchPlugin$1.run(WorkbenchPlugin.java:293)
	at org.eclipse.swt.custom.BusyIndicator.showWhile(BusyIndicator.java:52)
	at org.eclipse.ui.internal.WorkbenchPlugin.createExtension(WorkbenchPlugin.java:288)
	at org.eclipse.ui.internal.EarlyStartupRunnable.getExecutableExtension(EarlyStartupRunnable.java:120)
	at org.eclipse.ui.internal.EarlyStartupRunnable.run(EarlyStartupRunnable.java:68)
	at org.eclipse.core.runtime.SafeRunner.run(SafeRunner.java:42)
	at org.eclipse.ui.internal.Workbench$56.run(Workbench.java:2812)
	at org.eclipse.core.internal.jobs.Worker.run(Worker.java:55)

!ENTRY org.python.pydev.shared_core 1 1 2018-09-24 08:52:50.774
!MESSAGE Restoring info for: C:\Users\AlexanderM\AppData\Local\Programs\Python\Python35-32\python.exe
!STACK 0
java.lang.RuntimeException: Restoring info for: C:\Users\AlexanderM\AppData\Local\Programs\Python\Python35-32\python.exe
	at org.python.pydev.ui.interpreters.AbstractInterpreterManager.getInterpretersFromPersistedString(AbstractInterpreterManager.java:517)
	at org.python.pydev.ui.interpreters.AbstractInterpreterManager.internalRecreateCacheGetInterpreterInfos(AbstractInterpreterManager.java:337)
	at org.python.pydev.ui.interpreters.AbstractInterpreterManager.getInterpreterInfos(AbstractInterpreterManager.java:324)
	at org.python.pydev.ui.interpreters.AbstractInterpreterManager.<init>(AbstractInterpreterManager.java:181)
	at org.python.pydev.ui.interpreters.PythonInterpreterManager.<init>(PythonInterpreterManager.java:28)
	at org.python.pydev.plugin.PydevPlugin.start(PydevPlugin.java:232)
	at org.eclipse.osgi.internal.framework.BundleContextImpl$3.run(BundleContextImpl.java:771)
	at org.eclipse.osgi.internal.framework.BundleContextImpl$3.run(BundleContextImpl.java:1)
	at java.security.AccessController.doPrivileged(Native Method)
	at org.eclipse.osgi.internal.framework.BundleContextImpl.startActivator(BundleContextImpl.java:764)
	at org.eclipse.osgi.internal.framework.BundleContextImpl.start(BundleContextImpl.java:721)
	at org.eclipse.osgi.internal.framework.EquinoxBundle.startWorker0(EquinoxBundle.java:941)
	at org.eclipse.osgi.internal.framework.EquinoxBundle$EquinoxModule.startWorker(EquinoxBundle.java:318)
	at org.eclipse.osgi.container.Module.doStart(Module.java:571)
	at org.eclipse.osgi.container.Module.start(Module.java:439)
	at org.eclipse.osgi.framework.util.SecureAction.start(SecureAction.java:454)
	at org.eclipse.osgi.internal.hooks.EclipseLazyStarter.postFindLocalClass(EclipseLazyStarter.java:107)
	at org.eclipse.osgi.internal.loader.classpath.ClasspathManager.findLocalClass(ClasspathManager.java:531)
	at org.eclipse.osgi.internal.loader.ModuleClassLoader.findLocalClass(ModuleClassLoader.java:324)
	at org.eclipse.osgi.internal.loader.BundleLoader.findLocalClass(BundleLoader.java:327)
	at org.eclipse.osgi.internal.loader.BundleLoader.findClassInternal(BundleLoader.java:402)
	at org.eclipse.osgi.internal.loader.BundleLoader.findClass(BundleLoader.java:352)
	at org.eclipse.osgi.internal.loader.BundleLoader.findClass(BundleLoader.java:344)
	at org.eclipse.osgi.internal.loader.ModuleClassLoader.loadClass(ModuleClassLoader.java:160)
	at java.lang.ClassLoader.loadClass(Unknown Source)
	at org.eclipse.osgi.internal.framework.EquinoxBundle.loadClass(EquinoxBundle.java:573)
	at org.eclipse.core.internal.registry.osgi.RegistryStrategyOSGI.createExecutableExtension(RegistryStrategyOSGI.java:174)
	at org.eclipse.core.internal.registry.ExtensionRegistry.createExecutableExtension(ExtensionRegistry.java:905)
	at org.eclipse.core.internal.registry.ConfigurationElement.createExecutableExtension(ConfigurationElement.java:243)
	at org.eclipse.core.internal.registry.ConfigurationElementHandle.createExecutableExtension(ConfigurationElementHandle.java:55)
	at org.eclipse.core.internal.preferences.PreferenceServiceRegistryHelper.runInitializer(PreferenceServiceRegistryHelper.java:293)
	at org.eclipse.core.internal.preferences.PreferenceServiceRegistryHelper.applyRuntimeDefaults(PreferenceServiceRegistryHelper.java:131)
	at org.eclipse.core.internal.preferences.PreferencesService.applyRuntimeDefaults(PreferencesService.java:368)
	at org.eclipse.core.internal.preferences.DefaultPreferences.applyRuntimeDefaults(DefaultPreferences.java:221)
	at org.eclipse.core.internal.preferences.DefaultPreferences.load(DefaultPreferences.java:274)
	at org.eclipse.core.internal.preferences.EclipsePreferences.create(EclipsePreferences.java:409)
	at org.eclipse.core.internal.preferences.EclipsePreferences.internalNode(EclipsePreferences.java:670)
	at org.eclipse.core.internal.preferences.EclipsePreferences.node(EclipsePreferences.java:812)
	at org.eclipse.core.internal.preferences.AbstractScope.getNode(AbstractScope.java:38)
	at org.eclipse.core.runtime.preferences.DefaultScope.getNode(DefaultScope.java:76)
	at com.python.pydev.debug.DebugPluginPrefsInitializer.initializeDefaultPreferences(DebugPluginPrefsInitializer.java:35)
	at com.python.pydev.debug.DebugPlugin.start(DebugPlugin.java:34)
	at org.eclipse.osgi.internal.framework.BundleContextImpl$3.run(BundleContextImpl.java:771)
	at org.eclipse.osgi.internal.framework.BundleContextImpl$3.run(BundleContextImpl.java:1)
	at java.security.AccessController.doPrivileged(Native Method)
	at org.eclipse.osgi.internal.framework.BundleContextImpl.startActivator(BundleContextImpl.java:764)
	at org.eclipse.osgi.internal.framework.BundleContextImpl.start(BundleContextImpl.java:721)
	at org.eclipse.osgi.internal.framework.EquinoxBundle.startWorker0(EquinoxBundle.java:941)
	at org.eclipse.osgi.internal.framework.EquinoxBundle$EquinoxModule.startWorker(EquinoxBundle.java:318)
	at org.eclipse.osgi.container.Module.doStart(Module.java:571)
	at org.eclipse.osgi.container.Module.start(Module.java:439)
	at org.eclipse.osgi.framework.util.SecureAction.start(SecureAction.java:454)
	at org.eclipse.osgi.internal.hooks.EclipseLazyStarter.postFindLocalClass(EclipseLazyStarter.java:107)
	at org.eclipse.osgi.internal.loader.classpath.ClasspathManager.findLocalClass(ClasspathManager.java:531)
	at org.eclipse.osgi.internal.loader.ModuleClassLoader.findLocalClass(ModuleClassLoader.java:324)
	at org.eclipse.osgi.internal.loader.BundleLoader.findLocalClass(BundleLoader.java:327)
	at org.eclipse.osgi.internal.loader.BundleLoader.findClassInternal(BundleLoader.java:402)
	at org.eclipse.osgi.internal.loader.BundleLoader.findClass(BundleLoader.java:352)
	at org.eclipse.osgi.internal.loader.BundleLoader.findClass(BundleLoader.java:344)
	at org.eclipse.osgi.internal.loader.ModuleClassLoader.loadClass(ModuleClassLoader.java:160)
	at java.lang.ClassLoader.loadClass(Unknown Source)
	at org.eclipse.osgi.internal.framework.EquinoxBundle.loadClass(EquinoxBundle.java:573)
	at org.eclipse.core.internal.registry.osgi.RegistryStrategyOSGI.createExecutableExtension(RegistryStrategyOSGI.java:174)
	at org.eclipse.core.internal.registry.ExtensionRegistry.createExecutableExtension(ExtensionRegistry.java:905)
	at org.eclipse.core.internal.registry.ConfigurationElement.createExecutableExtension(ConfigurationElement.java:243)
	at org.eclipse.core.internal.registry.ConfigurationElementHandle.createExecutableExtension(ConfigurationElementHandle.java:55)
	at org.eclipse.ui.internal.WorkbenchPlugin$1.run(WorkbenchPlugin.java:293)
	at org.eclipse.swt.custom.BusyIndicator.showWhile(BusyIndicator.java:52)
	at org.eclipse.ui.internal.WorkbenchPlugin.createExtension(WorkbenchPlugin.java:288)
	at org.eclipse.ui.internal.EarlyStartupRunnable.getExecutableExtension(EarlyStartupRunnable.java:120)
	at org.eclipse.ui.internal.EarlyStartupRunnable.run(EarlyStartupRunnable.java:68)
	at org.eclipse.core.runtime.SafeRunner.run(SafeRunner.java:42)
	at org.eclipse.ui.internal.Workbench$56.run(Workbench.java:2812)
	at org.eclipse.core.internal.jobs.Worker.run(Worker.java:55)
Caused by: java.io.IOException: Expecting: C:\Users\524F475545\Documents\GoogleDocs_WORK\CS440\CS440_CODE\Code\.metadata\.plugins\org.python.pydev\v1_2v1a1w72za2t553wunn55r5lg\modulesKeys to exist (and be a file).
	at org.python.pydev.editor.codecompletion.revisited.ModulesManager.loadFromFile(ModulesManager.java:289)
	at org.python.pydev.editor.codecompletion.revisited.SystemModulesManager.load(SystemModulesManager.java:371)
	at org.python.pydev.ui.interpreters.AbstractInterpreterManager.getInterpretersFromPersistedString(AbstractInterpreterManager.java:515)
	... 73 more

!ENTRY org.python.pydev.shared_core 1 1 2018-09-24 08:52:50.781
!MESSAGE Finished restoring information for: C:\Users\AlexanderM\AppData\Local\Programs\Python\Python35-32\python.exe at: C:\Users\524F475545\Documents\GoogleDocs_WORK\CS440\CS440_CODE\Code\.metadata\.plugins\org.python.pydev\v1_2v1a1w72za2t553wunn55r5lg
!STACK 0
java.lang.RuntimeException: Finished restoring information for: C:\Users\AlexanderM\AppData\Local\Programs\Python\Python35-32\python.exe at: C:\Users\524F475545\Documents\GoogleDocs_WORK\CS440\CS440_CODE\Code\.metadata\.plugins\org.python.pydev\v1_2v1a1w72za2t553wunn55r5lg
	at org.python.pydev.core.log.Log.logInfo(Log.java:66)
	at org.python.pydev.ui.interpreters.AbstractInterpreterManager.getInterpretersFromPersistedString(AbstractInterpreterManager.java:562)
	at org.python.pydev.ui.interpreters.AbstractInterpreterManager.internalRecreateCacheGetInterpreterInfos(AbstractInterpreterManager.java:337)
	at org.python.pydev.ui.interpreters.AbstractInterpreterManager.getInterpreterInfos(AbstractInterpreterManager.java:324)
	at org.python.pydev.ui.interpreters.AbstractInterpreterManager.<init>(AbstractInterpreterManager.java:181)
	at org.python.pydev.ui.interpreters.PythonInterpreterManager.<init>(PythonInterpreterManager.java:28)
	at org.python.pydev.plugin.PydevPlugin.start(PydevPlugin.java:232)
	at org.eclipse.osgi.internal.framework.BundleContextImpl$3.run(BundleContextImpl.java:771)
	at org.eclipse.osgi.internal.framework.BundleContextImpl$3.run(BundleContextImpl.java:1)
	at java.security.AccessController.doPrivileged(Native Method)
	at org.eclipse.osgi.internal.framework.BundleContextImpl.startActivator(BundleContextImpl.java:764)
	at org.eclipse.osgi.internal.framework.BundleContextImpl.start(BundleContextImpl.java:721)
	at org.eclipse.osgi.internal.framework.EquinoxBundle.startWorker0(EquinoxBundle.java:941)
	at org.eclipse.osgi.internal.framework.EquinoxBundle$EquinoxModule.startWorker(EquinoxBundle.java:318)
	at org.eclipse.osgi.container.Module.doStart(Module.java:571)
	at org.eclipse.osgi.container.Module.start(Module.java:439)
	at org.eclipse.osgi.framework.util.SecureAction.start(SecureAction.java:454)
	at org.eclipse.osgi.internal.hooks.EclipseLazyStarter.postFindLocalClass(EclipseLazyStarter.java:107)
	at org.eclipse.osgi.internal.loader.classpath.ClasspathManager.findLocalClass(ClasspathManager.java:531)
	at org.eclipse.osgi.internal.loader.ModuleClassLoader.findLocalClass(ModuleClassLoader.java:324)
	at org.eclipse.osgi.internal.loader.BundleLoader.findLocalClass(BundleLoader.java:327)
	at org.eclipse.osgi.internal.loader.BundleLoader.findClassInternal(BundleLoader.java:402)
	at org.eclipse.osgi.internal.loader.BundleLoader.findClass(BundleLoader.java:352)
	at org.eclipse.osgi.internal.loader.BundleLoader.findClass(BundleLoader.java:344)
	at org.eclipse.osgi.internal.loader.ModuleClassLoader.loadClass(ModuleClassLoader.java:160)
	at java.lang.ClassLoader.loadClass(Unknown Source)
	at org.eclipse.osgi.internal.framework.EquinoxBundle.loadClass(EquinoxBundle.java:573)
	at org.eclipse.core.internal.registry.osgi.RegistryStrategyOSGI.createExecutableExtension(RegistryStrategyOSGI.java:174)
	at org.eclipse.core.internal.registry.ExtensionRegistry.createExecutableExtension(ExtensionRegistry.java:905)
	at org.eclipse.core.internal.registry.ConfigurationElement.createExecutableExtension(ConfigurationElement.java:243)
	at org.eclipse.core.internal.registry.ConfigurationElementHandle.createExecutableExtension(ConfigurationElementHandle.java:55)
	at org.eclipse.core.internal.preferences.PreferenceServiceRegistryHelper.runInitializer(PreferenceServiceRegistryHelper.java:293)
	at org.eclipse.core.internal.preferences.PreferenceServiceRegistryHelper.applyRuntimeDefaults(PreferenceServiceRegistryHelper.java:131)
	at org.eclipse.core.internal.preferences.PreferencesService.applyRuntimeDefaults(PreferencesService.java:368)
	at org.eclipse.core.internal.preferences.DefaultPreferences.applyRuntimeDefaults(DefaultPreferences.java:221)
	at org.eclipse.core.internal.preferences.DefaultPreferences.load(DefaultPreferences.java:274)
	at org.eclipse.core.internal.preferences.EclipsePreferences.create(EclipsePreferences.java:409)
	at org.eclipse.core.internal.preferences.EclipsePreferences.internalNode(EclipsePreferences.java:670)
	at org.eclipse.core.internal.preferences.EclipsePreferences.node(EclipsePreferences.java:812)
	at org.eclipse.core.internal.preferences.AbstractScope.getNode(AbstractScope.java:38)
	at org.eclipse.core.runtime.preferences.DefaultScope.getNode(DefaultScope.java:76)
	at com.python.pydev.debug.DebugPluginPrefsInitializer.initializeDefaultPreferences(DebugPluginPrefsInitializer.java:35)
	at com.python.pydev.debug.DebugPlugin.start(DebugPlugin.java:34)
	at org.eclipse.osgi.internal.framework.BundleContextImpl$3.run(BundleContextImpl.java:771)
	at org.eclipse.osgi.internal.framework.BundleContextImpl$3.run(BundleContextImpl.java:1)
	at java.security.AccessController.doPrivileged(Native Method)
	at org.eclipse.osgi.internal.framework.BundleContextImpl.startActivator(BundleContextImpl.java:764)
	at org.eclipse.osgi.internal.framework.BundleContextImpl.start(BundleContextImpl.java:721)
	at org.eclipse.osgi.internal.framework.EquinoxBundle.startWorker0(EquinoxBundle.java:941)
	at org.eclipse.osgi.internal.framework.EquinoxBundle$EquinoxModule.startWorker(EquinoxBundle.java:318)
	at org.eclipse.osgi.container.Module.doStart(Module.java:571)
	at org.eclipse.osgi.container.Module.start(Module.java:439)
	at org.eclipse.osgi.framework.util.SecureAction.start(SecureAction.java:454)
	at org.eclipse.osgi.internal.hooks.EclipseLazyStarter.postFindLocalClass(EclipseLazyStarter.java:107)
	at org.eclipse.osgi.internal.loader.classpath.ClasspathManager.findLocalClass(ClasspathManager.java:531)
	at org.eclipse.osgi.internal.loader.ModuleClassLoader.findLocalClass(ModuleClassLoader.java:324)
	at org.eclipse.osgi.internal.loader.BundleLoader.findLocalClass(BundleLoader.java:327)
	at org.eclipse.osgi.internal.loader.BundleLoader.findClassInternal(BundleLoader.java:402)
	at org.eclipse.osgi.internal.loader.BundleLoader.findClass(BundleLoader.java:352)
	at org.eclipse.osgi.internal.loader.BundleLoader.findClass(BundleLoader.java:344)
	at org.eclipse.osgi.internal.loader.ModuleClassLoader.loadClass(ModuleClassLoader.java:160)
	at java.lang.ClassLoader.loadClass(Unknown Source)
	at org.eclipse.osgi.internal.framework.EquinoxBundle.loadClass(EquinoxBundle.java:573)
	at org.eclipse.core.internal.registry.osgi.RegistryStrategyOSGI.createExecutableExtension(RegistryStrategyOSGI.java:174)
	at org.eclipse.core.internal.registry.ExtensionRegistry.createExecutableExtension(ExtensionRegistry.java:905)
	at org.eclipse.core.internal.registry.ConfigurationElement.createExecutableExtension(ConfigurationElement.java:243)
	at org.eclipse.core.internal.registry.ConfigurationElementHandle.createExecutableExtension(ConfigurationElementHandle.java:55)
	at org.eclipse.ui.internal.WorkbenchPlugin$1.run(WorkbenchPlugin.java:293)
	at org.eclipse.swt.custom.BusyIndicator.showWhile(BusyIndicator.java:52)
	at org.eclipse.ui.internal.WorkbenchPlugin.createExtension(WorkbenchPlugin.java:288)
	at org.eclipse.ui.internal.EarlyStartupRunnable.getExecutableExtension(EarlyStartupRunnable.java:120)
	at org.eclipse.ui.internal.EarlyStartupRunnable.run(EarlyStartupRunnable.java:68)
	at org.eclipse.core.runtime.SafeRunner.run(SafeRunner.java:42)
	at org.eclipse.ui.internal.Workbench$56.run(Workbench.java:2812)
	at org.eclipse.core.internal.jobs.Worker.run(Worker.java:55)

!ENTRY org.python.pydev.shared_core 1 1 2018-09-24 08:52:51.874
!MESSAGE Unable to track file that does not exist: C:\Users\AlexanderM\AppData\Local\Programs\Python\Python35-32\DLLs
!STACK 0
java.lang.RuntimeException: Unable to track file that does not exist: C:\Users\AlexanderM\AppData\Local\Programs\Python\Python35-32\DLLs
	at org.python.pydev.shared_core.log.Log.logInfo(Log.java:52)
	at org.python.pydev.shared_core.path_watch.PathWatch.track(PathWatch.java:316)
	at org.python.pydev.editor.codecompletion.revisited.SyncSystemModulesManagerScheduler.afterSetInfos(SyncSystemModulesManagerScheduler.java:463)
	at org.python.pydev.editor.codecompletion.revisited.SyncSystemModulesManagerScheduler.afterSetInfos(SyncSystemModulesManagerScheduler.java:444)
	at org.python.pydev.editor.codecompletion.revisited.SyncSystemModulesManagerScheduler.registerInterpreterManager(SyncSystemModulesManagerScheduler.java:67)
	at org.python.pydev.editor.codecompletion.revisited.SyncSystemModulesManagerScheduler.start(SyncSystemModulesManagerScheduler.java:89)
	at org.python.pydev.plugin.PydevPlugin$1.run(PydevPlugin.java:209)
	at org.eclipse.core.internal.jobs.Worker.run(Worker.java:55)

!ENTRY org.python.pydev.shared_core 1 1 2018-09-24 08:52:51.879
!MESSAGE Unable to track file that does not exist: C:\Users\AlexanderM\AppData\Local\Programs\Python\Python35-32\lib
!STACK 0
java.lang.RuntimeException: Unable to track file that does not exist: C:\Users\AlexanderM\AppData\Local\Programs\Python\Python35-32\lib
	at org.python.pydev.shared_core.log.Log.logInfo(Log.java:52)
	at org.python.pydev.shared_core.path_watch.PathWatch.track(PathWatch.java:316)
	at org.python.pydev.editor.codecompletion.revisited.SyncSystemModulesManagerScheduler.afterSetInfos(SyncSystemModulesManagerScheduler.java:463)
	at org.python.pydev.editor.codecompletion.revisited.SyncSystemModulesManagerScheduler.afterSetInfos(SyncSystemModulesManagerScheduler.java:444)
	at org.python.pydev.editor.codecompletion.revisited.SyncSystemModulesManagerScheduler.registerInterpreterManager(SyncSystemModulesManagerScheduler.java:67)
	at org.python.pydev.editor.codecompletion.revisited.SyncSystemModulesManagerScheduler.start(SyncSystemModulesManagerScheduler.java:89)
	at org.python.pydev.plugin.PydevPlugin$1.run(PydevPlugin.java:209)
	at org.eclipse.core.internal.jobs.Worker.run(Worker.java:55)

!ENTRY org.python.pydev.shared_core 1 1 2018-09-24 08:52:51.883
!MESSAGE Unable to track file that does not exist: C:\Users\AlexanderM\AppData\Local\Programs\Python\Python35-32
!STACK 0
java.lang.RuntimeException: Unable to track file that does not exist: C:\Users\AlexanderM\AppData\Local\Programs\Python\Python35-32
	at org.python.pydev.shared_core.log.Log.logInfo(Log.java:52)
	at org.python.pydev.shared_core.path_watch.PathWatch.track(PathWatch.java:316)
	at org.python.pydev.editor.codecompletion.revisited.SyncSystemModulesManagerScheduler.afterSetInfos(SyncSystemModulesManagerScheduler.java:463)
	at org.python.pydev.editor.codecompletion.revisited.SyncSystemModulesManagerScheduler.afterSetInfos(SyncSystemModulesManagerScheduler.java:444)
	at org.python.pydev.editor.codecompletion.revisited.SyncSystemModulesManagerScheduler.registerInterpreterManager(SyncSystemModulesManagerScheduler.java:67)
	at org.python.pydev.editor.codecompletion.revisited.SyncSystemModulesManagerScheduler.start(SyncSystemModulesManagerScheduler.java:89)
	at org.python.pydev.plugin.PydevPlugin$1.run(PydevPlugin.java:209)
	at org.eclipse.core.internal.jobs.Worker.run(Worker.java:55)

!ENTRY org.python.pydev.shared_core 1 1 2018-09-24 08:52:51.890
!MESSAGE Unable to track file that does not exist: C:\Users\AlexanderM\AppData\Local\Programs\Python\Python35-32\lib\site-packages
!STACK 0
java.lang.RuntimeException: Unable to track file that does not exist: C:\Users\AlexanderM\AppData\Local\Programs\Python\Python35-32\lib\site-packages
	at org.python.pydev.shared_core.log.Log.logInfo(Log.java:52)
	at org.python.pydev.shared_core.path_watch.PathWatch.track(PathWatch.java:316)
	at org.python.pydev.editor.codecompletion.revisited.SyncSystemModulesManagerScheduler.afterSetInfos(SyncSystemModulesManagerScheduler.java:463)
	at org.python.pydev.editor.codecompletion.revisited.SyncSystemModulesManagerScheduler.afterSetInfos(SyncSystemModulesManagerScheduler.java:444)
	at org.python.pydev.editor.codecompletion.revisited.SyncSystemModulesManagerScheduler.registerInterpreterManager(SyncSystemModulesManagerScheduler.java:67)
	at org.python.pydev.editor.codecompletion.revisited.SyncSystemModulesManagerScheduler.start(SyncSystemModulesManagerScheduler.java:89)
	at org.python.pydev.plugin.PydevPlugin$1.run(PydevPlugin.java:209)
	at org.eclipse.core.internal.jobs.Worker.run(Worker.java:55)

!ENTRY org.python.pydev.shared_core 1 1 2018-09-24 08:52:51.893
!MESSAGE Unable to track file that does not exist: C:\Users\AlexanderM\AppData\Local\Programs\Python\Python35-32\lib\site-packages\win32
!STACK 0
java.lang.RuntimeException: Unable to track file that does not exist: C:\Users\AlexanderM\AppData\Local\Programs\Python\Python35-32\lib\site-packages\win32
	at org.python.pydev.shared_core.log.Log.logInfo(Log.java:52)
	at org.python.pydev.shared_core.path_watch.PathWatch.track(PathWatch.java:316)
	at org.python.pydev.editor.codecompletion.revisited.SyncSystemModulesManagerScheduler.afterSetInfos(SyncSystemModulesManagerScheduler.java:463)
	at org.python.pydev.editor.codecompletion.revisited.SyncSystemModulesManagerScheduler.afterSetInfos(SyncSystemModulesManagerScheduler.java:444)
	at org.python.pydev.editor.codecompletion.revisited.SyncSystemModulesManagerScheduler.registerInterpreterManager(SyncSystemModulesManagerScheduler.java:67)
	at org.python.pydev.editor.codecompletion.revisited.SyncSystemModulesManagerScheduler.start(SyncSystemModulesManagerScheduler.java:89)
	at org.python.pydev.plugin.PydevPlugin$1.run(PydevPlugin.java:209)
	at org.eclipse.core.internal.jobs.Worker.run(Worker.java:55)

!ENTRY org.python.pydev.shared_core 1 1 2018-09-24 08:52:51.903
!MESSAGE Unable to track file that does not exist: C:\Users\AlexanderM\AppData\Local\Programs\Python\Python35-32\lib\site-packages\win32\lib
!STACK 0
java.lang.RuntimeException: Unable to track file that does not exist: C:\Users\AlexanderM\AppData\Local\Programs\Python\Python35-32\lib\site-packages\win32\lib
	at org.python.pydev.shared_core.log.Log.logInfo(Log.java:52)
	at org.python.pydev.shared_core.path_watch.PathWatch.track(PathWatch.java:316)
	at org.python.pydev.editor.codecompletion.revisited.SyncSystemModulesManagerScheduler.afterSetInfos(SyncSystemModulesManagerScheduler.java:463)
	at org.python.pydev.editor.codecompletion.revisited.SyncSystemModulesManagerScheduler.afterSetInfos(SyncSystemModulesManagerScheduler.java:444)
	at org.python.pydev.editor.codecompletion.revisited.SyncSystemModulesManagerScheduler.registerInterpreterManager(SyncSystemModulesManagerScheduler.java:67)
	at org.python.pydev.editor.codecompletion.revisited.SyncSystemModulesManagerScheduler.start(SyncSystemModulesManagerScheduler.java:89)
	at org.python.pydev.plugin.PydevPlugin$1.run(PydevPlugin.java:209)
	at org.eclipse.core.internal.jobs.Worker.run(Worker.java:55)

!ENTRY org.python.pydev.shared_core 1 1 2018-09-24 08:52:51.908
!MESSAGE Unable to track file that does not exist: C:\Users\AlexanderM\AppData\Local\Programs\Python\Python35-32\lib\site-packages\Pythonwin
!STACK 0
java.lang.RuntimeException: Unable to track file that does not exist: C:\Users\AlexanderM\AppData\Local\Programs\Python\Python35-32\lib\site-packages\Pythonwin
	at org.python.pydev.shared_core.log.Log.logInfo(Log.java:52)
	at org.python.pydev.shared_core.path_watch.PathWatch.track(PathWatch.java:316)
	at org.python.pydev.editor.codecompletion.revisited.SyncSystemModulesManagerScheduler.afterSetInfos(SyncSystemModulesManagerScheduler.java:463)
	at org.python.pydev.editor.codecompletion.revisited.SyncSystemModulesManagerScheduler.afterSetInfos(SyncSystemModulesManagerScheduler.java:444)
	at org.python.pydev.editor.codecompletion.revisited.SyncSystemModulesManagerScheduler.registerInterpreterManager(SyncSystemModulesManagerScheduler.java:67)
	at org.python.pydev.editor.codecompletion.revisited.SyncSystemModulesManagerScheduler.start(SyncSystemModulesManagerScheduler.java:89)
	at org.python.pydev.plugin.PydevPlugin$1.run(PydevPlugin.java:209)
	at org.eclipse.core.internal.jobs.Worker.run(Worker.java:55)

!ENTRY org.python.pydev.shared_core 4 4 2018-09-24 08:53:22.527
!MESSAGE java.io.IOException: Cannot run program "C:\Users\AlexanderM\AppData\Local\Programs\Python\Python35-32\python.exe": CreateProcess error=2, The system cannot find the file specified
!STACK 0
java.lang.RuntimeException: java.io.IOException: Cannot run program "C:\Users\AlexanderM\AppData\Local\Programs\Python\Python35-32\python.exe": CreateProcess error=2, The system cannot find the file specified
	at org.python.pydev.runners.SimpleRunner.run(SimpleRunner.java:311)
	at org.python.pydev.runners.SimpleRunner.run(SimpleRunner.java:277)
	at org.python.pydev.runners.SimpleRunner.runAndGetOutput(SimpleRunner.java:328)
	at org.python.pydev.runners.SimplePythonRunner.runAndGetOutputWithInterpreter(SimplePythonRunner.java:95)
	at org.python.pydev.ui.interpreters.PythonInterpreterManager.doCreateInterpreterInfo(PythonInterpreterManager.java:68)
	at org.python.pydev.ui.interpreters.PythonInterpreterManager.internalCreateInterpreterInfo(PythonInterpreterManager.java:44)
	at org.python.pydev.ui.interpreters.AbstractInterpreterManager.createInterpreterInfo(AbstractInterpreterManager.java:381)
	at org.python.pydev.editor.codecompletion.revisited.SynchSystemModulesManager$CreateInterpreterInfoCallback.createInterpreterInfo(SynchSystemModulesManager.java:173)
	at org.python.pydev.editor.codecompletion.revisited.SynchSystemModulesManager.updateStructures(SynchSystemModulesManager.java:252)
	at org.python.pydev.editor.codecompletion.revisited.SyncSystemModulesManagerScheduler$SynchJob.run(SyncSystemModulesManagerScheduler.java:238)
	at org.eclipse.core.internal.jobs.Worker.run(Worker.java:55)
Caused by: java.io.IOException: Cannot run program "C:\Users\AlexanderM\AppData\Local\Programs\Python\Python35-32\python.exe": CreateProcess error=2, The system cannot find the file specified
	at java.lang.ProcessBuilder.start(Unknown Source)
	at java.lang.Runtime.exec(Unknown Source)
	at org.python.pydev.shared_core.process.ProcessUtils.createProcess(ProcessUtils.java:103)
	at org.python.pydev.runners.SimpleRunner.createProcess(SimpleRunner.java:50)
	at org.python.pydev.runners.SimpleRunner.run(SimpleRunner.java:309)
	... 10 more
Caused by: java.io.IOException: CreateProcess error=2, The system cannot find the file specified
	at java.lang.ProcessImpl.create(Native Method)
	at java.lang.ProcessImpl.<init>(Unknown Source)
	at java.lang.ProcessImpl.start(Unknown Source)
	... 15 more

!ENTRY org.python.pydev.shared_core 4 4 2018-09-24 08:53:22.593
!MESSAGE Info: Rebuilding internal caches: C:\Users\524F475545\Documents\GoogleDocs_WORK\CS440\CS440_CODE\Code\.metadata\.plugins\com.python.pydev.analysis\python_v1_1zjg9u5p1utsg7ah3m05nzpcl\python.pydevsysteminfo (Expected error to be provided and got no error!)

!ENTRY org.python.pydev.shared_core 4 4 2018-09-24 08:53:27.488
!MESSAGE Info: Rebuilding internal caches: C:\Users\524F475545\Documents\GoogleDocs_WORK\CS440\CS440_CODE\Code\.metadata\.plugins\com.python.pydev.analysis\python_v1_2v1a1w72za2t553wunn55r5lg\python.pydevsysteminfo (Expected error to be provided and got no error!)

!ENTRY org.python.pydev.shared_core 4 4 2018-09-24 08:53:27.506
!MESSAGE Cannot run program "C:\Users\AlexanderM\AppData\Local\Programs\Python\Python35-32\python.exe" (in directory "C:\Program Files (x86)\Eclipse\dropins\plugins\org.python.pydev_4.4.0.201510052309\pysrc"): CreateProcess error=2, The system cannot find the file specified
!STACK 0
java.io.IOException: Cannot run program "C:\Users\AlexanderM\AppData\Local\Programs\Python\Python35-32\python.exe" (in directory "C:\Program Files (x86)\Eclipse\dropins\plugins\org.python.pydev_4.4.0.201510052309\pysrc"): CreateProcess error=2, The system cannot find the file specified
	at java.lang.ProcessBuilder.start(Unknown Source)
	at java.lang.Runtime.exec(Unknown Source)
	at org.python.pydev.shared_core.process.ProcessUtils.createProcess(ProcessUtils.java:103)
	at org.python.pydev.runners.SimpleRunner.createProcess(SimpleRunner.java:50)
	at org.python.pydev.editor.codecompletion.shell.PythonShell.createServerProcess(PythonShell.java:63)
	at org.python.pydev.editor.codecompletion.shell.AbstractShell.startIt(AbstractShell.java:281)
	at org.python.pydev.editor.codecompletion.shell.ShellsContainer.getServerShell(ShellsContainer.java:232)
	at org.python.pydev.editor.codecompletion.shell.ShellsContainer.getServerShell(ShellsContainer.java:165)
	at org.python.pydev.editor.codecompletion.shell.AbstractShell.getServerShell(AbstractShell.java:222)
	at org.python.pydev.editor.codecompletion.revisited.modules.CompiledModule.createTokensFromServer(CompiledModule.java:361)
	at org.python.pydev.editor.codecompletion.revisited.modules.CompiledModule.<init>(CompiledModule.java:167)
	at org.python.pydev.editor.codecompletion.revisited.SystemModulesManager.getBuiltinModule(SystemModulesManager.java:309)
	at org.python.pydev.editor.codecompletion.revisited.SystemModulesManager.getModule(SystemModulesManager.java:348)
	at com.python.pydev.analysis.additionalinfo.AbstractAdditionalDependencyInfo.updateKeysIfNeededAndSave(AbstractAdditionalDependencyInfo.java:257)
	at com.python.pydev.analysis.system_info_builder.InterpreterInfoBuilder.syncInfoToPythonPath(InterpreterInfoBuilder.java:151)
	at com.python.pydev.analysis.system_info_builder.InterpreterInfoBuilder.syncInfoToPythonPath(InterpreterInfoBuilder.java:79)
	at org.python.pydev.editor.codecompletion.revisited.SynchSystemModulesManager.synchronizeManagerToNameToInfoPythonpath(SynchSystemModulesManager.java:390)
	at org.python.pydev.editor.codecompletion.revisited.SyncSystemModulesManagerScheduler$SynchJob.run(SyncSystemModulesManagerScheduler.java:261)
	at org.eclipse.core.internal.jobs.Worker.run(Worker.java:55)
Caused by: java.io.IOException: CreateProcess error=2, The system cannot find the file specified
	at java.lang.ProcessImpl.create(Native Method)
	at java.lang.ProcessImpl.<init>(Unknown Source)
	at java.lang.ProcessImpl.start(Unknown Source)
	... 19 more
!SESSION 2018-09-25 16:02:55.713 -----------------------------------------------
eclipse.buildId=4.5.0.I20150603-2000
java.version=1.8.0_181
java.vendor=Oracle Corporation
BootLoader constants: OS=win32, ARCH=x86_64, WS=win32, NL=en_US
Framework arguments:  -product org.eclipse.epp.package.java.product
Command-line arguments:  -os win32 -ws win32 -arch x86_64 -product org.eclipse.epp.package.java.product

!ENTRY org.eclipse.egit.ui 2 0 2018-09-25 16:06:59.316
!MESSAGE Warning: The environment variable HOME is not set. The following directory will be used to store the Git
user global configuration and to define the default location to store repositories: 'C:\Users\524F475545'. If this is
not correct please set the HOME environment variable and restart Eclipse. Otherwise Git for Windows and
EGit might behave differently since they see different configuration options.
This warning can be switched off on the Team > Git > Confirmations and Warnings preference page.

!ENTRY org.python.pydev.shared_core 1 1 2018-09-25 16:07:01.426
!MESSAGE Unable to track file that does not exist: C:\Users\AlexanderM\AppData\Local\Programs\Python\Python35-32\DLLs
!STACK 0
java.lang.RuntimeException: Unable to track file that does not exist: C:\Users\AlexanderM\AppData\Local\Programs\Python\Python35-32\DLLs
	at org.python.pydev.shared_core.log.Log.logInfo(Log.java:52)
	at org.python.pydev.shared_core.path_watch.PathWatch.track(PathWatch.java:316)
	at org.python.pydev.editor.codecompletion.revisited.SyncSystemModulesManagerScheduler.afterSetInfos(SyncSystemModulesManagerScheduler.java:463)
	at org.python.pydev.editor.codecompletion.revisited.SyncSystemModulesManagerScheduler.afterSetInfos(SyncSystemModulesManagerScheduler.java:444)
	at org.python.pydev.editor.codecompletion.revisited.SyncSystemModulesManagerScheduler.registerInterpreterManager(SyncSystemModulesManagerScheduler.java:67)
	at org.python.pydev.editor.codecompletion.revisited.SyncSystemModulesManagerScheduler.start(SyncSystemModulesManagerScheduler.java:89)
	at org.python.pydev.plugin.PydevPlugin$1.run(PydevPlugin.java:209)
	at org.eclipse.core.internal.jobs.Worker.run(Worker.java:55)

!ENTRY org.python.pydev.shared_core 1 1 2018-09-25 16:07:01.438
!MESSAGE Unable to track file that does not exist: C:\Users\AlexanderM\AppData\Local\Programs\Python\Python35-32\lib
!STACK 0
java.lang.RuntimeException: Unable to track file that does not exist: C:\Users\AlexanderM\AppData\Local\Programs\Python\Python35-32\lib
	at org.python.pydev.shared_core.log.Log.logInfo(Log.java:52)
	at org.python.pydev.shared_core.path_watch.PathWatch.track(PathWatch.java:316)
	at org.python.pydev.editor.codecompletion.revisited.SyncSystemModulesManagerScheduler.afterSetInfos(SyncSystemModulesManagerScheduler.java:463)
	at org.python.pydev.editor.codecompletion.revisited.SyncSystemModulesManagerScheduler.afterSetInfos(SyncSystemModulesManagerScheduler.java:444)
	at org.python.pydev.editor.codecompletion.revisited.SyncSystemModulesManagerScheduler.registerInterpreterManager(SyncSystemModulesManagerScheduler.java:67)
	at org.python.pydev.editor.codecompletion.revisited.SyncSystemModulesManagerScheduler.start(SyncSystemModulesManagerScheduler.java:89)
	at org.python.pydev.plugin.PydevPlugin$1.run(PydevPlugin.java:209)
	at org.eclipse.core.internal.jobs.Worker.run(Worker.java:55)

!ENTRY org.python.pydev.shared_core 1 1 2018-09-25 16:07:01.441
!MESSAGE Unable to track file that does not exist: C:\Users\AlexanderM\AppData\Local\Programs\Python\Python35-32
!STACK 0
java.lang.RuntimeException: Unable to track file that does not exist: C:\Users\AlexanderM\AppData\Local\Programs\Python\Python35-32
	at org.python.pydev.shared_core.log.Log.logInfo(Log.java:52)
	at org.python.pydev.shared_core.path_watch.PathWatch.track(PathWatch.java:316)
	at org.python.pydev.editor.codecompletion.revisited.SyncSystemModulesManagerScheduler.afterSetInfos(SyncSystemModulesManagerScheduler.java:463)
	at org.python.pydev.editor.codecompletion.revisited.SyncSystemModulesManagerScheduler.afterSetInfos(SyncSystemModulesManagerScheduler.java:444)
	at org.python.pydev.editor.codecompletion.revisited.SyncSystemModulesManagerScheduler.registerInterpreterManager(SyncSystemModulesManagerScheduler.java:67)
	at org.python.pydev.editor.codecompletion.revisited.SyncSystemModulesManagerScheduler.start(SyncSystemModulesManagerScheduler.java:89)
	at org.python.pydev.plugin.PydevPlugin$1.run(PydevPlugin.java:209)
	at org.eclipse.core.internal.jobs.Worker.run(Worker.java:55)

!ENTRY org.python.pydev.shared_core 1 1 2018-09-25 16:07:01.447
!MESSAGE Unable to track file that does not exist: C:\Users\AlexanderM\AppData\Local\Programs\Python\Python35-32\lib\site-packages
!STACK 0
java.lang.RuntimeException: Unable to track file that does not exist: C:\Users\AlexanderM\AppData\Local\Programs\Python\Python35-32\lib\site-packages
	at org.python.pydev.shared_core.log.Log.logInfo(Log.java:52)
	at org.python.pydev.shared_core.path_watch.PathWatch.track(PathWatch.java:316)
	at org.python.pydev.editor.codecompletion.revisited.SyncSystemModulesManagerScheduler.afterSetInfos(SyncSystemModulesManagerScheduler.java:463)
	at org.python.pydev.editor.codecompletion.revisited.SyncSystemModulesManagerScheduler.afterSetInfos(SyncSystemModulesManagerScheduler.java:444)
	at org.python.pydev.editor.codecompletion.revisited.SyncSystemModulesManagerScheduler.registerInterpreterManager(SyncSystemModulesManagerScheduler.java:67)
	at org.python.pydev.editor.codecompletion.revisited.SyncSystemModulesManagerScheduler.start(SyncSystemModulesManagerScheduler.java:89)
	at org.python.pydev.plugin.PydevPlugin$1.run(PydevPlugin.java:209)
	at org.eclipse.core.internal.jobs.Worker.run(Worker.java:55)

!ENTRY org.python.pydev.shared_core 1 1 2018-09-25 16:07:01.448
!MESSAGE Unable to track file that does not exist: C:\Users\AlexanderM\AppData\Local\Programs\Python\Python35-32\lib\site-packages\win32
!STACK 0
java.lang.RuntimeException: Unable to track file that does not exist: C:\Users\AlexanderM\AppData\Local\Programs\Python\Python35-32\lib\site-packages\win32
	at org.python.pydev.shared_core.log.Log.logInfo(Log.java:52)
	at org.python.pydev.shared_core.path_watch.PathWatch.track(PathWatch.java:316)
	at org.python.pydev.editor.codecompletion.revisited.SyncSystemModulesManagerScheduler.afterSetInfos(SyncSystemModulesManagerScheduler.java:463)
	at org.python.pydev.editor.codecompletion.revisited.SyncSystemModulesManagerScheduler.afterSetInfos(SyncSystemModulesManagerScheduler.java:444)
	at org.python.pydev.editor.codecompletion.revisited.SyncSystemModulesManagerScheduler.registerInterpreterManager(SyncSystemModulesManagerScheduler.java:67)
	at org.python.pydev.editor.codecompletion.revisited.SyncSystemModulesManagerScheduler.start(SyncSystemModulesManagerScheduler.java:89)
	at org.python.pydev.plugin.PydevPlugin$1.run(PydevPlugin.java:209)
	at org.eclipse.core.internal.jobs.Worker.run(Worker.java:55)

!ENTRY org.python.pydev.shared_core 1 1 2018-09-25 16:07:01.450
!MESSAGE Unable to track file that does not exist: C:\Users\AlexanderM\AppData\Local\Programs\Python\Python35-32\lib\site-packages\win32\lib
!STACK 0
java.lang.RuntimeException: Unable to track file that does not exist: C:\Users\AlexanderM\AppData\Local\Programs\Python\Python35-32\lib\site-packages\win32\lib
	at org.python.pydev.shared_core.log.Log.logInfo(Log.java:52)
	at org.python.pydev.shared_core.path_watch.PathWatch.track(PathWatch.java:316)
	at org.python.pydev.editor.codecompletion.revisited.SyncSystemModulesManagerScheduler.afterSetInfos(SyncSystemModulesManagerScheduler.java:463)
	at org.python.pydev.editor.codecompletion.revisited.SyncSystemModulesManagerScheduler.afterSetInfos(SyncSystemModulesManagerScheduler.java:444)
	at org.python.pydev.editor.codecompletion.revisited.SyncSystemModulesManagerScheduler.registerInterpreterManager(SyncSystemModulesManagerScheduler.java:67)
	at org.python.pydev.editor.codecompletion.revisited.SyncSystemModulesManagerScheduler.start(SyncSystemModulesManagerScheduler.java:89)
	at org.python.pydev.plugin.PydevPlugin$1.run(PydevPlugin.java:209)
	at org.eclipse.core.internal.jobs.Worker.run(Worker.java:55)

!ENTRY org.python.pydev.shared_core 1 1 2018-09-25 16:07:01.451
!MESSAGE Unable to track file that does not exist: C:\Users\AlexanderM\AppData\Local\Programs\Python\Python35-32\lib\site-packages\Pythonwin
!STACK 0
java.lang.RuntimeException: Unable to track file that does not exist: C:\Users\AlexanderM\AppData\Local\Programs\Python\Python35-32\lib\site-packages\Pythonwin
	at org.python.pydev.shared_core.log.Log.logInfo(Log.java:52)
	at org.python.pydev.shared_core.path_watch.PathWatch.track(PathWatch.java:316)
	at org.python.pydev.editor.codecompletion.revisited.SyncSystemModulesManagerScheduler.afterSetInfos(SyncSystemModulesManagerScheduler.java:463)
	at org.python.pydev.editor.codecompletion.revisited.SyncSystemModulesManagerScheduler.afterSetInfos(SyncSystemModulesManagerScheduler.java:444)
	at org.python.pydev.editor.codecompletion.revisited.SyncSystemModulesManagerScheduler.registerInterpreterManager(SyncSystemModulesManagerScheduler.java:67)
	at org.python.pydev.editor.codecompletion.revisited.SyncSystemModulesManagerScheduler.start(SyncSystemModulesManagerScheduler.java:89)
	at org.python.pydev.plugin.PydevPlugin$1.run(PydevPlugin.java:209)
	at org.eclipse.core.internal.jobs.Worker.run(Worker.java:55)

!ENTRY org.python.pydev.shared_core 4 4 2018-09-25 16:07:32.152
!MESSAGE java.io.IOException: Cannot run program "C:\Users\AlexanderM\AppData\Local\Programs\Python\Python35-32\python.exe": CreateProcess error=2, The system cannot find the file specified
!STACK 0
java.lang.RuntimeException: java.io.IOException: Cannot run program "C:\Users\AlexanderM\AppData\Local\Programs\Python\Python35-32\python.exe": CreateProcess error=2, The system cannot find the file specified
	at org.python.pydev.runners.SimpleRunner.run(SimpleRunner.java:311)
	at org.python.pydev.runners.SimpleRunner.run(SimpleRunner.java:277)
	at org.python.pydev.runners.SimpleRunner.runAndGetOutput(SimpleRunner.java:328)
	at org.python.pydev.runners.SimplePythonRunner.runAndGetOutputWithInterpreter(SimplePythonRunner.java:95)
	at org.python.pydev.ui.interpreters.PythonInterpreterManager.doCreateInterpreterInfo(PythonInterpreterManager.java:68)
	at org.python.pydev.ui.interpreters.PythonInterpreterManager.internalCreateInterpreterInfo(PythonInterpreterManager.java:44)
	at org.python.pydev.ui.interpreters.AbstractInterpreterManager.createInterpreterInfo(AbstractInterpreterManager.java:381)
	at org.python.pydev.editor.codecompletion.revisited.SynchSystemModulesManager$CreateInterpreterInfoCallback.createInterpreterInfo(SynchSystemModulesManager.java:173)
	at org.python.pydev.editor.codecompletion.revisited.SynchSystemModulesManager.updateStructures(SynchSystemModulesManager.java:252)
	at org.python.pydev.editor.codecompletion.revisited.SyncSystemModulesManagerScheduler$SynchJob.run(SyncSystemModulesManagerScheduler.java:238)
	at org.eclipse.core.internal.jobs.Worker.run(Worker.java:55)
Caused by: java.io.IOException: Cannot run program "C:\Users\AlexanderM\AppData\Local\Programs\Python\Python35-32\python.exe": CreateProcess error=2, The system cannot find the file specified
	at java.lang.ProcessBuilder.start(Unknown Source)
	at java.lang.Runtime.exec(Unknown Source)
	at org.python.pydev.shared_core.process.ProcessUtils.createProcess(ProcessUtils.java:103)
	at org.python.pydev.runners.SimpleRunner.createProcess(SimpleRunner.java:50)
	at org.python.pydev.runners.SimpleRunner.run(SimpleRunner.java:309)
	... 10 more
Caused by: java.io.IOException: CreateProcess error=2, The system cannot find the file specified
	at java.lang.ProcessImpl.create(Native Method)
	at java.lang.ProcessImpl.<init>(Unknown Source)
	at java.lang.ProcessImpl.start(Unknown Source)
	... 15 more
!SESSION 2018-09-26 11:05:38.525 -----------------------------------------------
eclipse.buildId=4.5.0.I20150603-2000
java.version=1.8.0_181
java.vendor=Oracle Corporation
BootLoader constants: OS=win32, ARCH=x86_64, WS=win32, NL=en_US
Framework arguments:  -product org.eclipse.epp.package.java.product
Command-line arguments:  -os win32 -ws win32 -arch x86_64 -product org.eclipse.epp.package.java.product

!ENTRY org.eclipse.egit.ui 2 0 2018-09-26 11:05:55.692
!MESSAGE Warning: The environment variable HOME is not set. The following directory will be used to store the Git
user global configuration and to define the default location to store repositories: 'C:\Users\524F475545'. If this is
not correct please set the HOME environment variable and restart Eclipse. Otherwise Git for Windows and
EGit might behave differently since they see different configuration options.
This warning can be switched off on the Team > Git > Confirmations and Warnings preference page.

!ENTRY org.python.pydev.shared_core 1 1 2018-09-26 11:05:57.885
!MESSAGE Unable to track file that does not exist: C:\Users\AlexanderM\AppData\Local\Programs\Python\Python35-32\DLLs
!STACK 0
java.lang.RuntimeException: Unable to track file that does not exist: C:\Users\AlexanderM\AppData\Local\Programs\Python\Python35-32\DLLs
	at org.python.pydev.shared_core.log.Log.logInfo(Log.java:52)
	at org.python.pydev.shared_core.path_watch.PathWatch.track(PathWatch.java:316)
	at org.python.pydev.editor.codecompletion.revisited.SyncSystemModulesManagerScheduler.afterSetInfos(SyncSystemModulesManagerScheduler.java:463)
	at org.python.pydev.editor.codecompletion.revisited.SyncSystemModulesManagerScheduler.afterSetInfos(SyncSystemModulesManagerScheduler.java:444)
	at org.python.pydev.editor.codecompletion.revisited.SyncSystemModulesManagerScheduler.registerInterpreterManager(SyncSystemModulesManagerScheduler.java:67)
	at org.python.pydev.editor.codecompletion.revisited.SyncSystemModulesManagerScheduler.start(SyncSystemModulesManagerScheduler.java:89)
	at org.python.pydev.plugin.PydevPlugin$1.run(PydevPlugin.java:209)
	at org.eclipse.core.internal.jobs.Worker.run(Worker.java:55)

!ENTRY org.python.pydev.shared_core 1 1 2018-09-26 11:05:57.899
!MESSAGE Unable to track file that does not exist: C:\Users\AlexanderM\AppData\Local\Programs\Python\Python35-32\lib
!STACK 0
java.lang.RuntimeException: Unable to track file that does not exist: C:\Users\AlexanderM\AppData\Local\Programs\Python\Python35-32\lib
	at org.python.pydev.shared_core.log.Log.logInfo(Log.java:52)
	at org.python.pydev.shared_core.path_watch.PathWatch.track(PathWatch.java:316)
	at org.python.pydev.editor.codecompletion.revisited.SyncSystemModulesManagerScheduler.afterSetInfos(SyncSystemModulesManagerScheduler.java:463)
	at org.python.pydev.editor.codecompletion.revisited.SyncSystemModulesManagerScheduler.afterSetInfos(SyncSystemModulesManagerScheduler.java:444)
	at org.python.pydev.editor.codecompletion.revisited.SyncSystemModulesManagerScheduler.registerInterpreterManager(SyncSystemModulesManagerScheduler.java:67)
	at org.python.pydev.editor.codecompletion.revisited.SyncSystemModulesManagerScheduler.start(SyncSystemModulesManagerScheduler.java:89)
	at org.python.pydev.plugin.PydevPlugin$1.run(PydevPlugin.java:209)
	at org.eclipse.core.internal.jobs.Worker.run(Worker.java:55)

!ENTRY org.python.pydev.shared_core 1 1 2018-09-26 11:05:57.904
!MESSAGE Unable to track file that does not exist: C:\Users\AlexanderM\AppData\Local\Programs\Python\Python35-32
!STACK 0
java.lang.RuntimeException: Unable to track file that does not exist: C:\Users\AlexanderM\AppData\Local\Programs\Python\Python35-32
	at org.python.pydev.shared_core.log.Log.logInfo(Log.java:52)
	at org.python.pydev.shared_core.path_watch.PathWatch.track(PathWatch.java:316)
	at org.python.pydev.editor.codecompletion.revisited.SyncSystemModulesManagerScheduler.afterSetInfos(SyncSystemModulesManagerScheduler.java:463)
	at org.python.pydev.editor.codecompletion.revisited.SyncSystemModulesManagerScheduler.afterSetInfos(SyncSystemModulesManagerScheduler.java:444)
	at org.python.pydev.editor.codecompletion.revisited.SyncSystemModulesManagerScheduler.registerInterpreterManager(SyncSystemModulesManagerScheduler.java:67)
	at org.python.pydev.editor.codecompletion.revisited.SyncSystemModulesManagerScheduler.start(SyncSystemModulesManagerScheduler.java:89)
	at org.python.pydev.plugin.PydevPlugin$1.run(PydevPlugin.java:209)
	at org.eclipse.core.internal.jobs.Worker.run(Worker.java:55)

!ENTRY org.python.pydev.shared_core 1 1 2018-09-26 11:05:57.910
!MESSAGE Unable to track file that does not exist: C:\Users\AlexanderM\AppData\Local\Programs\Python\Python35-32\lib\site-packages
!STACK 0
java.lang.RuntimeException: Unable to track file that does not exist: C:\Users\AlexanderM\AppData\Local\Programs\Python\Python35-32\lib\site-packages
	at org.python.pydev.shared_core.log.Log.logInfo(Log.java:52)
	at org.python.pydev.shared_core.path_watch.PathWatch.track(PathWatch.java:316)
	at org.python.pydev.editor.codecompletion.revisited.SyncSystemModulesManagerScheduler.afterSetInfos(SyncSystemModulesManagerScheduler.java:463)
	at org.python.pydev.editor.codecompletion.revisited.SyncSystemModulesManagerScheduler.afterSetInfos(SyncSystemModulesManagerScheduler.java:444)
	at org.python.pydev.editor.codecompletion.revisited.SyncSystemModulesManagerScheduler.registerInterpreterManager(SyncSystemModulesManagerScheduler.java:67)
	at org.python.pydev.editor.codecompletion.revisited.SyncSystemModulesManagerScheduler.start(SyncSystemModulesManagerScheduler.java:89)
	at org.python.pydev.plugin.PydevPlugin$1.run(PydevPlugin.java:209)
	at org.eclipse.core.internal.jobs.Worker.run(Worker.java:55)

!ENTRY org.python.pydev.shared_core 1 1 2018-09-26 11:05:57.912
!MESSAGE Unable to track file that does not exist: C:\Users\AlexanderM\AppData\Local\Programs\Python\Python35-32\lib\site-packages\win32
!STACK 0
java.lang.RuntimeException: Unable to track file that does not exist: C:\Users\AlexanderM\AppData\Local\Programs\Python\Python35-32\lib\site-packages\win32
	at org.python.pydev.shared_core.log.Log.logInfo(Log.java:52)
	at org.python.pydev.shared_core.path_watch.PathWatch.track(PathWatch.java:316)
	at org.python.pydev.editor.codecompletion.revisited.SyncSystemModulesManagerScheduler.afterSetInfos(SyncSystemModulesManagerScheduler.java:463)
	at org.python.pydev.editor.codecompletion.revisited.SyncSystemModulesManagerScheduler.afterSetInfos(SyncSystemModulesManagerScheduler.java:444)
	at org.python.pydev.editor.codecompletion.revisited.SyncSystemModulesManagerScheduler.registerInterpreterManager(SyncSystemModulesManagerScheduler.java:67)
	at org.python.pydev.editor.codecompletion.revisited.SyncSystemModulesManagerScheduler.start(SyncSystemModulesManagerScheduler.java:89)
	at org.python.pydev.plugin.PydevPlugin$1.run(PydevPlugin.java:209)
	at org.eclipse.core.internal.jobs.Worker.run(Worker.java:55)

!ENTRY org.python.pydev.shared_core 1 1 2018-09-26 11:05:57.914
!MESSAGE Unable to track file that does not exist: C:\Users\AlexanderM\AppData\Local\Programs\Python\Python35-32\lib\site-packages\win32\lib
!STACK 0
java.lang.RuntimeException: Unable to track file that does not exist: C:\Users\AlexanderM\AppData\Local\Programs\Python\Python35-32\lib\site-packages\win32\lib
	at org.python.pydev.shared_core.log.Log.logInfo(Log.java:52)
	at org.python.pydev.shared_core.path_watch.PathWatch.track(PathWatch.java:316)
	at org.python.pydev.editor.codecompletion.revisited.SyncSystemModulesManagerScheduler.afterSetInfos(SyncSystemModulesManagerScheduler.java:463)
	at org.python.pydev.editor.codecompletion.revisited.SyncSystemModulesManagerScheduler.afterSetInfos(SyncSystemModulesManagerScheduler.java:444)
	at org.python.pydev.editor.codecompletion.revisited.SyncSystemModulesManagerScheduler.registerInterpreterManager(SyncSystemModulesManagerScheduler.java:67)
	at org.python.pydev.editor.codecompletion.revisited.SyncSystemModulesManagerScheduler.start(SyncSystemModulesManagerScheduler.java:89)
	at org.python.pydev.plugin.PydevPlugin$1.run(PydevPlugin.java:209)
	at org.eclipse.core.internal.jobs.Worker.run(Worker.java:55)

!ENTRY org.python.pydev.shared_core 1 1 2018-09-26 11:05:57.915
!MESSAGE Unable to track file that does not exist: C:\Users\AlexanderM\AppData\Local\Programs\Python\Python35-32\lib\site-packages\Pythonwin
!STACK 0
java.lang.RuntimeException: Unable to track file that does not exist: C:\Users\AlexanderM\AppData\Local\Programs\Python\Python35-32\lib\site-packages\Pythonwin
	at org.python.pydev.shared_core.log.Log.logInfo(Log.java:52)
	at org.python.pydev.shared_core.path_watch.PathWatch.track(PathWatch.java:316)
	at org.python.pydev.editor.codecompletion.revisited.SyncSystemModulesManagerScheduler.afterSetInfos(SyncSystemModulesManagerScheduler.java:463)
	at org.python.pydev.editor.codecompletion.revisited.SyncSystemModulesManagerScheduler.afterSetInfos(SyncSystemModulesManagerScheduler.java:444)
	at org.python.pydev.editor.codecompletion.revisited.SyncSystemModulesManagerScheduler.registerInterpreterManager(SyncSystemModulesManagerScheduler.java:67)
	at org.python.pydev.editor.codecompletion.revisited.SyncSystemModulesManagerScheduler.start(SyncSystemModulesManagerScheduler.java:89)
	at org.python.pydev.plugin.PydevPlugin$1.run(PydevPlugin.java:209)
	at org.eclipse.core.internal.jobs.Worker.run(Worker.java:55)

!ENTRY org.python.pydev.shared_core 4 4 2018-09-26 11:06:28.598
!MESSAGE java.io.IOException: Cannot run program "C:\Users\AlexanderM\AppData\Local\Programs\Python\Python35-32\python.exe": CreateProcess error=2, The system cannot find the file specified
!STACK 0
java.lang.RuntimeException: java.io.IOException: Cannot run program "C:\Users\AlexanderM\AppData\Local\Programs\Python\Python35-32\python.exe": CreateProcess error=2, The system cannot find the file specified
	at org.python.pydev.runners.SimpleRunner.run(SimpleRunner.java:311)
	at org.python.pydev.runners.SimpleRunner.run(SimpleRunner.java:277)
	at org.python.pydev.runners.SimpleRunner.runAndGetOutput(SimpleRunner.java:328)
	at org.python.pydev.runners.SimplePythonRunner.runAndGetOutputWithInterpreter(SimplePythonRunner.java:95)
	at org.python.pydev.ui.interpreters.PythonInterpreterManager.doCreateInterpreterInfo(PythonInterpreterManager.java:68)
	at org.python.pydev.ui.interpreters.PythonInterpreterManager.internalCreateInterpreterInfo(PythonInterpreterManager.java:44)
	at org.python.pydev.ui.interpreters.AbstractInterpreterManager.createInterpreterInfo(AbstractInterpreterManager.java:381)
	at org.python.pydev.editor.codecompletion.revisited.SynchSystemModulesManager$CreateInterpreterInfoCallback.createInterpreterInfo(SynchSystemModulesManager.java:173)
	at org.python.pydev.editor.codecompletion.revisited.SynchSystemModulesManager.updateStructures(SynchSystemModulesManager.java:252)
	at org.python.pydev.editor.codecompletion.revisited.SyncSystemModulesManagerScheduler$SynchJob.run(SyncSystemModulesManagerScheduler.java:238)
	at org.eclipse.core.internal.jobs.Worker.run(Worker.java:55)
Caused by: java.io.IOException: Cannot run program "C:\Users\AlexanderM\AppData\Local\Programs\Python\Python35-32\python.exe": CreateProcess error=2, The system cannot find the file specified
	at java.lang.ProcessBuilder.start(Unknown Source)
	at java.lang.Runtime.exec(Unknown Source)
	at org.python.pydev.shared_core.process.ProcessUtils.createProcess(ProcessUtils.java:103)
	at org.python.pydev.runners.SimpleRunner.createProcess(SimpleRunner.java:50)
	at org.python.pydev.runners.SimpleRunner.run(SimpleRunner.java:309)
	... 10 more
Caused by: java.io.IOException: CreateProcess error=2, The system cannot find the file specified
	at java.lang.ProcessImpl.create(Native Method)
	at java.lang.ProcessImpl.<init>(Unknown Source)
	at java.lang.ProcessImpl.start(Unknown Source)
	... 15 more
!SESSION 2018-10-01 09:45:14.689 -----------------------------------------------
eclipse.buildId=4.5.0.I20150603-2000
java.version=1.8.0_181
java.vendor=Oracle Corporation
BootLoader constants: OS=win32, ARCH=x86_64, WS=win32, NL=en_US
Framework arguments:  -product org.eclipse.epp.package.java.product
Command-line arguments:  -os win32 -ws win32 -arch x86_64 -product org.eclipse.epp.package.java.product

!ENTRY org.eclipse.egit.ui 2 0 2018-10-01 09:45:27.657
!MESSAGE Warning: The environment variable HOME is not set. The following directory will be used to store the Git
user global configuration and to define the default location to store repositories: 'C:\Users\524F475545'. If this is
not correct please set the HOME environment variable and restart Eclipse. Otherwise Git for Windows and
EGit might behave differently since they see different configuration options.
This warning can be switched off on the Team > Git > Confirmations and Warnings preference page.

!ENTRY org.python.pydev.shared_core 1 1 2018-10-01 09:45:29.427
!MESSAGE Unable to track file that does not exist: C:\Users\AlexanderM\AppData\Local\Programs\Python\Python35-32\DLLs
!STACK 0
java.lang.RuntimeException: Unable to track file that does not exist: C:\Users\AlexanderM\AppData\Local\Programs\Python\Python35-32\DLLs
	at org.python.pydev.shared_core.log.Log.logInfo(Log.java:52)
	at org.python.pydev.shared_core.path_watch.PathWatch.track(PathWatch.java:316)
	at org.python.pydev.editor.codecompletion.revisited.SyncSystemModulesManagerScheduler.afterSetInfos(SyncSystemModulesManagerScheduler.java:463)
	at org.python.pydev.editor.codecompletion.revisited.SyncSystemModulesManagerScheduler.afterSetInfos(SyncSystemModulesManagerScheduler.java:444)
	at org.python.pydev.editor.codecompletion.revisited.SyncSystemModulesManagerScheduler.registerInterpreterManager(SyncSystemModulesManagerScheduler.java:67)
	at org.python.pydev.editor.codecompletion.revisited.SyncSystemModulesManagerScheduler.start(SyncSystemModulesManagerScheduler.java:89)
	at org.python.pydev.plugin.PydevPlugin$1.run(PydevPlugin.java:209)
	at org.eclipse.core.internal.jobs.Worker.run(Worker.java:55)

!ENTRY org.python.pydev.shared_core 1 1 2018-10-01 09:45:29.434
!MESSAGE Unable to track file that does not exist: C:\Users\AlexanderM\AppData\Local\Programs\Python\Python35-32\lib
!STACK 0
java.lang.RuntimeException: Unable to track file that does not exist: C:\Users\AlexanderM\AppData\Local\Programs\Python\Python35-32\lib
	at org.python.pydev.shared_core.log.Log.logInfo(Log.java:52)
	at org.python.pydev.shared_core.path_watch.PathWatch.track(PathWatch.java:316)
	at org.python.pydev.editor.codecompletion.revisited.SyncSystemModulesManagerScheduler.afterSetInfos(SyncSystemModulesManagerScheduler.java:463)
	at org.python.pydev.editor.codecompletion.revisited.SyncSystemModulesManagerScheduler.afterSetInfos(SyncSystemModulesManagerScheduler.java:444)
	at org.python.pydev.editor.codecompletion.revisited.SyncSystemModulesManagerScheduler.registerInterpreterManager(SyncSystemModulesManagerScheduler.java:67)
	at org.python.pydev.editor.codecompletion.revisited.SyncSystemModulesManagerScheduler.start(SyncSystemModulesManagerScheduler.java:89)
	at org.python.pydev.plugin.PydevPlugin$1.run(PydevPlugin.java:209)
	at org.eclipse.core.internal.jobs.Worker.run(Worker.java:55)

!ENTRY org.python.pydev.shared_core 1 1 2018-10-01 09:45:29.435
!MESSAGE Unable to track file that does not exist: C:\Users\AlexanderM\AppData\Local\Programs\Python\Python35-32
!STACK 0
java.lang.RuntimeException: Unable to track file that does not exist: C:\Users\AlexanderM\AppData\Local\Programs\Python\Python35-32
	at org.python.pydev.shared_core.log.Log.logInfo(Log.java:52)
	at org.python.pydev.shared_core.path_watch.PathWatch.track(PathWatch.java:316)
	at org.python.pydev.editor.codecompletion.revisited.SyncSystemModulesManagerScheduler.afterSetInfos(SyncSystemModulesManagerScheduler.java:463)
	at org.python.pydev.editor.codecompletion.revisited.SyncSystemModulesManagerScheduler.afterSetInfos(SyncSystemModulesManagerScheduler.java:444)
	at org.python.pydev.editor.codecompletion.revisited.SyncSystemModulesManagerScheduler.registerInterpreterManager(SyncSystemModulesManagerScheduler.java:67)
	at org.python.pydev.editor.codecompletion.revisited.SyncSystemModulesManagerScheduler.start(SyncSystemModulesManagerScheduler.java:89)
	at org.python.pydev.plugin.PydevPlugin$1.run(PydevPlugin.java:209)
	at org.eclipse.core.internal.jobs.Worker.run(Worker.java:55)

!ENTRY org.python.pydev.shared_core 1 1 2018-10-01 09:45:29.436
!MESSAGE Unable to track file that does not exist: C:\Users\AlexanderM\AppData\Local\Programs\Python\Python35-32\lib\site-packages
!STACK 0
java.lang.RuntimeException: Unable to track file that does not exist: C:\Users\AlexanderM\AppData\Local\Programs\Python\Python35-32\lib\site-packages
	at org.python.pydev.shared_core.log.Log.logInfo(Log.java:52)
	at org.python.pydev.shared_core.path_watch.PathWatch.track(PathWatch.java:316)
	at org.python.pydev.editor.codecompletion.revisited.SyncSystemModulesManagerScheduler.afterSetInfos(SyncSystemModulesManagerScheduler.java:463)
	at org.python.pydev.editor.codecompletion.revisited.SyncSystemModulesManagerScheduler.afterSetInfos(SyncSystemModulesManagerScheduler.java:444)
	at org.python.pydev.editor.codecompletion.revisited.SyncSystemModulesManagerScheduler.registerInterpreterManager(SyncSystemModulesManagerScheduler.java:67)
	at org.python.pydev.editor.codecompletion.revisited.SyncSystemModulesManagerScheduler.start(SyncSystemModulesManagerScheduler.java:89)
	at org.python.pydev.plugin.PydevPlugin$1.run(PydevPlugin.java:209)
	at org.eclipse.core.internal.jobs.Worker.run(Worker.java:55)

!ENTRY org.python.pydev.shared_core 1 1 2018-10-01 09:45:29.436
!MESSAGE Unable to track file that does not exist: C:\Users\AlexanderM\AppData\Local\Programs\Python\Python35-32\lib\site-packages\win32
!STACK 0
java.lang.RuntimeException: Unable to track file that does not exist: C:\Users\AlexanderM\AppData\Local\Programs\Python\Python35-32\lib\site-packages\win32
	at org.python.pydev.shared_core.log.Log.logInfo(Log.java:52)
	at org.python.pydev.shared_core.path_watch.PathWatch.track(PathWatch.java:316)
	at org.python.pydev.editor.codecompletion.revisited.SyncSystemModulesManagerScheduler.afterSetInfos(SyncSystemModulesManagerScheduler.java:463)
	at org.python.pydev.editor.codecompletion.revisited.SyncSystemModulesManagerScheduler.afterSetInfos(SyncSystemModulesManagerScheduler.java:444)
	at org.python.pydev.editor.codecompletion.revisited.SyncSystemModulesManagerScheduler.registerInterpreterManager(SyncSystemModulesManagerScheduler.java:67)
	at org.python.pydev.editor.codecompletion.revisited.SyncSystemModulesManagerScheduler.start(SyncSystemModulesManagerScheduler.java:89)
	at org.python.pydev.plugin.PydevPlugin$1.run(PydevPlugin.java:209)
	at org.eclipse.core.internal.jobs.Worker.run(Worker.java:55)

!ENTRY org.python.pydev.shared_core 1 1 2018-10-01 09:45:29.437
!MESSAGE Unable to track file that does not exist: C:\Users\AlexanderM\AppData\Local\Programs\Python\Python35-32\lib\site-packages\win32\lib
!STACK 0
java.lang.RuntimeException: Unable to track file that does not exist: C:\Users\AlexanderM\AppData\Local\Programs\Python\Python35-32\lib\site-packages\win32\lib
	at org.python.pydev.shared_core.log.Log.logInfo(Log.java:52)
	at org.python.pydev.shared_core.path_watch.PathWatch.track(PathWatch.java:316)
	at org.python.pydev.editor.codecompletion.revisited.SyncSystemModulesManagerScheduler.afterSetInfos(SyncSystemModulesManagerScheduler.java:463)
	at org.python.pydev.editor.codecompletion.revisited.SyncSystemModulesManagerScheduler.afterSetInfos(SyncSystemModulesManagerScheduler.java:444)
	at org.python.pydev.editor.codecompletion.revisited.SyncSystemModulesManagerScheduler.registerInterpreterManager(SyncSystemModulesManagerScheduler.java:67)
	at org.python.pydev.editor.codecompletion.revisited.SyncSystemModulesManagerScheduler.start(SyncSystemModulesManagerScheduler.java:89)
	at org.python.pydev.plugin.PydevPlugin$1.run(PydevPlugin.java:209)
	at org.eclipse.core.internal.jobs.Worker.run(Worker.java:55)

!ENTRY org.python.pydev.shared_core 1 1 2018-10-01 09:45:29.437
!MESSAGE Unable to track file that does not exist: C:\Users\AlexanderM\AppData\Local\Programs\Python\Python35-32\lib\site-packages\Pythonwin
!STACK 0
java.lang.RuntimeException: Unable to track file that does not exist: C:\Users\AlexanderM\AppData\Local\Programs\Python\Python35-32\lib\site-packages\Pythonwin
	at org.python.pydev.shared_core.log.Log.logInfo(Log.java:52)
	at org.python.pydev.shared_core.path_watch.PathWatch.track(PathWatch.java:316)
	at org.python.pydev.editor.codecompletion.revisited.SyncSystemModulesManagerScheduler.afterSetInfos(SyncSystemModulesManagerScheduler.java:463)
	at org.python.pydev.editor.codecompletion.revisited.SyncSystemModulesManagerScheduler.afterSetInfos(SyncSystemModulesManagerScheduler.java:444)
	at org.python.pydev.editor.codecompletion.revisited.SyncSystemModulesManagerScheduler.registerInterpreterManager(SyncSystemModulesManagerScheduler.java:67)
	at org.python.pydev.editor.codecompletion.revisited.SyncSystemModulesManagerScheduler.start(SyncSystemModulesManagerScheduler.java:89)
	at org.python.pydev.plugin.PydevPlugin$1.run(PydevPlugin.java:209)
	at org.eclipse.core.internal.jobs.Worker.run(Worker.java:55)

!ENTRY org.python.pydev.shared_core 4 4 2018-10-01 09:45:59.854
!MESSAGE java.io.IOException: Cannot run program "C:\Users\AlexanderM\AppData\Local\Programs\Python\Python35-32\python.exe": CreateProcess error=2, The system cannot find the file specified
!STACK 0
java.lang.RuntimeException: java.io.IOException: Cannot run program "C:\Users\AlexanderM\AppData\Local\Programs\Python\Python35-32\python.exe": CreateProcess error=2, The system cannot find the file specified
	at org.python.pydev.runners.SimpleRunner.run(SimpleRunner.java:311)
	at org.python.pydev.runners.SimpleRunner.run(SimpleRunner.java:277)
	at org.python.pydev.runners.SimpleRunner.runAndGetOutput(SimpleRunner.java:328)
	at org.python.pydev.runners.SimplePythonRunner.runAndGetOutputWithInterpreter(SimplePythonRunner.java:95)
	at org.python.pydev.ui.interpreters.PythonInterpreterManager.doCreateInterpreterInfo(PythonInterpreterManager.java:68)
	at org.python.pydev.ui.interpreters.PythonInterpreterManager.internalCreateInterpreterInfo(PythonInterpreterManager.java:44)
	at org.python.pydev.ui.interpreters.AbstractInterpreterManager.createInterpreterInfo(AbstractInterpreterManager.java:381)
	at org.python.pydev.editor.codecompletion.revisited.SynchSystemModulesManager$CreateInterpreterInfoCallback.createInterpreterInfo(SynchSystemModulesManager.java:173)
	at org.python.pydev.editor.codecompletion.revisited.SynchSystemModulesManager.updateStructures(SynchSystemModulesManager.java:252)
	at org.python.pydev.editor.codecompletion.revisited.SyncSystemModulesManagerScheduler$SynchJob.run(SyncSystemModulesManagerScheduler.java:238)
	at org.eclipse.core.internal.jobs.Worker.run(Worker.java:55)
Caused by: java.io.IOException: Cannot run program "C:\Users\AlexanderM\AppData\Local\Programs\Python\Python35-32\python.exe": CreateProcess error=2, The system cannot find the file specified
	at java.lang.ProcessBuilder.start(Unknown Source)
	at java.lang.Runtime.exec(Unknown Source)
	at org.python.pydev.shared_core.process.ProcessUtils.createProcess(ProcessUtils.java:103)
	at org.python.pydev.runners.SimpleRunner.createProcess(SimpleRunner.java:50)
	at org.python.pydev.runners.SimpleRunner.run(SimpleRunner.java:309)
	... 10 more
Caused by: java.io.IOException: CreateProcess error=2, The system cannot find the file specified
	at java.lang.ProcessImpl.create(Native Method)
	at java.lang.ProcessImpl.<init>(Unknown Source)
	at java.lang.ProcessImpl.start(Unknown Source)
	... 15 more
!SESSION 2018-10-03 10:27:39.164 -----------------------------------------------
eclipse.buildId=4.5.0.I20150603-2000
java.version=1.8.0_181
java.vendor=Oracle Corporation
BootLoader constants: OS=win32, ARCH=x86_64, WS=win32, NL=en_US
Framework arguments:  -product org.eclipse.epp.package.java.product
Command-line arguments:  -os win32 -ws win32 -arch x86_64 -product org.eclipse.epp.package.java.product

!ENTRY org.eclipse.egit.ui 2 0 2018-10-03 10:27:53.245
!MESSAGE Warning: The environment variable HOME is not set. The following directory will be used to store the Git
user global configuration and to define the default location to store repositories: 'C:\Users\524F475545'. If this is
not correct please set the HOME environment variable and restart Eclipse. Otherwise Git for Windows and
EGit might behave differently since they see different configuration options.
This warning can be switched off on the Team > Git > Confirmations and Warnings preference page.

!ENTRY org.python.pydev.shared_core 1 1 2018-10-03 10:27:54.984
!MESSAGE Unable to track file that does not exist: C:\Users\AlexanderM\AppData\Local\Programs\Python\Python35-32\DLLs
!STACK 0
java.lang.RuntimeException: Unable to track file that does not exist: C:\Users\AlexanderM\AppData\Local\Programs\Python\Python35-32\DLLs
	at org.python.pydev.shared_core.log.Log.logInfo(Log.java:52)
	at org.python.pydev.shared_core.path_watch.PathWatch.track(PathWatch.java:316)
	at org.python.pydev.editor.codecompletion.revisited.SyncSystemModulesManagerScheduler.afterSetInfos(SyncSystemModulesManagerScheduler.java:463)
	at org.python.pydev.editor.codecompletion.revisited.SyncSystemModulesManagerScheduler.afterSetInfos(SyncSystemModulesManagerScheduler.java:444)
	at org.python.pydev.editor.codecompletion.revisited.SyncSystemModulesManagerScheduler.registerInterpreterManager(SyncSystemModulesManagerScheduler.java:67)
	at org.python.pydev.editor.codecompletion.revisited.SyncSystemModulesManagerScheduler.start(SyncSystemModulesManagerScheduler.java:89)
	at org.python.pydev.plugin.PydevPlugin$1.run(PydevPlugin.java:209)
	at org.eclipse.core.internal.jobs.Worker.run(Worker.java:55)

!ENTRY org.python.pydev.shared_core 1 1 2018-10-03 10:27:54.989
!MESSAGE Unable to track file that does not exist: C:\Users\AlexanderM\AppData\Local\Programs\Python\Python35-32\lib
!STACK 0
java.lang.RuntimeException: Unable to track file that does not exist: C:\Users\AlexanderM\AppData\Local\Programs\Python\Python35-32\lib
	at org.python.pydev.shared_core.log.Log.logInfo(Log.java:52)
	at org.python.pydev.shared_core.path_watch.PathWatch.track(PathWatch.java:316)
	at org.python.pydev.editor.codecompletion.revisited.SyncSystemModulesManagerScheduler.afterSetInfos(SyncSystemModulesManagerScheduler.java:463)
	at org.python.pydev.editor.codecompletion.revisited.SyncSystemModulesManagerScheduler.afterSetInfos(SyncSystemModulesManagerScheduler.java:444)
	at org.python.pydev.editor.codecompletion.revisited.SyncSystemModulesManagerScheduler.registerInterpreterManager(SyncSystemModulesManagerScheduler.java:67)
	at org.python.pydev.editor.codecompletion.revisited.SyncSystemModulesManagerScheduler.start(SyncSystemModulesManagerScheduler.java:89)
	at org.python.pydev.plugin.PydevPlugin$1.run(PydevPlugin.java:209)
	at org.eclipse.core.internal.jobs.Worker.run(Worker.java:55)

!ENTRY org.python.pydev.shared_core 1 1 2018-10-03 10:27:54.990
!MESSAGE Unable to track file that does not exist: C:\Users\AlexanderM\AppData\Local\Programs\Python\Python35-32
!STACK 0
java.lang.RuntimeException: Unable to track file that does not exist: C:\Users\AlexanderM\AppData\Local\Programs\Python\Python35-32
	at org.python.pydev.shared_core.log.Log.logInfo(Log.java:52)
	at org.python.pydev.shared_core.path_watch.PathWatch.track(PathWatch.java:316)
	at org.python.pydev.editor.codecompletion.revisited.SyncSystemModulesManagerScheduler.afterSetInfos(SyncSystemModulesManagerScheduler.java:463)
	at org.python.pydev.editor.codecompletion.revisited.SyncSystemModulesManagerScheduler.afterSetInfos(SyncSystemModulesManagerScheduler.java:444)
	at org.python.pydev.editor.codecompletion.revisited.SyncSystemModulesManagerScheduler.registerInterpreterManager(SyncSystemModulesManagerScheduler.java:67)
	at org.python.pydev.editor.codecompletion.revisited.SyncSystemModulesManagerScheduler.start(SyncSystemModulesManagerScheduler.java:89)
	at org.python.pydev.plugin.PydevPlugin$1.run(PydevPlugin.java:209)
	at org.eclipse.core.internal.jobs.Worker.run(Worker.java:55)

!ENTRY org.python.pydev.shared_core 1 1 2018-10-03 10:27:54.990
!MESSAGE Unable to track file that does not exist: C:\Users\AlexanderM\AppData\Local\Programs\Python\Python35-32\lib\site-packages
!STACK 0
java.lang.RuntimeException: Unable to track file that does not exist: C:\Users\AlexanderM\AppData\Local\Programs\Python\Python35-32\lib\site-packages
	at org.python.pydev.shared_core.log.Log.logInfo(Log.java:52)
	at org.python.pydev.shared_core.path_watch.PathWatch.track(PathWatch.java:316)
	at org.python.pydev.editor.codecompletion.revisited.SyncSystemModulesManagerScheduler.afterSetInfos(SyncSystemModulesManagerScheduler.java:463)
	at org.python.pydev.editor.codecompletion.revisited.SyncSystemModulesManagerScheduler.afterSetInfos(SyncSystemModulesManagerScheduler.java:444)
	at org.python.pydev.editor.codecompletion.revisited.SyncSystemModulesManagerScheduler.registerInterpreterManager(SyncSystemModulesManagerScheduler.java:67)
	at org.python.pydev.editor.codecompletion.revisited.SyncSystemModulesManagerScheduler.start(SyncSystemModulesManagerScheduler.java:89)
	at org.python.pydev.plugin.PydevPlugin$1.run(PydevPlugin.java:209)
	at org.eclipse.core.internal.jobs.Worker.run(Worker.java:55)

!ENTRY org.python.pydev.shared_core 1 1 2018-10-03 10:27:54.990
!MESSAGE Unable to track file that does not exist: C:\Users\AlexanderM\AppData\Local\Programs\Python\Python35-32\lib\site-packages\win32
!STACK 0
java.lang.RuntimeException: Unable to track file that does not exist: C:\Users\AlexanderM\AppData\Local\Programs\Python\Python35-32\lib\site-packages\win32
	at org.python.pydev.shared_core.log.Log.logInfo(Log.java:52)
	at org.python.pydev.shared_core.path_watch.PathWatch.track(PathWatch.java:316)
	at org.python.pydev.editor.codecompletion.revisited.SyncSystemModulesManagerScheduler.afterSetInfos(SyncSystemModulesManagerScheduler.java:463)
	at org.python.pydev.editor.codecompletion.revisited.SyncSystemModulesManagerScheduler.afterSetInfos(SyncSystemModulesManagerScheduler.java:444)
	at org.python.pydev.editor.codecompletion.revisited.SyncSystemModulesManagerScheduler.registerInterpreterManager(SyncSystemModulesManagerScheduler.java:67)
	at org.python.pydev.editor.codecompletion.revisited.SyncSystemModulesManagerScheduler.start(SyncSystemModulesManagerScheduler.java:89)
	at org.python.pydev.plugin.PydevPlugin$1.run(PydevPlugin.java:209)
	at org.eclipse.core.internal.jobs.Worker.run(Worker.java:55)

!ENTRY org.python.pydev.shared_core 1 1 2018-10-03 10:27:54.991
!MESSAGE Unable to track file that does not exist: C:\Users\AlexanderM\AppData\Local\Programs\Python\Python35-32\lib\site-packages\win32\lib
!STACK 0
java.lang.RuntimeException: Unable to track file that does not exist: C:\Users\AlexanderM\AppData\Local\Programs\Python\Python35-32\lib\site-packages\win32\lib
	at org.python.pydev.shared_core.log.Log.logInfo(Log.java:52)
	at org.python.pydev.shared_core.path_watch.PathWatch.track(PathWatch.java:316)
	at org.python.pydev.editor.codecompletion.revisited.SyncSystemModulesManagerScheduler.afterSetInfos(SyncSystemModulesManagerScheduler.java:463)
	at org.python.pydev.editor.codecompletion.revisited.SyncSystemModulesManagerScheduler.afterSetInfos(SyncSystemModulesManagerScheduler.java:444)
	at org.python.pydev.editor.codecompletion.revisited.SyncSystemModulesManagerScheduler.registerInterpreterManager(SyncSystemModulesManagerScheduler.java:67)
	at org.python.pydev.editor.codecompletion.revisited.SyncSystemModulesManagerScheduler.start(SyncSystemModulesManagerScheduler.java:89)
	at org.python.pydev.plugin.PydevPlugin$1.run(PydevPlugin.java:209)
	at org.eclipse.core.internal.jobs.Worker.run(Worker.java:55)

!ENTRY org.python.pydev.shared_core 1 1 2018-10-03 10:27:54.992
!MESSAGE Unable to track file that does not exist: C:\Users\AlexanderM\AppData\Local\Programs\Python\Python35-32\lib\site-packages\Pythonwin
!STACK 0
java.lang.RuntimeException: Unable to track file that does not exist: C:\Users\AlexanderM\AppData\Local\Programs\Python\Python35-32\lib\site-packages\Pythonwin
	at org.python.pydev.shared_core.log.Log.logInfo(Log.java:52)
	at org.python.pydev.shared_core.path_watch.PathWatch.track(PathWatch.java:316)
	at org.python.pydev.editor.codecompletion.revisited.SyncSystemModulesManagerScheduler.afterSetInfos(SyncSystemModulesManagerScheduler.java:463)
	at org.python.pydev.editor.codecompletion.revisited.SyncSystemModulesManagerScheduler.afterSetInfos(SyncSystemModulesManagerScheduler.java:444)
	at org.python.pydev.editor.codecompletion.revisited.SyncSystemModulesManagerScheduler.registerInterpreterManager(SyncSystemModulesManagerScheduler.java:67)
	at org.python.pydev.editor.codecompletion.revisited.SyncSystemModulesManagerScheduler.start(SyncSystemModulesManagerScheduler.java:89)
	at org.python.pydev.plugin.PydevPlugin$1.run(PydevPlugin.java:209)
	at org.eclipse.core.internal.jobs.Worker.run(Worker.java:55)

!ENTRY org.python.pydev.shared_core 4 4 2018-10-03 10:28:25.411
!MESSAGE java.io.IOException: Cannot run program "C:\Users\AlexanderM\AppData\Local\Programs\Python\Python35-32\python.exe": CreateProcess error=2, The system cannot find the file specified
!STACK 0
java.lang.RuntimeException: java.io.IOException: Cannot run program "C:\Users\AlexanderM\AppData\Local\Programs\Python\Python35-32\python.exe": CreateProcess error=2, The system cannot find the file specified
	at org.python.pydev.runners.SimpleRunner.run(SimpleRunner.java:311)
	at org.python.pydev.runners.SimpleRunner.run(SimpleRunner.java:277)
	at org.python.pydev.runners.SimpleRunner.runAndGetOutput(SimpleRunner.java:328)
	at org.python.pydev.runners.SimplePythonRunner.runAndGetOutputWithInterpreter(SimplePythonRunner.java:95)
	at org.python.pydev.ui.interpreters.PythonInterpreterManager.doCreateInterpreterInfo(PythonInterpreterManager.java:68)
	at org.python.pydev.ui.interpreters.PythonInterpreterManager.internalCreateInterpreterInfo(PythonInterpreterManager.java:44)
	at org.python.pydev.ui.interpreters.AbstractInterpreterManager.createInterpreterInfo(AbstractInterpreterManager.java:381)
	at org.python.pydev.editor.codecompletion.revisited.SynchSystemModulesManager$CreateInterpreterInfoCallback.createInterpreterInfo(SynchSystemModulesManager.java:173)
	at org.python.pydev.editor.codecompletion.revisited.SynchSystemModulesManager.updateStructures(SynchSystemModulesManager.java:252)
	at org.python.pydev.editor.codecompletion.revisited.SyncSystemModulesManagerScheduler$SynchJob.run(SyncSystemModulesManagerScheduler.java:238)
	at org.eclipse.core.internal.jobs.Worker.run(Worker.java:55)
Caused by: java.io.IOException: Cannot run program "C:\Users\AlexanderM\AppData\Local\Programs\Python\Python35-32\python.exe": CreateProcess error=2, The system cannot find the file specified
	at java.lang.ProcessBuilder.start(Unknown Source)
	at java.lang.Runtime.exec(Unknown Source)
	at org.python.pydev.shared_core.process.ProcessUtils.createProcess(ProcessUtils.java:103)
	at org.python.pydev.runners.SimpleRunner.createProcess(SimpleRunner.java:50)
	at org.python.pydev.runners.SimpleRunner.run(SimpleRunner.java:309)
	... 10 more
Caused by: java.io.IOException: CreateProcess error=2, The system cannot find the file specified
	at java.lang.ProcessImpl.create(Native Method)
	at java.lang.ProcessImpl.<init>(Unknown Source)
	at java.lang.ProcessImpl.start(Unknown Source)
	... 15 more

!ENTRY org.eclipse.recommenders.rcp 4 5 2018-10-03 10:45:43.589
!MESSAGE Failed to resolve selection in =CS440_Ozil/src<Ozil{SQLManager.java at offset 999
!STACK 0
org.eclipse.recommenders.utils.Logs$LogTraceException
	at org.eclipse.recommenders.utils.Logs$LogTraceException.newTrace(Logs.java:381)
	at org.eclipse.recommenders.utils.Logs.log(Logs.java:134)
	at org.eclipse.recommenders.internal.rcp.JavaElementSelections.resolveJavaElementFromTypeRootInEditor(JavaElementSelections.java:164)
	at org.eclipse.recommenders.internal.rcp.JavaElementSelections.resolveJavaElementFromEditor(JavaElementSelections.java:119)
	at org.eclipse.recommenders.internal.rcp.JavaElementSelections.resolveJavaElementFromEditor(JavaElementSelections.java:102)
	at org.eclipse.recommenders.internal.rcp.JavaElementSelectionService.handleSelectionInEditor(JavaElementSelectionService.java:108)
	at org.eclipse.recommenders.internal.rcp.JavaElementSelectionService.access$1(JavaElementSelectionService.java:105)
	at org.eclipse.recommenders.internal.rcp.JavaElementSelectionService$1.run(JavaElementSelectionService.java:82)
	at java.util.concurrent.Executors$RunnableAdapter.call(Unknown Source)
	at java.util.concurrent.FutureTask.run(Unknown Source)
	at java.util.concurrent.ScheduledThreadPoolExecutor$ScheduledFutureTask.access$201(Unknown Source)
	at java.util.concurrent.ScheduledThreadPoolExecutor$ScheduledFutureTask.run(Unknown Source)
	at java.util.concurrent.ThreadPoolExecutor.runWorker(Unknown Source)
	at java.util.concurrent.ThreadPoolExecutor$Worker.run(Unknown Source)
	at java.lang.Thread.run(Unknown Source)
!SESSION 2018-10-08 10:31:12.099 -----------------------------------------------
eclipse.buildId=4.5.0.I20150603-2000
java.version=1.8.0_181
java.vendor=Oracle Corporation
BootLoader constants: OS=win32, ARCH=x86_64, WS=win32, NL=en_US
Framework arguments:  -product org.eclipse.epp.package.java.product
Command-line arguments:  -os win32 -ws win32 -arch x86_64 -product org.eclipse.epp.package.java.product

!ENTRY org.eclipse.egit.ui 2 0 2018-10-08 10:31:25.752
!MESSAGE Warning: The environment variable HOME is not set. The following directory will be used to store the Git
user global configuration and to define the default location to store repositories: 'C:\Users\524F475545'. If this is
not correct please set the HOME environment variable and restart Eclipse. Otherwise Git for Windows and
EGit might behave differently since they see different configuration options.
This warning can be switched off on the Team > Git > Confirmations and Warnings preference page.

!ENTRY org.python.pydev.shared_core 1 1 2018-10-08 10:31:27.471
!MESSAGE Unable to track file that does not exist: C:\Users\AlexanderM\AppData\Local\Programs\Python\Python35-32\DLLs
!STACK 0
java.lang.RuntimeException: Unable to track file that does not exist: C:\Users\AlexanderM\AppData\Local\Programs\Python\Python35-32\DLLs
	at org.python.pydev.shared_core.log.Log.logInfo(Log.java:52)
	at org.python.pydev.shared_core.path_watch.PathWatch.track(PathWatch.java:316)
	at org.python.pydev.editor.codecompletion.revisited.SyncSystemModulesManagerScheduler.afterSetInfos(SyncSystemModulesManagerScheduler.java:463)
	at org.python.pydev.editor.codecompletion.revisited.SyncSystemModulesManagerScheduler.afterSetInfos(SyncSystemModulesManagerScheduler.java:444)
	at org.python.pydev.editor.codecompletion.revisited.SyncSystemModulesManagerScheduler.registerInterpreterManager(SyncSystemModulesManagerScheduler.java:67)
	at org.python.pydev.editor.codecompletion.revisited.SyncSystemModulesManagerScheduler.start(SyncSystemModulesManagerScheduler.java:89)
	at org.python.pydev.plugin.PydevPlugin$1.run(PydevPlugin.java:209)
	at org.eclipse.core.internal.jobs.Worker.run(Worker.java:55)

!ENTRY org.python.pydev.shared_core 1 1 2018-10-08 10:31:27.486
!MESSAGE Unable to track file that does not exist: C:\Users\AlexanderM\AppData\Local\Programs\Python\Python35-32\lib
!STACK 0
java.lang.RuntimeException: Unable to track file that does not exist: C:\Users\AlexanderM\AppData\Local\Programs\Python\Python35-32\lib
	at org.python.pydev.shared_core.log.Log.logInfo(Log.java:52)
	at org.python.pydev.shared_core.path_watch.PathWatch.track(PathWatch.java:316)
	at org.python.pydev.editor.codecompletion.revisited.SyncSystemModulesManagerScheduler.afterSetInfos(SyncSystemModulesManagerScheduler.java:463)
	at org.python.pydev.editor.codecompletion.revisited.SyncSystemModulesManagerScheduler.afterSetInfos(SyncSystemModulesManagerScheduler.java:444)
	at org.python.pydev.editor.codecompletion.revisited.SyncSystemModulesManagerScheduler.registerInterpreterManager(SyncSystemModulesManagerScheduler.java:67)
	at org.python.pydev.editor.codecompletion.revisited.SyncSystemModulesManagerScheduler.start(SyncSystemModulesManagerScheduler.java:89)
	at org.python.pydev.plugin.PydevPlugin$1.run(PydevPlugin.java:209)
	at org.eclipse.core.internal.jobs.Worker.run(Worker.java:55)

!ENTRY org.python.pydev.shared_core 1 1 2018-10-08 10:31:27.487
!MESSAGE Unable to track file that does not exist: C:\Users\AlexanderM\AppData\Local\Programs\Python\Python35-32
!STACK 0
java.lang.RuntimeException: Unable to track file that does not exist: C:\Users\AlexanderM\AppData\Local\Programs\Python\Python35-32
	at org.python.pydev.shared_core.log.Log.logInfo(Log.java:52)
	at org.python.pydev.shared_core.path_watch.PathWatch.track(PathWatch.java:316)
	at org.python.pydev.editor.codecompletion.revisited.SyncSystemModulesManagerScheduler.afterSetInfos(SyncSystemModulesManagerScheduler.java:463)
	at org.python.pydev.editor.codecompletion.revisited.SyncSystemModulesManagerScheduler.afterSetInfos(SyncSystemModulesManagerScheduler.java:444)
	at org.python.pydev.editor.codecompletion.revisited.SyncSystemModulesManagerScheduler.registerInterpreterManager(SyncSystemModulesManagerScheduler.java:67)
	at org.python.pydev.editor.codecompletion.revisited.SyncSystemModulesManagerScheduler.start(SyncSystemModulesManagerScheduler.java:89)
	at org.python.pydev.plugin.PydevPlugin$1.run(PydevPlugin.java:209)
	at org.eclipse.core.internal.jobs.Worker.run(Worker.java:55)

!ENTRY org.python.pydev.shared_core 1 1 2018-10-08 10:31:27.487
!MESSAGE Unable to track file that does not exist: C:\Users\AlexanderM\AppData\Local\Programs\Python\Python35-32\lib\site-packages
!STACK 0
java.lang.RuntimeException: Unable to track file that does not exist: C:\Users\AlexanderM\AppData\Local\Programs\Python\Python35-32\lib\site-packages
	at org.python.pydev.shared_core.log.Log.logInfo(Log.java:52)
	at org.python.pydev.shared_core.path_watch.PathWatch.track(PathWatch.java:316)
	at org.python.pydev.editor.codecompletion.revisited.SyncSystemModulesManagerScheduler.afterSetInfos(SyncSystemModulesManagerScheduler.java:463)
	at org.python.pydev.editor.codecompletion.revisited.SyncSystemModulesManagerScheduler.afterSetInfos(SyncSystemModulesManagerScheduler.java:444)
	at org.python.pydev.editor.codecompletion.revisited.SyncSystemModulesManagerScheduler.registerInterpreterManager(SyncSystemModulesManagerScheduler.java:67)
	at org.python.pydev.editor.codecompletion.revisited.SyncSystemModulesManagerScheduler.start(SyncSystemModulesManagerScheduler.java:89)
	at org.python.pydev.plugin.PydevPlugin$1.run(PydevPlugin.java:209)
	at org.eclipse.core.internal.jobs.Worker.run(Worker.java:55)

!ENTRY org.python.pydev.shared_core 1 1 2018-10-08 10:31:27.488
!MESSAGE Unable to track file that does not exist: C:\Users\AlexanderM\AppData\Local\Programs\Python\Python35-32\lib\site-packages\win32
!STACK 0
java.lang.RuntimeException: Unable to track file that does not exist: C:\Users\AlexanderM\AppData\Local\Programs\Python\Python35-32\lib\site-packages\win32
	at org.python.pydev.shared_core.log.Log.logInfo(Log.java:52)
	at org.python.pydev.shared_core.path_watch.PathWatch.track(PathWatch.java:316)
	at org.python.pydev.editor.codecompletion.revisited.SyncSystemModulesManagerScheduler.afterSetInfos(SyncSystemModulesManagerScheduler.java:463)
	at org.python.pydev.editor.codecompletion.revisited.SyncSystemModulesManagerScheduler.afterSetInfos(SyncSystemModulesManagerScheduler.java:444)
	at org.python.pydev.editor.codecompletion.revisited.SyncSystemModulesManagerScheduler.registerInterpreterManager(SyncSystemModulesManagerScheduler.java:67)
	at org.python.pydev.editor.codecompletion.revisited.SyncSystemModulesManagerScheduler.start(SyncSystemModulesManagerScheduler.java:89)
	at org.python.pydev.plugin.PydevPlugin$1.run(PydevPlugin.java:209)
	at org.eclipse.core.internal.jobs.Worker.run(Worker.java:55)

!ENTRY org.python.pydev.shared_core 1 1 2018-10-08 10:31:27.489
!MESSAGE Unable to track file that does not exist: C:\Users\AlexanderM\AppData\Local\Programs\Python\Python35-32\lib\site-packages\win32\lib
!STACK 0
java.lang.RuntimeException: Unable to track file that does not exist: C:\Users\AlexanderM\AppData\Local\Programs\Python\Python35-32\lib\site-packages\win32\lib
	at org.python.pydev.shared_core.log.Log.logInfo(Log.java:52)
	at org.python.pydev.shared_core.path_watch.PathWatch.track(PathWatch.java:316)
	at org.python.pydev.editor.codecompletion.revisited.SyncSystemModulesManagerScheduler.afterSetInfos(SyncSystemModulesManagerScheduler.java:463)
	at org.python.pydev.editor.codecompletion.revisited.SyncSystemModulesManagerScheduler.afterSetInfos(SyncSystemModulesManagerScheduler.java:444)
	at org.python.pydev.editor.codecompletion.revisited.SyncSystemModulesManagerScheduler.registerInterpreterManager(SyncSystemModulesManagerScheduler.java:67)
	at org.python.pydev.editor.codecompletion.revisited.SyncSystemModulesManagerScheduler.start(SyncSystemModulesManagerScheduler.java:89)
	at org.python.pydev.plugin.PydevPlugin$1.run(PydevPlugin.java:209)
	at org.eclipse.core.internal.jobs.Worker.run(Worker.java:55)

!ENTRY org.python.pydev.shared_core 1 1 2018-10-08 10:31:27.490
!MESSAGE Unable to track file that does not exist: C:\Users\AlexanderM\AppData\Local\Programs\Python\Python35-32\lib\site-packages\Pythonwin
!STACK 0
java.lang.RuntimeException: Unable to track file that does not exist: C:\Users\AlexanderM\AppData\Local\Programs\Python\Python35-32\lib\site-packages\Pythonwin
	at org.python.pydev.shared_core.log.Log.logInfo(Log.java:52)
	at org.python.pydev.shared_core.path_watch.PathWatch.track(PathWatch.java:316)
	at org.python.pydev.editor.codecompletion.revisited.SyncSystemModulesManagerScheduler.afterSetInfos(SyncSystemModulesManagerScheduler.java:463)
	at org.python.pydev.editor.codecompletion.revisited.SyncSystemModulesManagerScheduler.afterSetInfos(SyncSystemModulesManagerScheduler.java:444)
	at org.python.pydev.editor.codecompletion.revisited.SyncSystemModulesManagerScheduler.registerInterpreterManager(SyncSystemModulesManagerScheduler.java:67)
	at org.python.pydev.editor.codecompletion.revisited.SyncSystemModulesManagerScheduler.start(SyncSystemModulesManagerScheduler.java:89)
	at org.python.pydev.plugin.PydevPlugin$1.run(PydevPlugin.java:209)
	at org.eclipse.core.internal.jobs.Worker.run(Worker.java:55)

!ENTRY org.python.pydev.shared_core 4 4 2018-10-08 10:31:57.968
!MESSAGE java.io.IOException: Cannot run program "C:\Users\AlexanderM\AppData\Local\Programs\Python\Python35-32\python.exe": CreateProcess error=2, The system cannot find the file specified
!STACK 0
java.lang.RuntimeException: java.io.IOException: Cannot run program "C:\Users\AlexanderM\AppData\Local\Programs\Python\Python35-32\python.exe": CreateProcess error=2, The system cannot find the file specified
	at org.python.pydev.runners.SimpleRunner.run(SimpleRunner.java:311)
	at org.python.pydev.runners.SimpleRunner.run(SimpleRunner.java:277)
	at org.python.pydev.runners.SimpleRunner.runAndGetOutput(SimpleRunner.java:328)
	at org.python.pydev.runners.SimplePythonRunner.runAndGetOutputWithInterpreter(SimplePythonRunner.java:95)
	at org.python.pydev.ui.interpreters.PythonInterpreterManager.doCreateInterpreterInfo(PythonInterpreterManager.java:68)
	at org.python.pydev.ui.interpreters.PythonInterpreterManager.internalCreateInterpreterInfo(PythonInterpreterManager.java:44)
	at org.python.pydev.ui.interpreters.AbstractInterpreterManager.createInterpreterInfo(AbstractInterpreterManager.java:381)
	at org.python.pydev.editor.codecompletion.revisited.SynchSystemModulesManager$CreateInterpreterInfoCallback.createInterpreterInfo(SynchSystemModulesManager.java:173)
	at org.python.pydev.editor.codecompletion.revisited.SynchSystemModulesManager.updateStructures(SynchSystemModulesManager.java:252)
	at org.python.pydev.editor.codecompletion.revisited.SyncSystemModulesManagerScheduler$SynchJob.run(SyncSystemModulesManagerScheduler.java:238)
	at org.eclipse.core.internal.jobs.Worker.run(Worker.java:55)
Caused by: java.io.IOException: Cannot run program "C:\Users\AlexanderM\AppData\Local\Programs\Python\Python35-32\python.exe": CreateProcess error=2, The system cannot find the file specified
	at java.lang.ProcessBuilder.start(Unknown Source)
	at java.lang.Runtime.exec(Unknown Source)
	at org.python.pydev.shared_core.process.ProcessUtils.createProcess(ProcessUtils.java:103)
	at org.python.pydev.runners.SimpleRunner.createProcess(SimpleRunner.java:50)
	at org.python.pydev.runners.SimpleRunner.run(SimpleRunner.java:309)
	... 10 more
Caused by: java.io.IOException: CreateProcess error=2, The system cannot find the file specified
	at java.lang.ProcessImpl.create(Native Method)
	at java.lang.ProcessImpl.<init>(Unknown Source)
	at java.lang.ProcessImpl.start(Unknown Source)
	... 15 more
!SESSION 2018-10-08 11:15:12.730 -----------------------------------------------
eclipse.buildId=4.5.0.I20150603-2000
java.version=1.8.0_181
java.vendor=Oracle Corporation
BootLoader constants: OS=win32, ARCH=x86_64, WS=win32, NL=en_US
Framework arguments:  -product org.eclipse.epp.package.java.product
Command-line arguments:  -os win32 -ws win32 -arch x86_64 -product org.eclipse.epp.package.java.product

!ENTRY org.eclipse.core.resources 2 10035 2018-10-08 11:15:16.578
!MESSAGE The workspace exited with unsaved changes in the previous session; refreshing workspace to recover changes.

!ENTRY org.eclipse.egit.ui 2 0 2018-10-08 11:15:26.713
!MESSAGE Warning: The environment variable HOME is not set. The following directory will be used to store the Git
user global configuration and to define the default location to store repositories: 'C:\Users\524F475545'. If this is
not correct please set the HOME environment variable and restart Eclipse. Otherwise Git for Windows and
EGit might behave differently since they see different configuration options.
This warning can be switched off on the Team > Git > Confirmations and Warnings preference page.

!ENTRY org.python.pydev.shared_core 1 1 2018-10-08 11:15:28.723
!MESSAGE Unable to track file that does not exist: C:\Users\AlexanderM\AppData\Local\Programs\Python\Python35-32\DLLs
!STACK 0
java.lang.RuntimeException: Unable to track file that does not exist: C:\Users\AlexanderM\AppData\Local\Programs\Python\Python35-32\DLLs
	at org.python.pydev.shared_core.log.Log.logInfo(Log.java:52)
	at org.python.pydev.shared_core.path_watch.PathWatch.track(PathWatch.java:316)
	at org.python.pydev.editor.codecompletion.revisited.SyncSystemModulesManagerScheduler.afterSetInfos(SyncSystemModulesManagerScheduler.java:463)
	at org.python.pydev.editor.codecompletion.revisited.SyncSystemModulesManagerScheduler.afterSetInfos(SyncSystemModulesManagerScheduler.java:444)
	at org.python.pydev.editor.codecompletion.revisited.SyncSystemModulesManagerScheduler.registerInterpreterManager(SyncSystemModulesManagerScheduler.java:67)
	at org.python.pydev.editor.codecompletion.revisited.SyncSystemModulesManagerScheduler.start(SyncSystemModulesManagerScheduler.java:89)
	at org.python.pydev.plugin.PydevPlugin$1.run(PydevPlugin.java:209)
	at org.eclipse.core.internal.jobs.Worker.run(Worker.java:55)

!ENTRY org.python.pydev.shared_core 1 1 2018-10-08 11:15:28.849
!MESSAGE Unable to track file that does not exist: C:\Users\AlexanderM\AppData\Local\Programs\Python\Python35-32\lib
!STACK 0
java.lang.RuntimeException: Unable to track file that does not exist: C:\Users\AlexanderM\AppData\Local\Programs\Python\Python35-32\lib
	at org.python.pydev.shared_core.log.Log.logInfo(Log.java:52)
	at org.python.pydev.shared_core.path_watch.PathWatch.track(PathWatch.java:316)
	at org.python.pydev.editor.codecompletion.revisited.SyncSystemModulesManagerScheduler.afterSetInfos(SyncSystemModulesManagerScheduler.java:463)
	at org.python.pydev.editor.codecompletion.revisited.SyncSystemModulesManagerScheduler.afterSetInfos(SyncSystemModulesManagerScheduler.java:444)
	at org.python.pydev.editor.codecompletion.revisited.SyncSystemModulesManagerScheduler.registerInterpreterManager(SyncSystemModulesManagerScheduler.java:67)
	at org.python.pydev.editor.codecompletion.revisited.SyncSystemModulesManagerScheduler.start(SyncSystemModulesManagerScheduler.java:89)
	at org.python.pydev.plugin.PydevPlugin$1.run(PydevPlugin.java:209)
	at org.eclipse.core.internal.jobs.Worker.run(Worker.java:55)

!ENTRY org.python.pydev.shared_core 1 1 2018-10-08 11:15:28.851
!MESSAGE Unable to track file that does not exist: C:\Users\AlexanderM\AppData\Local\Programs\Python\Python35-32
!STACK 0
java.lang.RuntimeException: Unable to track file that does not exist: C:\Users\AlexanderM\AppData\Local\Programs\Python\Python35-32
	at org.python.pydev.shared_core.log.Log.logInfo(Log.java:52)
	at org.python.pydev.shared_core.path_watch.PathWatch.track(PathWatch.java:316)
	at org.python.pydev.editor.codecompletion.revisited.SyncSystemModulesManagerScheduler.afterSetInfos(SyncSystemModulesManagerScheduler.java:463)
	at org.python.pydev.editor.codecompletion.revisited.SyncSystemModulesManagerScheduler.afterSetInfos(SyncSystemModulesManagerScheduler.java:444)
	at org.python.pydev.editor.codecompletion.revisited.SyncSystemModulesManagerScheduler.registerInterpreterManager(SyncSystemModulesManagerScheduler.java:67)
	at org.python.pydev.editor.codecompletion.revisited.SyncSystemModulesManagerScheduler.start(SyncSystemModulesManagerScheduler.java:89)
	at org.python.pydev.plugin.PydevPlugin$1.run(PydevPlugin.java:209)
	at org.eclipse.core.internal.jobs.Worker.run(Worker.java:55)

!ENTRY org.python.pydev.shared_core 1 1 2018-10-08 11:15:28.851
!MESSAGE Unable to track file that does not exist: C:\Users\AlexanderM\AppData\Local\Programs\Python\Python35-32\lib\site-packages
!STACK 0
java.lang.RuntimeException: Unable to track file that does not exist: C:\Users\AlexanderM\AppData\Local\Programs\Python\Python35-32\lib\site-packages
	at org.python.pydev.shared_core.log.Log.logInfo(Log.java:52)
	at org.python.pydev.shared_core.path_watch.PathWatch.track(PathWatch.java:316)
	at org.python.pydev.editor.codecompletion.revisited.SyncSystemModulesManagerScheduler.afterSetInfos(SyncSystemModulesManagerScheduler.java:463)
	at org.python.pydev.editor.codecompletion.revisited.SyncSystemModulesManagerScheduler.afterSetInfos(SyncSystemModulesManagerScheduler.java:444)
	at org.python.pydev.editor.codecompletion.revisited.SyncSystemModulesManagerScheduler.registerInterpreterManager(SyncSystemModulesManagerScheduler.java:67)
	at org.python.pydev.editor.codecompletion.revisited.SyncSystemModulesManagerScheduler.start(SyncSystemModulesManagerScheduler.java:89)
	at org.python.pydev.plugin.PydevPlugin$1.run(PydevPlugin.java:209)
	at org.eclipse.core.internal.jobs.Worker.run(Worker.java:55)

!ENTRY org.python.pydev.shared_core 1 1 2018-10-08 11:15:28.852
!MESSAGE Unable to track file that does not exist: C:\Users\AlexanderM\AppData\Local\Programs\Python\Python35-32\lib\site-packages\win32
!STACK 0
java.lang.RuntimeException: Unable to track file that does not exist: C:\Users\AlexanderM\AppData\Local\Programs\Python\Python35-32\lib\site-packages\win32
	at org.python.pydev.shared_core.log.Log.logInfo(Log.java:52)
	at org.python.pydev.shared_core.path_watch.PathWatch.track(PathWatch.java:316)
	at org.python.pydev.editor.codecompletion.revisited.SyncSystemModulesManagerScheduler.afterSetInfos(SyncSystemModulesManagerScheduler.java:463)
	at org.python.pydev.editor.codecompletion.revisited.SyncSystemModulesManagerScheduler.afterSetInfos(SyncSystemModulesManagerScheduler.java:444)
	at org.python.pydev.editor.codecompletion.revisited.SyncSystemModulesManagerScheduler.registerInterpreterManager(SyncSystemModulesManagerScheduler.java:67)
	at org.python.pydev.editor.codecompletion.revisited.SyncSystemModulesManagerScheduler.start(SyncSystemModulesManagerScheduler.java:89)
	at org.python.pydev.plugin.PydevPlugin$1.run(PydevPlugin.java:209)
	at org.eclipse.core.internal.jobs.Worker.run(Worker.java:55)

!ENTRY org.python.pydev.shared_core 1 1 2018-10-08 11:15:28.853
!MESSAGE Unable to track file that does not exist: C:\Users\AlexanderM\AppData\Local\Programs\Python\Python35-32\lib\site-packages\win32\lib
!STACK 0
java.lang.RuntimeException: Unable to track file that does not exist: C:\Users\AlexanderM\AppData\Local\Programs\Python\Python35-32\lib\site-packages\win32\lib
	at org.python.pydev.shared_core.log.Log.logInfo(Log.java:52)
	at org.python.pydev.shared_core.path_watch.PathWatch.track(PathWatch.java:316)
	at org.python.pydev.editor.codecompletion.revisited.SyncSystemModulesManagerScheduler.afterSetInfos(SyncSystemModulesManagerScheduler.java:463)
	at org.python.pydev.editor.codecompletion.revisited.SyncSystemModulesManagerScheduler.afterSetInfos(SyncSystemModulesManagerScheduler.java:444)
	at org.python.pydev.editor.codecompletion.revisited.SyncSystemModulesManagerScheduler.registerInterpreterManager(SyncSystemModulesManagerScheduler.java:67)
	at org.python.pydev.editor.codecompletion.revisited.SyncSystemModulesManagerScheduler.start(SyncSystemModulesManagerScheduler.java:89)
	at org.python.pydev.plugin.PydevPlugin$1.run(PydevPlugin.java:209)
	at org.eclipse.core.internal.jobs.Worker.run(Worker.java:55)

!ENTRY org.python.pydev.shared_core 1 1 2018-10-08 11:15:28.855
!MESSAGE Unable to track file that does not exist: C:\Users\AlexanderM\AppData\Local\Programs\Python\Python35-32\lib\site-packages\Pythonwin
!STACK 0
java.lang.RuntimeException: Unable to track file that does not exist: C:\Users\AlexanderM\AppData\Local\Programs\Python\Python35-32\lib\site-packages\Pythonwin
	at org.python.pydev.shared_core.log.Log.logInfo(Log.java:52)
	at org.python.pydev.shared_core.path_watch.PathWatch.track(PathWatch.java:316)
	at org.python.pydev.editor.codecompletion.revisited.SyncSystemModulesManagerScheduler.afterSetInfos(SyncSystemModulesManagerScheduler.java:463)
	at org.python.pydev.editor.codecompletion.revisited.SyncSystemModulesManagerScheduler.afterSetInfos(SyncSystemModulesManagerScheduler.java:444)
	at org.python.pydev.editor.codecompletion.revisited.SyncSystemModulesManagerScheduler.registerInterpreterManager(SyncSystemModulesManagerScheduler.java:67)
	at org.python.pydev.editor.codecompletion.revisited.SyncSystemModulesManagerScheduler.start(SyncSystemModulesManagerScheduler.java:89)
	at org.python.pydev.plugin.PydevPlugin$1.run(PydevPlugin.java:209)
	at org.eclipse.core.internal.jobs.Worker.run(Worker.java:55)

!ENTRY org.python.pydev.shared_core 4 4 2018-10-08 11:15:59.305
!MESSAGE java.io.IOException: Cannot run program "C:\Users\AlexanderM\AppData\Local\Programs\Python\Python35-32\python.exe": CreateProcess error=2, The system cannot find the file specified
!STACK 0
java.lang.RuntimeException: java.io.IOException: Cannot run program "C:\Users\AlexanderM\AppData\Local\Programs\Python\Python35-32\python.exe": CreateProcess error=2, The system cannot find the file specified
	at org.python.pydev.runners.SimpleRunner.run(SimpleRunner.java:311)
	at org.python.pydev.runners.SimpleRunner.run(SimpleRunner.java:277)
	at org.python.pydev.runners.SimpleRunner.runAndGetOutput(SimpleRunner.java:328)
	at org.python.pydev.runners.SimplePythonRunner.runAndGetOutputWithInterpreter(SimplePythonRunner.java:95)
	at org.python.pydev.ui.interpreters.PythonInterpreterManager.doCreateInterpreterInfo(PythonInterpreterManager.java:68)
	at org.python.pydev.ui.interpreters.PythonInterpreterManager.internalCreateInterpreterInfo(PythonInterpreterManager.java:44)
	at org.python.pydev.ui.interpreters.AbstractInterpreterManager.createInterpreterInfo(AbstractInterpreterManager.java:381)
	at org.python.pydev.editor.codecompletion.revisited.SynchSystemModulesManager$CreateInterpreterInfoCallback.createInterpreterInfo(SynchSystemModulesManager.java:173)
	at org.python.pydev.editor.codecompletion.revisited.SynchSystemModulesManager.updateStructures(SynchSystemModulesManager.java:252)
	at org.python.pydev.editor.codecompletion.revisited.SyncSystemModulesManagerScheduler$SynchJob.run(SyncSystemModulesManagerScheduler.java:238)
	at org.eclipse.core.internal.jobs.Worker.run(Worker.java:55)
Caused by: java.io.IOException: Cannot run program "C:\Users\AlexanderM\AppData\Local\Programs\Python\Python35-32\python.exe": CreateProcess error=2, The system cannot find the file specified
	at java.lang.ProcessBuilder.start(Unknown Source)
	at java.lang.Runtime.exec(Unknown Source)
	at org.python.pydev.shared_core.process.ProcessUtils.createProcess(ProcessUtils.java:103)
	at org.python.pydev.runners.SimpleRunner.createProcess(SimpleRunner.java:50)
	at org.python.pydev.runners.SimpleRunner.run(SimpleRunner.java:309)
	... 10 more
Caused by: java.io.IOException: CreateProcess error=2, The system cannot find the file specified
	at java.lang.ProcessImpl.create(Native Method)
	at java.lang.ProcessImpl.<init>(Unknown Source)
	at java.lang.ProcessImpl.start(Unknown Source)
	... 15 more
!SESSION 2018-10-08 11:21:55.272 -----------------------------------------------
eclipse.buildId=4.5.0.I20150603-2000
java.version=1.8.0_181
java.vendor=Oracle Corporation
BootLoader constants: OS=win32, ARCH=x86_64, WS=win32, NL=en_US
Framework arguments:  -product org.eclipse.epp.package.java.product -product org.eclipse.epp.package.java.product
Command-line arguments:  -os win32 -ws win32 -arch x86_64 -product org.eclipse.epp.package.java.product -data file:/C:/Users/524F475545/Documents/GoogleDocs_WORK/CS440/CS440_CODE/Code/ -product org.eclipse.epp.package.java.product

!ENTRY org.springframework.ide.eclipse.boot.dash 4 0 2018-10-08 11:22:00.246
!MESSAGE FrameworkEvent ERROR
!STACK 0
org.osgi.framework.BundleException: Could not resolve module: org.springframework.ide.eclipse.boot.dash [569]
  Bundle was not resolved because of a uses contraint violation.
  org.osgi.service.resolver.ResolutionException: Uses constraint violation. Unable to resolve resource org.springframework.ide.eclipse.boot.dash [osgi.identity; osgi.identity="org.springframework.ide.eclipse.boot.dash"; type="osgi.bundle"; version:Version="3.8.4.201703310634-RELEASE"; singleton:="true"] because it is exposed to package 'org.yaml.snakeyaml' from resources org.yaml.snakeyaml [osgi.identity; osgi.identity="org.yaml.snakeyaml"; type="osgi.bundle"; version:Version="1.14.0.v201505061500"] and org.python.pydev.shared_core [osgi.identity; osgi.identity="org.python.pydev.shared_core"; type="osgi.bundle"; version:Version="4.4.0.201510052309"; singleton:="true"] via two dependency chains.

Chain 1:
  org.springframework.ide.eclipse.boot.dash [osgi.identity; osgi.identity="org.springframework.ide.eclipse.boot.dash"; type="osgi.bundle"; version:Version="3.8.4.201703310634-RELEASE"; singleton:="true"]
    import: (osgi.wiring.package=org.yaml.snakeyaml)
     |
    export: osgi.wiring.package: org.yaml.snakeyaml
  org.yaml.snakeyaml [osgi.identity; osgi.identity="org.yaml.snakeyaml"; type="osgi.bundle"; version:Version="1.14.0.v201505061500"]

Chain 2:
  org.springframework.ide.eclipse.boot.dash [osgi.identity; osgi.identity="org.springframework.ide.eclipse.boot.dash"; type="osgi.bundle"; version:Version="3.8.4.201703310634-RELEASE"; singleton:="true"]
    require: (osgi.wiring.bundle=org.springframework.web)
     |
    provide: osgi.wiring.bundle; bundle-version:Version="4.3.0.20160611-RELEASE"; osgi.wiring.bundle="org.springframework.web"
  org.springframework.web [osgi.identity; osgi.identity="org.springframework.web"; type="osgi.bundle"; version:Version="4.3.0.20160611-RELEASE"]
    import: (&(osgi.wiring.package=org.springframework.context)(&(version>=4.3.0.20160611-RELEASE)(version<=4.3.0.20160611-RELEASE)))
     |
    export: osgi.wiring.package=org.springframework.context; uses:=org.springframework.beans.factory.config
  org.springframework.context [osgi.identity; osgi.identity="org.springframework.context"; type="osgi.bundle"; version:Version="4.3.0.20160611-RELEASE"]
    import: (&(osgi.wiring.package=org.springframework.beans.factory.config)(&(version>=4.3.0.20160611-RELEASE)(version<=4.3.0.20160611-RELEASE)))
     |
    export: osgi.wiring.package=org.springframework.beans.factory.config; uses:=org.yaml.snakeyaml
  org.springframework.beans [osgi.identity; osgi.identity="org.springframework.beans"; type="osgi.bundle"; version:Version="4.3.0.20160611-RELEASE"]
    import: (osgi.wiring.package=org.yaml.snakeyaml)
     |
    export: osgi.wiring.package: org.yaml.snakeyaml
  org.python.pydev.shared_core [osgi.identity; osgi.identity="org.python.pydev.shared_core"; type="osgi.bundle"; version:Version="4.4.0.201510052309"; singleton:="true"]
	at org.eclipse.osgi.container.Module.start(Module.java:434)
	at org.eclipse.osgi.container.ModuleContainer$ContainerStartLevel.incStartLevel(ModuleContainer.java:1582)
	at org.eclipse.osgi.container.ModuleContainer$ContainerStartLevel.incStartLevel(ModuleContainer.java:1561)
	at org.eclipse.osgi.container.ModuleContainer$ContainerStartLevel.doContainerStartLevel(ModuleContainer.java:1533)
	at org.eclipse.osgi.container.ModuleContainer$ContainerStartLevel.dispatchEvent(ModuleContainer.java:1476)
	at org.eclipse.osgi.container.ModuleContainer$ContainerStartLevel.dispatchEvent(ModuleContainer.java:1)
	at org.eclipse.osgi.framework.eventmgr.EventManager.dispatchEvent(EventManager.java:230)
	at org.eclipse.osgi.framework.eventmgr.EventManager$EventThread.run(EventManager.java:340)

!ENTRY org.eclipse.equinox.p2.publisher.eclipse 4 0 2018-10-08 11:22:03.246
!MESSAGE Unable to acquire PluginConverter service during generation for: C:\Program Files (x86)\Eclipse\dropins\features.

!ENTRY org.eclipse.equinox.p2.publisher.eclipse 4 0 2018-10-08 11:22:03.246
!MESSAGE Unable to acquire PluginConverter service during generation for: C:\Program Files (x86)\Eclipse\dropins\plugins.

!ENTRY org.eclipse.equinox.p2.core 4 0 2018-10-08 11:22:03.790
!MESSAGE Provisioning exception
!STACK 1
org.eclipse.equinox.p2.core.ProvisionException: No repository found at jar:file:/C:/Program%20Files%20(x86)/Eclipse/dropins/PyDev%204.4.0.zip!/.
	at org.eclipse.equinox.internal.p2.repository.helpers.AbstractRepositoryManager.fail(AbstractRepositoryManager.java:395)
	at org.eclipse.equinox.internal.p2.repository.helpers.AbstractRepositoryManager.loadRepository(AbstractRepositoryManager.java:692)
	at org.eclipse.equinox.internal.p2.metadata.repository.MetadataRepositoryManager.loadRepository(MetadataRepositoryManager.java:96)
	at org.eclipse.equinox.internal.p2.metadata.repository.MetadataRepositoryManager.loadRepository(MetadataRepositoryManager.java:92)
	at org.eclipse.equinox.internal.p2.reconciler.dropins.Activator.loadMetadataRepository(Activator.java:100)
	at org.eclipse.equinox.internal.p2.reconciler.dropins.DropinsRepositoryListener.getMetadataRepository(DropinsRepositoryListener.java:233)
	at org.eclipse.equinox.internal.p2.reconciler.dropins.DropinsRepositoryListener.addRepository(DropinsRepositoryListener.java:122)
	at org.eclipse.equinox.internal.p2.reconciler.dropins.DropinsRepositoryListener.added(DropinsRepositoryListener.java:96)
	at org.eclipse.equinox.internal.provisional.p2.directorywatcher.DirectoryWatcher.processFile(DirectoryWatcher.java:197)
	at org.eclipse.equinox.internal.provisional.p2.directorywatcher.DirectoryWatcher.scanDirectories(DirectoryWatcher.java:160)
	at org.eclipse.equinox.internal.provisional.p2.directorywatcher.DirectoryWatcher.poll(DirectoryWatcher.java:108)
	at org.eclipse.equinox.internal.p2.reconciler.dropins.Activator.watchDropins(Activator.java:543)
	at org.eclipse.equinox.internal.p2.reconciler.dropins.Activator.start(Activator.java:173)
	at org.eclipse.osgi.internal.framework.BundleContextImpl$3.run(BundleContextImpl.java:771)
	at org.eclipse.osgi.internal.framework.BundleContextImpl$3.run(BundleContextImpl.java:1)
	at java.security.AccessController.doPrivileged(Native Method)
	at org.eclipse.osgi.internal.framework.BundleContextImpl.startActivator(BundleContextImpl.java:764)
	at org.eclipse.osgi.internal.framework.BundleContextImpl.start(BundleContextImpl.java:721)
	at org.eclipse.osgi.internal.framework.EquinoxBundle.startWorker0(EquinoxBundle.java:941)
	at org.eclipse.osgi.internal.framework.EquinoxBundle$EquinoxModule.startWorker(EquinoxBundle.java:318)
	at org.eclipse.osgi.container.Module.doStart(Module.java:571)
	at org.eclipse.osgi.container.Module.start(Module.java:439)
	at org.eclipse.osgi.container.ModuleContainer$ContainerStartLevel.incStartLevel(ModuleContainer.java:1582)
	at org.eclipse.osgi.container.ModuleContainer$ContainerStartLevel.incStartLevel(ModuleContainer.java:1562)
	at org.eclipse.osgi.container.ModuleContainer$ContainerStartLevel.doContainerStartLevel(ModuleContainer.java:1533)
	at org.eclipse.osgi.container.ModuleContainer$ContainerStartLevel.dispatchEvent(ModuleContainer.java:1476)
	at org.eclipse.osgi.container.ModuleContainer$ContainerStartLevel.dispatchEvent(ModuleContainer.java:1)
	at org.eclipse.osgi.framework.eventmgr.EventManager.dispatchEvent(EventManager.java:230)
	at org.eclipse.osgi.framework.eventmgr.EventManager$EventThread.run(EventManager.java:340)
!SUBENTRY 1 org.eclipse.equinox.p2.metadata.repository 4 1000 2018-10-08 11:22:03.791
!MESSAGE No repository found at jar:file:/C:/Program%20Files%20(x86)/Eclipse/dropins/PyDev%204.4.0.zip!/.

!ENTRY org.eclipse.equinox.p2.core 4 0 2018-10-08 11:22:03.849
!MESSAGE Provisioning exception
!STACK 1
org.eclipse.equinox.p2.core.ProvisionException: No repository found at jar:file:/C:/Program%20Files%20(x86)/Eclipse/dropins/PyDev%204.4.0.zip!/.
	at org.eclipse.equinox.internal.p2.repository.helpers.AbstractRepositoryManager.fail(AbstractRepositoryManager.java:395)
	at org.eclipse.equinox.internal.p2.repository.helpers.AbstractRepositoryManager.loadRepository(AbstractRepositoryManager.java:692)
	at org.eclipse.equinox.internal.p2.artifact.repository.ArtifactRepositoryManager.loadRepository(ArtifactRepositoryManager.java:104)
	at org.eclipse.equinox.internal.p2.artifact.repository.ArtifactRepositoryManager.loadRepository(ArtifactRepositoryManager.java:100)
	at org.eclipse.equinox.internal.p2.reconciler.dropins.Activator.loadArtifactRepository(Activator.java:143)
	at org.eclipse.equinox.internal.p2.reconciler.dropins.DropinsRepositoryListener.getArtifactRepository(DropinsRepositoryListener.java:260)
	at org.eclipse.equinox.internal.p2.reconciler.dropins.DropinsRepositoryListener.addRepository(DropinsRepositoryListener.java:123)
	at org.eclipse.equinox.internal.p2.reconciler.dropins.DropinsRepositoryListener.added(DropinsRepositoryListener.java:96)
	at org.eclipse.equinox.internal.provisional.p2.directorywatcher.DirectoryWatcher.processFile(DirectoryWatcher.java:197)
	at org.eclipse.equinox.internal.provisional.p2.directorywatcher.DirectoryWatcher.scanDirectories(DirectoryWatcher.java:160)
	at org.eclipse.equinox.internal.provisional.p2.directorywatcher.DirectoryWatcher.poll(DirectoryWatcher.java:108)
	at org.eclipse.equinox.internal.p2.reconciler.dropins.Activator.watchDropins(Activator.java:543)
	at org.eclipse.equinox.internal.p2.reconciler.dropins.Activator.start(Activator.java:173)
	at org.eclipse.osgi.internal.framework.BundleContextImpl$3.run(BundleContextImpl.java:771)
	at org.eclipse.osgi.internal.framework.BundleContextImpl$3.run(BundleContextImpl.java:1)
	at java.security.AccessController.doPrivileged(Native Method)
	at org.eclipse.osgi.internal.framework.BundleContextImpl.startActivator(BundleContextImpl.java:764)
	at org.eclipse.osgi.internal.framework.BundleContextImpl.start(BundleContextImpl.java:721)
	at org.eclipse.osgi.internal.framework.EquinoxBundle.startWorker0(EquinoxBundle.java:941)
	at org.eclipse.osgi.internal.framework.EquinoxBundle$EquinoxModule.startWorker(EquinoxBundle.java:318)
	at org.eclipse.osgi.container.Module.doStart(Module.java:571)
	at org.eclipse.osgi.container.Module.start(Module.java:439)
	at org.eclipse.osgi.container.ModuleContainer$ContainerStartLevel.incStartLevel(ModuleContainer.java:1582)
	at org.eclipse.osgi.container.ModuleContainer$ContainerStartLevel.incStartLevel(ModuleContainer.java:1562)
	at org.eclipse.osgi.container.ModuleContainer$ContainerStartLevel.doContainerStartLevel(ModuleContainer.java:1533)
	at org.eclipse.osgi.container.ModuleContainer$ContainerStartLevel.dispatchEvent(ModuleContainer.java:1476)
	at org.eclipse.osgi.container.ModuleContainer$ContainerStartLevel.dispatchEvent(ModuleContainer.java:1)
	at org.eclipse.osgi.framework.eventmgr.EventManager.dispatchEvent(EventManager.java:230)
	at org.eclipse.osgi.framework.eventmgr.EventManager$EventThread.run(EventManager.java:340)
!SUBENTRY 1 org.eclipse.equinox.p2.artifact.repository 4 1000 2018-10-08 11:22:03.850
!MESSAGE No repository found at jar:file:/C:/Program%20Files%20(x86)/Eclipse/dropins/PyDev%204.4.0.zip!/.

!ENTRY org.eclipse.egit.ui 2 0 2018-10-08 11:22:15.466
!MESSAGE Warning: The environment variable HOME is not set. The following directory will be used to store the Git
user global configuration and to define the default location to store repositories: 'C:\Users\524F475545'. If this is
not correct please set the HOME environment variable and restart Eclipse. Otherwise Git for Windows and
EGit might behave differently since they see different configuration options.
This warning can be switched off on the Team > Git > Confirmations and Warnings preference page.

!ENTRY org.eclipse.wst.common.project.facet.core 4 0 2018-10-08 11:22:15.551
!MESSAGE Project facet jst.web has not been defined. It is used in plugin org.eclipse.jst.j2ee.

!ENTRY org.eclipse.wst.common.project.facet.core 4 0 2018-10-08 11:22:15.795
!MESSAGE Project facet jst.webfragment has not been defined. It is used in plugin org.eclipse.jst.j2ee.

!ENTRY org.python.pydev.shared_core 1 1 2018-10-08 11:22:16.243
!MESSAGE Unable to track file that does not exist: C:\Users\AlexanderM\AppData\Local\Programs\Python\Python35-32\DLLs
!STACK 0
java.lang.RuntimeException: Unable to track file that does not exist: C:\Users\AlexanderM\AppData\Local\Programs\Python\Python35-32\DLLs
	at org.python.pydev.shared_core.log.Log.logInfo(Log.java:52)
	at org.python.pydev.shared_core.path_watch.PathWatch.track(PathWatch.java:316)
	at org.python.pydev.editor.codecompletion.revisited.SyncSystemModulesManagerScheduler.afterSetInfos(SyncSystemModulesManagerScheduler.java:463)
	at org.python.pydev.editor.codecompletion.revisited.SyncSystemModulesManagerScheduler.afterSetInfos(SyncSystemModulesManagerScheduler.java:444)
	at org.python.pydev.editor.codecompletion.revisited.SyncSystemModulesManagerScheduler.registerInterpreterManager(SyncSystemModulesManagerScheduler.java:67)
	at org.python.pydev.editor.codecompletion.revisited.SyncSystemModulesManagerScheduler.start(SyncSystemModulesManagerScheduler.java:89)
	at org.python.pydev.plugin.PydevPlugin$1.run(PydevPlugin.java:209)
	at org.eclipse.core.internal.jobs.Worker.run(Worker.java:55)

!ENTRY org.python.pydev.shared_core 1 1 2018-10-08 11:22:16.247
!MESSAGE Unable to track file that does not exist: C:\Users\AlexanderM\AppData\Local\Programs\Python\Python35-32\lib
!STACK 0
java.lang.RuntimeException: Unable to track file that does not exist: C:\Users\AlexanderM\AppData\Local\Programs\Python\Python35-32\lib
	at org.python.pydev.shared_core.log.Log.logInfo(Log.java:52)
	at org.python.pydev.shared_core.path_watch.PathWatch.track(PathWatch.java:316)
	at org.python.pydev.editor.codecompletion.revisited.SyncSystemModulesManagerScheduler.afterSetInfos(SyncSystemModulesManagerScheduler.java:463)
	at org.python.pydev.editor.codecompletion.revisited.SyncSystemModulesManagerScheduler.afterSetInfos(SyncSystemModulesManagerScheduler.java:444)
	at org.python.pydev.editor.codecompletion.revisited.SyncSystemModulesManagerScheduler.registerInterpreterManager(SyncSystemModulesManagerScheduler.java:67)
	at org.python.pydev.editor.codecompletion.revisited.SyncSystemModulesManagerScheduler.start(SyncSystemModulesManagerScheduler.java:89)
	at org.python.pydev.plugin.PydevPlugin$1.run(PydevPlugin.java:209)
	at org.eclipse.core.internal.jobs.Worker.run(Worker.java:55)

!ENTRY org.python.pydev.shared_core 1 1 2018-10-08 11:22:16.248
!MESSAGE Unable to track file that does not exist: C:\Users\AlexanderM\AppData\Local\Programs\Python\Python35-32
!STACK 0
java.lang.RuntimeException: Unable to track file that does not exist: C:\Users\AlexanderM\AppData\Local\Programs\Python\Python35-32
	at org.python.pydev.shared_core.log.Log.logInfo(Log.java:52)
	at org.python.pydev.shared_core.path_watch.PathWatch.track(PathWatch.java:316)
	at org.python.pydev.editor.codecompletion.revisited.SyncSystemModulesManagerScheduler.afterSetInfos(SyncSystemModulesManagerScheduler.java:463)
	at org.python.pydev.editor.codecompletion.revisited.SyncSystemModulesManagerScheduler.afterSetInfos(SyncSystemModulesManagerScheduler.java:444)
	at org.python.pydev.editor.codecompletion.revisited.SyncSystemModulesManagerScheduler.registerInterpreterManager(SyncSystemModulesManagerScheduler.java:67)
	at org.python.pydev.editor.codecompletion.revisited.SyncSystemModulesManagerScheduler.start(SyncSystemModulesManagerScheduler.java:89)
	at org.python.pydev.plugin.PydevPlugin$1.run(PydevPlugin.java:209)
	at org.eclipse.core.internal.jobs.Worker.run(Worker.java:55)

!ENTRY org.python.pydev.shared_core 1 1 2018-10-08 11:22:16.249
!MESSAGE Unable to track file that does not exist: C:\Users\AlexanderM\AppData\Local\Programs\Python\Python35-32\lib\site-packages
!STACK 0
java.lang.RuntimeException: Unable to track file that does not exist: C:\Users\AlexanderM\AppData\Local\Programs\Python\Python35-32\lib\site-packages
	at org.python.pydev.shared_core.log.Log.logInfo(Log.java:52)
	at org.python.pydev.shared_core.path_watch.PathWatch.track(PathWatch.java:316)
	at org.python.pydev.editor.codecompletion.revisited.SyncSystemModulesManagerScheduler.afterSetInfos(SyncSystemModulesManagerScheduler.java:463)
	at org.python.pydev.editor.codecompletion.revisited.SyncSystemModulesManagerScheduler.afterSetInfos(SyncSystemModulesManagerScheduler.java:444)
	at org.python.pydev.editor.codecompletion.revisited.SyncSystemModulesManagerScheduler.registerInterpreterManager(SyncSystemModulesManagerScheduler.java:67)
	at org.python.pydev.editor.codecompletion.revisited.SyncSystemModulesManagerScheduler.start(SyncSystemModulesManagerScheduler.java:89)
	at org.python.pydev.plugin.PydevPlugin$1.run(PydevPlugin.java:209)
	at org.eclipse.core.internal.jobs.Worker.run(Worker.java:55)

!ENTRY org.python.pydev.shared_core 1 1 2018-10-08 11:22:16.249
!MESSAGE Unable to track file that does not exist: C:\Users\AlexanderM\AppData\Local\Programs\Python\Python35-32\lib\site-packages\win32
!STACK 0
java.lang.RuntimeException: Unable to track file that does not exist: C:\Users\AlexanderM\AppData\Local\Programs\Python\Python35-32\lib\site-packages\win32
	at org.python.pydev.shared_core.log.Log.logInfo(Log.java:52)
	at org.python.pydev.shared_core.path_watch.PathWatch.track(PathWatch.java:316)
	at org.python.pydev.editor.codecompletion.revisited.SyncSystemModulesManagerScheduler.afterSetInfos(SyncSystemModulesManagerScheduler.java:463)
	at org.python.pydev.editor.codecompletion.revisited.SyncSystemModulesManagerScheduler.afterSetInfos(SyncSystemModulesManagerScheduler.java:444)
	at org.python.pydev.editor.codecompletion.revisited.SyncSystemModulesManagerScheduler.registerInterpreterManager(SyncSystemModulesManagerScheduler.java:67)
	at org.python.pydev.editor.codecompletion.revisited.SyncSystemModulesManagerScheduler.start(SyncSystemModulesManagerScheduler.java:89)
	at org.python.pydev.plugin.PydevPlugin$1.run(PydevPlugin.java:209)
	at org.eclipse.core.internal.jobs.Worker.run(Worker.java:55)

!ENTRY org.python.pydev.shared_core 1 1 2018-10-08 11:22:16.250
!MESSAGE Unable to track file that does not exist: C:\Users\AlexanderM\AppData\Local\Programs\Python\Python35-32\lib\site-packages\win32\lib
!STACK 0
java.lang.RuntimeException: Unable to track file that does not exist: C:\Users\AlexanderM\AppData\Local\Programs\Python\Python35-32\lib\site-packages\win32\lib
	at org.python.pydev.shared_core.log.Log.logInfo(Log.java:52)
	at org.python.pydev.shared_core.path_watch.PathWatch.track(PathWatch.java:316)
	at org.python.pydev.editor.codecompletion.revisited.SyncSystemModulesManagerScheduler.afterSetInfos(SyncSystemModulesManagerScheduler.java:463)
	at org.python.pydev.editor.codecompletion.revisited.SyncSystemModulesManagerScheduler.afterSetInfos(SyncSystemModulesManagerScheduler.java:444)
	at org.python.pydev.editor.codecompletion.revisited.SyncSystemModulesManagerScheduler.registerInterpreterManager(SyncSystemModulesManagerScheduler.java:67)
	at org.python.pydev.editor.codecompletion.revisited.SyncSystemModulesManagerScheduler.start(SyncSystemModulesManagerScheduler.java:89)
	at org.python.pydev.plugin.PydevPlugin$1.run(PydevPlugin.java:209)
	at org.eclipse.core.internal.jobs.Worker.run(Worker.java:55)

!ENTRY org.python.pydev.shared_core 1 1 2018-10-08 11:22:16.251
!MESSAGE Unable to track file that does not exist: C:\Users\AlexanderM\AppData\Local\Programs\Python\Python35-32\lib\site-packages\Pythonwin
!STACK 0
java.lang.RuntimeException: Unable to track file that does not exist: C:\Users\AlexanderM\AppData\Local\Programs\Python\Python35-32\lib\site-packages\Pythonwin
	at org.python.pydev.shared_core.log.Log.logInfo(Log.java:52)
	at org.python.pydev.shared_core.path_watch.PathWatch.track(PathWatch.java:316)
	at org.python.pydev.editor.codecompletion.revisited.SyncSystemModulesManagerScheduler.afterSetInfos(SyncSystemModulesManagerScheduler.java:463)
	at org.python.pydev.editor.codecompletion.revisited.SyncSystemModulesManagerScheduler.afterSetInfos(SyncSystemModulesManagerScheduler.java:444)
	at org.python.pydev.editor.codecompletion.revisited.SyncSystemModulesManagerScheduler.registerInterpreterManager(SyncSystemModulesManagerScheduler.java:67)
	at org.python.pydev.editor.codecompletion.revisited.SyncSystemModulesManagerScheduler.start(SyncSystemModulesManagerScheduler.java:89)
	at org.python.pydev.plugin.PydevPlugin$1.run(PydevPlugin.java:209)
	at org.eclipse.core.internal.jobs.Worker.run(Worker.java:55)

!ENTRY org.python.pydev.shared_core 4 4 2018-10-08 11:22:46.687
!MESSAGE java.io.IOException: Cannot run program "C:\Users\AlexanderM\AppData\Local\Programs\Python\Python35-32\python.exe": CreateProcess error=2, The system cannot find the file specified
!STACK 0
java.lang.RuntimeException: java.io.IOException: Cannot run program "C:\Users\AlexanderM\AppData\Local\Programs\Python\Python35-32\python.exe": CreateProcess error=2, The system cannot find the file specified
	at org.python.pydev.runners.SimpleRunner.run(SimpleRunner.java:311)
	at org.python.pydev.runners.SimpleRunner.run(SimpleRunner.java:277)
	at org.python.pydev.runners.SimpleRunner.runAndGetOutput(SimpleRunner.java:328)
	at org.python.pydev.runners.SimplePythonRunner.runAndGetOutputWithInterpreter(SimplePythonRunner.java:95)
	at org.python.pydev.ui.interpreters.PythonInterpreterManager.doCreateInterpreterInfo(PythonInterpreterManager.java:68)
	at org.python.pydev.ui.interpreters.PythonInterpreterManager.internalCreateInterpreterInfo(PythonInterpreterManager.java:44)
	at org.python.pydev.ui.interpreters.AbstractInterpreterManager.createInterpreterInfo(AbstractInterpreterManager.java:381)
	at org.python.pydev.editor.codecompletion.revisited.SynchSystemModulesManager$CreateInterpreterInfoCallback.createInterpreterInfo(SynchSystemModulesManager.java:173)
	at org.python.pydev.editor.codecompletion.revisited.SynchSystemModulesManager.updateStructures(SynchSystemModulesManager.java:252)
	at org.python.pydev.editor.codecompletion.revisited.SyncSystemModulesManagerScheduler$SynchJob.run(SyncSystemModulesManagerScheduler.java:238)
	at org.eclipse.core.internal.jobs.Worker.run(Worker.java:55)
Caused by: java.io.IOException: Cannot run program "C:\Users\AlexanderM\AppData\Local\Programs\Python\Python35-32\python.exe": CreateProcess error=2, The system cannot find the file specified
	at java.lang.ProcessBuilder.start(Unknown Source)
	at java.lang.Runtime.exec(Unknown Source)
	at org.python.pydev.shared_core.process.ProcessUtils.createProcess(ProcessUtils.java:103)
	at org.python.pydev.runners.SimpleRunner.createProcess(SimpleRunner.java:50)
	at org.python.pydev.runners.SimpleRunner.run(SimpleRunner.java:309)
	... 10 more
Caused by: java.io.IOException: CreateProcess error=2, The system cannot find the file specified
	at java.lang.ProcessImpl.create(Native Method)
	at java.lang.ProcessImpl.<init>(Unknown Source)
	at java.lang.ProcessImpl.start(Unknown Source)
	... 15 more
!SESSION 2018-10-09 17:50:38.429 -----------------------------------------------
eclipse.buildId=4.5.0.I20150603-2000
java.version=1.8.0_181
java.vendor=Oracle Corporation
BootLoader constants: OS=win32, ARCH=x86_64, WS=win32, NL=en_US
Framework arguments:  -product org.eclipse.epp.package.java.product
Command-line arguments:  -os win32 -ws win32 -arch x86_64 -product org.eclipse.epp.package.java.product

!ENTRY org.springframework.ide.eclipse.boot.dash 4 0 2018-10-09 17:50:39.391
!MESSAGE FrameworkEvent ERROR
!STACK 0
org.osgi.framework.BundleException: Could not resolve module: org.springframework.ide.eclipse.boot.dash [569]
  Bundle was not resolved because of a uses contraint violation.
  org.osgi.service.resolver.ResolutionException: Uses constraint violation. Unable to resolve resource org.springframework.ide.eclipse.boot.dash [osgi.identity; osgi.identity="org.springframework.ide.eclipse.boot.dash"; type="osgi.bundle"; version:Version="3.8.4.201703310634-RELEASE"; singleton:="true"] because it is exposed to package 'org.yaml.snakeyaml' from resources org.yaml.snakeyaml [osgi.identity; osgi.identity="org.yaml.snakeyaml"; type="osgi.bundle"; version:Version="1.14.0.v201505061500"] and org.python.pydev.shared_core [osgi.identity; osgi.identity="org.python.pydev.shared_core"; type="osgi.bundle"; version:Version="4.4.0.201510052309"; singleton:="true"] via two dependency chains.

Chain 1:
  org.springframework.ide.eclipse.boot.dash [osgi.identity; osgi.identity="org.springframework.ide.eclipse.boot.dash"; type="osgi.bundle"; version:Version="3.8.4.201703310634-RELEASE"; singleton:="true"]
    import: (osgi.wiring.package=org.yaml.snakeyaml)
     |
    export: osgi.wiring.package: org.yaml.snakeyaml
  org.yaml.snakeyaml [osgi.identity; osgi.identity="org.yaml.snakeyaml"; type="osgi.bundle"; version:Version="1.14.0.v201505061500"]

Chain 2:
  org.springframework.ide.eclipse.boot.dash [osgi.identity; osgi.identity="org.springframework.ide.eclipse.boot.dash"; type="osgi.bundle"; version:Version="3.8.4.201703310634-RELEASE"; singleton:="true"]
    require: (osgi.wiring.bundle=org.springframework.web)
     |
    provide: osgi.wiring.bundle; bundle-version:Version="4.3.0.20160611-RELEASE"; osgi.wiring.bundle="org.springframework.web"
  org.springframework.web [osgi.identity; osgi.identity="org.springframework.web"; type="osgi.bundle"; version:Version="4.3.0.20160611-RELEASE"]
    import: (&(osgi.wiring.package=org.springframework.context)(&(version>=4.3.0.20160611-RELEASE)(version<=4.3.0.20160611-RELEASE)))
     |
    export: osgi.wiring.package=org.springframework.context; uses:=org.springframework.beans.factory.config
  org.springframework.context [osgi.identity; osgi.identity="org.springframework.context"; type="osgi.bundle"; version:Version="4.3.0.20160611-RELEASE"]
    import: (&(osgi.wiring.package=org.springframework.beans.factory.config)(&(version>=4.3.0.20160611-RELEASE)(version<=4.3.0.20160611-RELEASE)))
     |
    export: osgi.wiring.package=org.springframework.beans.factory.config; uses:=org.yaml.snakeyaml
  org.springframework.beans [osgi.identity; osgi.identity="org.springframework.beans"; type="osgi.bundle"; version:Version="4.3.0.20160611-RELEASE"]
    import: (osgi.wiring.package=org.yaml.snakeyaml)
     |
    export: osgi.wiring.package: org.yaml.snakeyaml
  org.python.pydev.shared_core [osgi.identity; osgi.identity="org.python.pydev.shared_core"; type="osgi.bundle"; version:Version="4.4.0.201510052309"; singleton:="true"]
	at org.eclipse.osgi.container.Module.start(Module.java:434)
	at org.eclipse.osgi.container.ModuleContainer$ContainerStartLevel.incStartLevel(ModuleContainer.java:1582)
	at org.eclipse.osgi.container.ModuleContainer$ContainerStartLevel.incStartLevel(ModuleContainer.java:1561)
	at org.eclipse.osgi.container.ModuleContainer$ContainerStartLevel.doContainerStartLevel(ModuleContainer.java:1533)
	at org.eclipse.osgi.container.ModuleContainer$ContainerStartLevel.dispatchEvent(ModuleContainer.java:1476)
	at org.eclipse.osgi.container.ModuleContainer$ContainerStartLevel.dispatchEvent(ModuleContainer.java:1)
	at org.eclipse.osgi.framework.eventmgr.EventManager.dispatchEvent(EventManager.java:230)
	at org.eclipse.osgi.framework.eventmgr.EventManager$EventThread.run(EventManager.java:340)

!ENTRY org.eclipse.egit.ui 2 0 2018-10-09 17:50:51.122
!MESSAGE Warning: The environment variable HOME is not set. The following directory will be used to store the Git
user global configuration and to define the default location to store repositories: 'C:\Users\524F475545'. If this is
not correct please set the HOME environment variable and restart Eclipse. Otherwise Git for Windows and
EGit might behave differently since they see different configuration options.
This warning can be switched off on the Team > Git > Confirmations and Warnings preference page.

!ENTRY org.eclipse.wst.common.project.facet.core 4 0 2018-10-09 17:50:51.584
!MESSAGE Project facet jst.web has not been defined. It is used in plugin org.eclipse.jst.j2ee.

!ENTRY org.eclipse.wst.common.project.facet.core 4 0 2018-10-09 17:50:51.660
!MESSAGE Project facet jst.webfragment has not been defined. It is used in plugin org.eclipse.jst.j2ee.

!ENTRY org.python.pydev.shared_core 1 1 2018-10-09 17:50:52.558
!MESSAGE Unable to track file that does not exist: C:\Users\AlexanderM\AppData\Local\Programs\Python\Python35-32\DLLs
!STACK 0
java.lang.RuntimeException: Unable to track file that does not exist: C:\Users\AlexanderM\AppData\Local\Programs\Python\Python35-32\DLLs
	at org.python.pydev.shared_core.log.Log.logInfo(Log.java:52)
	at org.python.pydev.shared_core.path_watch.PathWatch.track(PathWatch.java:316)
	at org.python.pydev.editor.codecompletion.revisited.SyncSystemModulesManagerScheduler.afterSetInfos(SyncSystemModulesManagerScheduler.java:463)
	at org.python.pydev.editor.codecompletion.revisited.SyncSystemModulesManagerScheduler.afterSetInfos(SyncSystemModulesManagerScheduler.java:444)
	at org.python.pydev.editor.codecompletion.revisited.SyncSystemModulesManagerScheduler.registerInterpreterManager(SyncSystemModulesManagerScheduler.java:67)
	at org.python.pydev.editor.codecompletion.revisited.SyncSystemModulesManagerScheduler.start(SyncSystemModulesManagerScheduler.java:89)
	at org.python.pydev.plugin.PydevPlugin$1.run(PydevPlugin.java:209)
	at org.eclipse.core.internal.jobs.Worker.run(Worker.java:55)

!ENTRY org.python.pydev.shared_core 1 1 2018-10-09 17:50:52.559
!MESSAGE Unable to track file that does not exist: C:\Users\AlexanderM\AppData\Local\Programs\Python\Python35-32\lib
!STACK 0
java.lang.RuntimeException: Unable to track file that does not exist: C:\Users\AlexanderM\AppData\Local\Programs\Python\Python35-32\lib
	at org.python.pydev.shared_core.log.Log.logInfo(Log.java:52)
	at org.python.pydev.shared_core.path_watch.PathWatch.track(PathWatch.java:316)
	at org.python.pydev.editor.codecompletion.revisited.SyncSystemModulesManagerScheduler.afterSetInfos(SyncSystemModulesManagerScheduler.java:463)
	at org.python.pydev.editor.codecompletion.revisited.SyncSystemModulesManagerScheduler.afterSetInfos(SyncSystemModulesManagerScheduler.java:444)
	at org.python.pydev.editor.codecompletion.revisited.SyncSystemModulesManagerScheduler.registerInterpreterManager(SyncSystemModulesManagerScheduler.java:67)
	at org.python.pydev.editor.codecompletion.revisited.SyncSystemModulesManagerScheduler.start(SyncSystemModulesManagerScheduler.java:89)
	at org.python.pydev.plugin.PydevPlugin$1.run(PydevPlugin.java:209)
	at org.eclipse.core.internal.jobs.Worker.run(Worker.java:55)

!ENTRY org.python.pydev.shared_core 1 1 2018-10-09 17:50:52.560
!MESSAGE Unable to track file that does not exist: C:\Users\AlexanderM\AppData\Local\Programs\Python\Python35-32
!STACK 0
java.lang.RuntimeException: Unable to track file that does not exist: C:\Users\AlexanderM\AppData\Local\Programs\Python\Python35-32
	at org.python.pydev.shared_core.log.Log.logInfo(Log.java:52)
	at org.python.pydev.shared_core.path_watch.PathWatch.track(PathWatch.java:316)
	at org.python.pydev.editor.codecompletion.revisited.SyncSystemModulesManagerScheduler.afterSetInfos(SyncSystemModulesManagerScheduler.java:463)
	at org.python.pydev.editor.codecompletion.revisited.SyncSystemModulesManagerScheduler.afterSetInfos(SyncSystemModulesManagerScheduler.java:444)
	at org.python.pydev.editor.codecompletion.revisited.SyncSystemModulesManagerScheduler.registerInterpreterManager(SyncSystemModulesManagerScheduler.java:67)
	at org.python.pydev.editor.codecompletion.revisited.SyncSystemModulesManagerScheduler.start(SyncSystemModulesManagerScheduler.java:89)
	at org.python.pydev.plugin.PydevPlugin$1.run(PydevPlugin.java:209)
	at org.eclipse.core.internal.jobs.Worker.run(Worker.java:55)

!ENTRY org.python.pydev.shared_core 1 1 2018-10-09 17:50:52.560
!MESSAGE Unable to track file that does not exist: C:\Users\AlexanderM\AppData\Local\Programs\Python\Python35-32\lib\site-packages
!STACK 0
java.lang.RuntimeException: Unable to track file that does not exist: C:\Users\AlexanderM\AppData\Local\Programs\Python\Python35-32\lib\site-packages
	at org.python.pydev.shared_core.log.Log.logInfo(Log.java:52)
	at org.python.pydev.shared_core.path_watch.PathWatch.track(PathWatch.java:316)
	at org.python.pydev.editor.codecompletion.revisited.SyncSystemModulesManagerScheduler.afterSetInfos(SyncSystemModulesManagerScheduler.java:463)
	at org.python.pydev.editor.codecompletion.revisited.SyncSystemModulesManagerScheduler.afterSetInfos(SyncSystemModulesManagerScheduler.java:444)
	at org.python.pydev.editor.codecompletion.revisited.SyncSystemModulesManagerScheduler.registerInterpreterManager(SyncSystemModulesManagerScheduler.java:67)
	at org.python.pydev.editor.codecompletion.revisited.SyncSystemModulesManagerScheduler.start(SyncSystemModulesManagerScheduler.java:89)
	at org.python.pydev.plugin.PydevPlugin$1.run(PydevPlugin.java:209)
	at org.eclipse.core.internal.jobs.Worker.run(Worker.java:55)

!ENTRY org.python.pydev.shared_core 1 1 2018-10-09 17:50:52.561
!MESSAGE Unable to track file that does not exist: C:\Users\AlexanderM\AppData\Local\Programs\Python\Python35-32\lib\site-packages\win32
!STACK 0
java.lang.RuntimeException: Unable to track file that does not exist: C:\Users\AlexanderM\AppData\Local\Programs\Python\Python35-32\lib\site-packages\win32
	at org.python.pydev.shared_core.log.Log.logInfo(Log.java:52)
	at org.python.pydev.shared_core.path_watch.PathWatch.track(PathWatch.java:316)
	at org.python.pydev.editor.codecompletion.revisited.SyncSystemModulesManagerScheduler.afterSetInfos(SyncSystemModulesManagerScheduler.java:463)
	at org.python.pydev.editor.codecompletion.revisited.SyncSystemModulesManagerScheduler.afterSetInfos(SyncSystemModulesManagerScheduler.java:444)
	at org.python.pydev.editor.codecompletion.revisited.SyncSystemModulesManagerScheduler.registerInterpreterManager(SyncSystemModulesManagerScheduler.java:67)
	at org.python.pydev.editor.codecompletion.revisited.SyncSystemModulesManagerScheduler.start(SyncSystemModulesManagerScheduler.java:89)
	at org.python.pydev.plugin.PydevPlugin$1.run(PydevPlugin.java:209)
	at org.eclipse.core.internal.jobs.Worker.run(Worker.java:55)

!ENTRY org.python.pydev.shared_core 1 1 2018-10-09 17:50:52.561
!MESSAGE Unable to track file that does not exist: C:\Users\AlexanderM\AppData\Local\Programs\Python\Python35-32\lib\site-packages\win32\lib
!STACK 0
java.lang.RuntimeException: Unable to track file that does not exist: C:\Users\AlexanderM\AppData\Local\Programs\Python\Python35-32\lib\site-packages\win32\lib
	at org.python.pydev.shared_core.log.Log.logInfo(Log.java:52)
	at org.python.pydev.shared_core.path_watch.PathWatch.track(PathWatch.java:316)
	at org.python.pydev.editor.codecompletion.revisited.SyncSystemModulesManagerScheduler.afterSetInfos(SyncSystemModulesManagerScheduler.java:463)
	at org.python.pydev.editor.codecompletion.revisited.SyncSystemModulesManagerScheduler.afterSetInfos(SyncSystemModulesManagerScheduler.java:444)
	at org.python.pydev.editor.codecompletion.revisited.SyncSystemModulesManagerScheduler.registerInterpreterManager(SyncSystemModulesManagerScheduler.java:67)
	at org.python.pydev.editor.codecompletion.revisited.SyncSystemModulesManagerScheduler.start(SyncSystemModulesManagerScheduler.java:89)
	at org.python.pydev.plugin.PydevPlugin$1.run(PydevPlugin.java:209)
	at org.eclipse.core.internal.jobs.Worker.run(Worker.java:55)

!ENTRY org.python.pydev.shared_core 1 1 2018-10-09 17:50:52.562
!MESSAGE Unable to track file that does not exist: C:\Users\AlexanderM\AppData\Local\Programs\Python\Python35-32\lib\site-packages\Pythonwin
!STACK 0
java.lang.RuntimeException: Unable to track file that does not exist: C:\Users\AlexanderM\AppData\Local\Programs\Python\Python35-32\lib\site-packages\Pythonwin
	at org.python.pydev.shared_core.log.Log.logInfo(Log.java:52)
	at org.python.pydev.shared_core.path_watch.PathWatch.track(PathWatch.java:316)
	at org.python.pydev.editor.codecompletion.revisited.SyncSystemModulesManagerScheduler.afterSetInfos(SyncSystemModulesManagerScheduler.java:463)
	at org.python.pydev.editor.codecompletion.revisited.SyncSystemModulesManagerScheduler.afterSetInfos(SyncSystemModulesManagerScheduler.java:444)
	at org.python.pydev.editor.codecompletion.revisited.SyncSystemModulesManagerScheduler.registerInterpreterManager(SyncSystemModulesManagerScheduler.java:67)
	at org.python.pydev.editor.codecompletion.revisited.SyncSystemModulesManagerScheduler.start(SyncSystemModulesManagerScheduler.java:89)
	at org.python.pydev.plugin.PydevPlugin$1.run(PydevPlugin.java:209)
	at org.eclipse.core.internal.jobs.Worker.run(Worker.java:55)

!ENTRY org.python.pydev.shared_core 4 4 2018-10-09 17:51:22.973
!MESSAGE java.io.IOException: Cannot run program "C:\Users\AlexanderM\AppData\Local\Programs\Python\Python35-32\python.exe": CreateProcess error=2, The system cannot find the file specified
!STACK 0
java.lang.RuntimeException: java.io.IOException: Cannot run program "C:\Users\AlexanderM\AppData\Local\Programs\Python\Python35-32\python.exe": CreateProcess error=2, The system cannot find the file specified
	at org.python.pydev.runners.SimpleRunner.run(SimpleRunner.java:311)
	at org.python.pydev.runners.SimpleRunner.run(SimpleRunner.java:277)
	at org.python.pydev.runners.SimpleRunner.runAndGetOutput(SimpleRunner.java:328)
	at org.python.pydev.runners.SimplePythonRunner.runAndGetOutputWithInterpreter(SimplePythonRunner.java:95)
	at org.python.pydev.ui.interpreters.PythonInterpreterManager.doCreateInterpreterInfo(PythonInterpreterManager.java:68)
	at org.python.pydev.ui.interpreters.PythonInterpreterManager.internalCreateInterpreterInfo(PythonInterpreterManager.java:44)
	at org.python.pydev.ui.interpreters.AbstractInterpreterManager.createInterpreterInfo(AbstractInterpreterManager.java:381)
	at org.python.pydev.editor.codecompletion.revisited.SynchSystemModulesManager$CreateInterpreterInfoCallback.createInterpreterInfo(SynchSystemModulesManager.java:173)
	at org.python.pydev.editor.codecompletion.revisited.SynchSystemModulesManager.updateStructures(SynchSystemModulesManager.java:252)
	at org.python.pydev.editor.codecompletion.revisited.SyncSystemModulesManagerScheduler$SynchJob.run(SyncSystemModulesManagerScheduler.java:238)
	at org.eclipse.core.internal.jobs.Worker.run(Worker.java:55)
Caused by: java.io.IOException: Cannot run program "C:\Users\AlexanderM\AppData\Local\Programs\Python\Python35-32\python.exe": CreateProcess error=2, The system cannot find the file specified
	at java.lang.ProcessBuilder.start(Unknown Source)
	at java.lang.Runtime.exec(Unknown Source)
	at org.python.pydev.shared_core.process.ProcessUtils.createProcess(ProcessUtils.java:103)
	at org.python.pydev.runners.SimpleRunner.createProcess(SimpleRunner.java:50)
	at org.python.pydev.runners.SimpleRunner.run(SimpleRunner.java:309)
	... 10 more
Caused by: java.io.IOException: CreateProcess error=2, The system cannot find the file specified
	at java.lang.ProcessImpl.create(Native Method)
	at java.lang.ProcessImpl.<init>(Unknown Source)
	at java.lang.ProcessImpl.start(Unknown Source)
	... 15 more
!SESSION 2018-10-09 17:54:01.799 -----------------------------------------------
eclipse.buildId=4.5.0.I20150603-2000
java.version=1.8.0_181
java.vendor=Oracle Corporation
BootLoader constants: OS=win32, ARCH=x86_64, WS=win32, NL=en_US
Framework arguments:  -product org.eclipse.epp.package.java.product
Command-line arguments:  -os win32 -ws win32 -arch x86_64 -product org.eclipse.epp.package.java.product

!ENTRY org.springframework.ide.eclipse.boot.dash 4 0 2018-10-09 17:54:02.744
!MESSAGE FrameworkEvent ERROR
!STACK 0
org.osgi.framework.BundleException: Could not resolve module: org.springframework.ide.eclipse.boot.dash [569]
  Bundle was not resolved because of a uses contraint violation.
  org.osgi.service.resolver.ResolutionException: Uses constraint violation. Unable to resolve resource org.springframework.ide.eclipse.boot.dash [osgi.identity; osgi.identity="org.springframework.ide.eclipse.boot.dash"; type="osgi.bundle"; version:Version="3.8.4.201703310634-RELEASE"; singleton:="true"] because it is exposed to package 'org.yaml.snakeyaml' from resources org.yaml.snakeyaml [osgi.identity; osgi.identity="org.yaml.snakeyaml"; type="osgi.bundle"; version:Version="1.14.0.v201505061500"] and org.python.pydev.shared_core [osgi.identity; osgi.identity="org.python.pydev.shared_core"; type="osgi.bundle"; version:Version="4.4.0.201510052309"; singleton:="true"] via two dependency chains.

Chain 1:
  org.springframework.ide.eclipse.boot.dash [osgi.identity; osgi.identity="org.springframework.ide.eclipse.boot.dash"; type="osgi.bundle"; version:Version="3.8.4.201703310634-RELEASE"; singleton:="true"]
    import: (osgi.wiring.package=org.yaml.snakeyaml)
     |
    export: osgi.wiring.package: org.yaml.snakeyaml
  org.yaml.snakeyaml [osgi.identity; osgi.identity="org.yaml.snakeyaml"; type="osgi.bundle"; version:Version="1.14.0.v201505061500"]

Chain 2:
  org.springframework.ide.eclipse.boot.dash [osgi.identity; osgi.identity="org.springframework.ide.eclipse.boot.dash"; type="osgi.bundle"; version:Version="3.8.4.201703310634-RELEASE"; singleton:="true"]
    require: (osgi.wiring.bundle=org.springframework.web)
     |
    provide: osgi.wiring.bundle; bundle-version:Version="4.3.0.20160611-RELEASE"; osgi.wiring.bundle="org.springframework.web"
  org.springframework.web [osgi.identity; osgi.identity="org.springframework.web"; type="osgi.bundle"; version:Version="4.3.0.20160611-RELEASE"]
    import: (&(osgi.wiring.package=org.springframework.context)(&(version>=4.3.0.20160611-RELEASE)(version<=4.3.0.20160611-RELEASE)))
     |
    export: osgi.wiring.package=org.springframework.context; uses:=org.springframework.beans.factory.config
  org.springframework.context [osgi.identity; osgi.identity="org.springframework.context"; type="osgi.bundle"; version:Version="4.3.0.20160611-RELEASE"]
    import: (&(osgi.wiring.package=org.springframework.beans.factory.config)(&(version>=4.3.0.20160611-RELEASE)(version<=4.3.0.20160611-RELEASE)))
     |
    export: osgi.wiring.package=org.springframework.beans.factory.config; uses:=org.yaml.snakeyaml
  org.springframework.beans [osgi.identity; osgi.identity="org.springframework.beans"; type="osgi.bundle"; version:Version="4.3.0.20160611-RELEASE"]
    import: (osgi.wiring.package=org.yaml.snakeyaml)
     |
    export: osgi.wiring.package: org.yaml.snakeyaml
  org.python.pydev.shared_core [osgi.identity; osgi.identity="org.python.pydev.shared_core"; type="osgi.bundle"; version:Version="4.4.0.201510052309"; singleton:="true"]
	at org.eclipse.osgi.container.Module.start(Module.java:434)
	at org.eclipse.osgi.container.ModuleContainer$ContainerStartLevel.incStartLevel(ModuleContainer.java:1582)
	at org.eclipse.osgi.container.ModuleContainer$ContainerStartLevel.incStartLevel(ModuleContainer.java:1561)
	at org.eclipse.osgi.container.ModuleContainer$ContainerStartLevel.doContainerStartLevel(ModuleContainer.java:1533)
	at org.eclipse.osgi.container.ModuleContainer$ContainerStartLevel.dispatchEvent(ModuleContainer.java:1476)
	at org.eclipse.osgi.container.ModuleContainer$ContainerStartLevel.dispatchEvent(ModuleContainer.java:1)
	at org.eclipse.osgi.framework.eventmgr.EventManager.dispatchEvent(EventManager.java:230)
	at org.eclipse.osgi.framework.eventmgr.EventManager$EventThread.run(EventManager.java:340)

!ENTRY org.eclipse.wst.common.project.facet.core 4 0 2018-10-09 17:54:21.326
!MESSAGE Project facet jst.web has not been defined. It is used in plugin org.eclipse.jst.j2ee.

!ENTRY org.eclipse.wst.common.project.facet.core 4 0 2018-10-09 17:54:21.370
!MESSAGE Project facet jst.webfragment has not been defined. It is used in plugin org.eclipse.jst.j2ee.

!ENTRY org.eclipse.egit.ui 2 0 2018-10-09 17:54:22.011
!MESSAGE Warning: The environment variable HOME is not set. The following directory will be used to store the Git
user global configuration and to define the default location to store repositories: 'C:\Users\524F475545'. If this is
not correct please set the HOME environment variable and restart Eclipse. Otherwise Git for Windows and
EGit might behave differently since they see different configuration options.
This warning can be switched off on the Team > Git > Confirmations and Warnings preference page.

!ENTRY org.python.pydev.shared_core 1 1 2018-10-09 17:54:22.872
!MESSAGE Unable to track file that does not exist: C:\Users\AlexanderM\AppData\Local\Programs\Python\Python35-32\DLLs
!STACK 0
java.lang.RuntimeException: Unable to track file that does not exist: C:\Users\AlexanderM\AppData\Local\Programs\Python\Python35-32\DLLs
	at org.python.pydev.shared_core.log.Log.logInfo(Log.java:52)
	at org.python.pydev.shared_core.path_watch.PathWatch.track(PathWatch.java:316)
	at org.python.pydev.editor.codecompletion.revisited.SyncSystemModulesManagerScheduler.afterSetInfos(SyncSystemModulesManagerScheduler.java:463)
	at org.python.pydev.editor.codecompletion.revisited.SyncSystemModulesManagerScheduler.afterSetInfos(SyncSystemModulesManagerScheduler.java:444)
	at org.python.pydev.editor.codecompletion.revisited.SyncSystemModulesManagerScheduler.registerInterpreterManager(SyncSystemModulesManagerScheduler.java:67)
	at org.python.pydev.editor.codecompletion.revisited.SyncSystemModulesManagerScheduler.start(SyncSystemModulesManagerScheduler.java:89)
	at org.python.pydev.plugin.PydevPlugin$1.run(PydevPlugin.java:209)
	at org.eclipse.core.internal.jobs.Worker.run(Worker.java:55)

!ENTRY org.python.pydev.shared_core 1 1 2018-10-09 17:54:22.874
!MESSAGE Unable to track file that does not exist: C:\Users\AlexanderM\AppData\Local\Programs\Python\Python35-32\lib
!STACK 0
java.lang.RuntimeException: Unable to track file that does not exist: C:\Users\AlexanderM\AppData\Local\Programs\Python\Python35-32\lib
	at org.python.pydev.shared_core.log.Log.logInfo(Log.java:52)
	at org.python.pydev.shared_core.path_watch.PathWatch.track(PathWatch.java:316)
	at org.python.pydev.editor.codecompletion.revisited.SyncSystemModulesManagerScheduler.afterSetInfos(SyncSystemModulesManagerScheduler.java:463)
	at org.python.pydev.editor.codecompletion.revisited.SyncSystemModulesManagerScheduler.afterSetInfos(SyncSystemModulesManagerScheduler.java:444)
	at org.python.pydev.editor.codecompletion.revisited.SyncSystemModulesManagerScheduler.registerInterpreterManager(SyncSystemModulesManagerScheduler.java:67)
	at org.python.pydev.editor.codecompletion.revisited.SyncSystemModulesManagerScheduler.start(SyncSystemModulesManagerScheduler.java:89)
	at org.python.pydev.plugin.PydevPlugin$1.run(PydevPlugin.java:209)
	at org.eclipse.core.internal.jobs.Worker.run(Worker.java:55)

!ENTRY org.python.pydev.shared_core 1 1 2018-10-09 17:54:22.875
!MESSAGE Unable to track file that does not exist: C:\Users\AlexanderM\AppData\Local\Programs\Python\Python35-32
!STACK 0
java.lang.RuntimeException: Unable to track file that does not exist: C:\Users\AlexanderM\AppData\Local\Programs\Python\Python35-32
	at org.python.pydev.shared_core.log.Log.logInfo(Log.java:52)
	at org.python.pydev.shared_core.path_watch.PathWatch.track(PathWatch.java:316)
	at org.python.pydev.editor.codecompletion.revisited.SyncSystemModulesManagerScheduler.afterSetInfos(SyncSystemModulesManagerScheduler.java:463)
	at org.python.pydev.editor.codecompletion.revisited.SyncSystemModulesManagerScheduler.afterSetInfos(SyncSystemModulesManagerScheduler.java:444)
	at org.python.pydev.editor.codecompletion.revisited.SyncSystemModulesManagerScheduler.registerInterpreterManager(SyncSystemModulesManagerScheduler.java:67)
	at org.python.pydev.editor.codecompletion.revisited.SyncSystemModulesManagerScheduler.start(SyncSystemModulesManagerScheduler.java:89)
	at org.python.pydev.plugin.PydevPlugin$1.run(PydevPlugin.java:209)
	at org.eclipse.core.internal.jobs.Worker.run(Worker.java:55)

!ENTRY org.python.pydev.shared_core 1 1 2018-10-09 17:54:22.875
!MESSAGE Unable to track file that does not exist: C:\Users\AlexanderM\AppData\Local\Programs\Python\Python35-32\lib\site-packages
!STACK 0
java.lang.RuntimeException: Unable to track file that does not exist: C:\Users\AlexanderM\AppData\Local\Programs\Python\Python35-32\lib\site-packages
	at org.python.pydev.shared_core.log.Log.logInfo(Log.java:52)
	at org.python.pydev.shared_core.path_watch.PathWatch.track(PathWatch.java:316)
	at org.python.pydev.editor.codecompletion.revisited.SyncSystemModulesManagerScheduler.afterSetInfos(SyncSystemModulesManagerScheduler.java:463)
	at org.python.pydev.editor.codecompletion.revisited.SyncSystemModulesManagerScheduler.afterSetInfos(SyncSystemModulesManagerScheduler.java:444)
	at org.python.pydev.editor.codecompletion.revisited.SyncSystemModulesManagerScheduler.registerInterpreterManager(SyncSystemModulesManagerScheduler.java:67)
	at org.python.pydev.editor.codecompletion.revisited.SyncSystemModulesManagerScheduler.start(SyncSystemModulesManagerScheduler.java:89)
	at org.python.pydev.plugin.PydevPlugin$1.run(PydevPlugin.java:209)
	at org.eclipse.core.internal.jobs.Worker.run(Worker.java:55)

!ENTRY org.python.pydev.shared_core 1 1 2018-10-09 17:54:22.876
!MESSAGE Unable to track file that does not exist: C:\Users\AlexanderM\AppData\Local\Programs\Python\Python35-32\lib\site-packages\win32
!STACK 0
java.lang.RuntimeException: Unable to track file that does not exist: C:\Users\AlexanderM\AppData\Local\Programs\Python\Python35-32\lib\site-packages\win32
	at org.python.pydev.shared_core.log.Log.logInfo(Log.java:52)
	at org.python.pydev.shared_core.path_watch.PathWatch.track(PathWatch.java:316)
	at org.python.pydev.editor.codecompletion.revisited.SyncSystemModulesManagerScheduler.afterSetInfos(SyncSystemModulesManagerScheduler.java:463)
	at org.python.pydev.editor.codecompletion.revisited.SyncSystemModulesManagerScheduler.afterSetInfos(SyncSystemModulesManagerScheduler.java:444)
	at org.python.pydev.editor.codecompletion.revisited.SyncSystemModulesManagerScheduler.registerInterpreterManager(SyncSystemModulesManagerScheduler.java:67)
	at org.python.pydev.editor.codecompletion.revisited.SyncSystemModulesManagerScheduler.start(SyncSystemModulesManagerScheduler.java:89)
	at org.python.pydev.plugin.PydevPlugin$1.run(PydevPlugin.java:209)
	at org.eclipse.core.internal.jobs.Worker.run(Worker.java:55)

!ENTRY org.python.pydev.shared_core 1 1 2018-10-09 17:54:22.876
!MESSAGE Unable to track file that does not exist: C:\Users\AlexanderM\AppData\Local\Programs\Python\Python35-32\lib\site-packages\win32\lib
!STACK 0
java.lang.RuntimeException: Unable to track file that does not exist: C:\Users\AlexanderM\AppData\Local\Programs\Python\Python35-32\lib\site-packages\win32\lib
	at org.python.pydev.shared_core.log.Log.logInfo(Log.java:52)
	at org.python.pydev.shared_core.path_watch.PathWatch.track(PathWatch.java:316)
	at org.python.pydev.editor.codecompletion.revisited.SyncSystemModulesManagerScheduler.afterSetInfos(SyncSystemModulesManagerScheduler.java:463)
	at org.python.pydev.editor.codecompletion.revisited.SyncSystemModulesManagerScheduler.afterSetInfos(SyncSystemModulesManagerScheduler.java:444)
	at org.python.pydev.editor.codecompletion.revisited.SyncSystemModulesManagerScheduler.registerInterpreterManager(SyncSystemModulesManagerScheduler.java:67)
	at org.python.pydev.editor.codecompletion.revisited.SyncSystemModulesManagerScheduler.start(SyncSystemModulesManagerScheduler.java:89)
	at org.python.pydev.plugin.PydevPlugin$1.run(PydevPlugin.java:209)
	at org.eclipse.core.internal.jobs.Worker.run(Worker.java:55)

!ENTRY org.python.pydev.shared_core 1 1 2018-10-09 17:54:22.885
!MESSAGE Unable to track file that does not exist: C:\Users\AlexanderM\AppData\Local\Programs\Python\Python35-32\lib\site-packages\Pythonwin
!STACK 0
java.lang.RuntimeException: Unable to track file that does not exist: C:\Users\AlexanderM\AppData\Local\Programs\Python\Python35-32\lib\site-packages\Pythonwin
	at org.python.pydev.shared_core.log.Log.logInfo(Log.java:52)
	at org.python.pydev.shared_core.path_watch.PathWatch.track(PathWatch.java:316)
	at org.python.pydev.editor.codecompletion.revisited.SyncSystemModulesManagerScheduler.afterSetInfos(SyncSystemModulesManagerScheduler.java:463)
	at org.python.pydev.editor.codecompletion.revisited.SyncSystemModulesManagerScheduler.afterSetInfos(SyncSystemModulesManagerScheduler.java:444)
	at org.python.pydev.editor.codecompletion.revisited.SyncSystemModulesManagerScheduler.registerInterpreterManager(SyncSystemModulesManagerScheduler.java:67)
	at org.python.pydev.editor.codecompletion.revisited.SyncSystemModulesManagerScheduler.start(SyncSystemModulesManagerScheduler.java:89)
	at org.python.pydev.plugin.PydevPlugin$1.run(PydevPlugin.java:209)
	at org.eclipse.core.internal.jobs.Worker.run(Worker.java:55)

!ENTRY org.python.pydev.shared_core 4 4 2018-10-09 17:54:53.274
!MESSAGE java.io.IOException: Cannot run program "C:\Users\AlexanderM\AppData\Local\Programs\Python\Python35-32\python.exe": CreateProcess error=2, The system cannot find the file specified
!STACK 0
java.lang.RuntimeException: java.io.IOException: Cannot run program "C:\Users\AlexanderM\AppData\Local\Programs\Python\Python35-32\python.exe": CreateProcess error=2, The system cannot find the file specified
	at org.python.pydev.runners.SimpleRunner.run(SimpleRunner.java:311)
	at org.python.pydev.runners.SimpleRunner.run(SimpleRunner.java:277)
	at org.python.pydev.runners.SimpleRunner.runAndGetOutput(SimpleRunner.java:328)
	at org.python.pydev.runners.SimplePythonRunner.runAndGetOutputWithInterpreter(SimplePythonRunner.java:95)
	at org.python.pydev.ui.interpreters.PythonInterpreterManager.doCreateInterpreterInfo(PythonInterpreterManager.java:68)
	at org.python.pydev.ui.interpreters.PythonInterpreterManager.internalCreateInterpreterInfo(PythonInterpreterManager.java:44)
	at org.python.pydev.ui.interpreters.AbstractInterpreterManager.createInterpreterInfo(AbstractInterpreterManager.java:381)
	at org.python.pydev.editor.codecompletion.revisited.SynchSystemModulesManager$CreateInterpreterInfoCallback.createInterpreterInfo(SynchSystemModulesManager.java:173)
	at org.python.pydev.editor.codecompletion.revisited.SynchSystemModulesManager.updateStructures(SynchSystemModulesManager.java:252)
	at org.python.pydev.editor.codecompletion.revisited.SyncSystemModulesManagerScheduler$SynchJob.run(SyncSystemModulesManagerScheduler.java:238)
	at org.eclipse.core.internal.jobs.Worker.run(Worker.java:55)
Caused by: java.io.IOException: Cannot run program "C:\Users\AlexanderM\AppData\Local\Programs\Python\Python35-32\python.exe": CreateProcess error=2, The system cannot find the file specified
	at java.lang.ProcessBuilder.start(Unknown Source)
	at java.lang.Runtime.exec(Unknown Source)
	at org.python.pydev.shared_core.process.ProcessUtils.createProcess(ProcessUtils.java:103)
	at org.python.pydev.runners.SimpleRunner.createProcess(SimpleRunner.java:50)
	at org.python.pydev.runners.SimpleRunner.run(SimpleRunner.java:309)
	... 10 more
Caused by: java.io.IOException: CreateProcess error=2, The system cannot find the file specified
	at java.lang.ProcessImpl.create(Native Method)
	at java.lang.ProcessImpl.<init>(Unknown Source)
	at java.lang.ProcessImpl.start(Unknown Source)
	... 15 more
!SESSION 2018-10-09 17:55:41.842 -----------------------------------------------
eclipse.buildId=4.5.0.I20150603-2000
java.version=1.8.0_181
java.vendor=Oracle Corporation
BootLoader constants: OS=win32, ARCH=x86_64, WS=win32, NL=en_US
Framework arguments:  -product org.eclipse.epp.package.java.product
Command-line arguments:  -os win32 -ws win32 -arch x86_64 -product org.eclipse.epp.package.java.product

!ENTRY org.springframework.ide.eclipse.boot.dash 4 0 2018-10-09 17:55:42.820
!MESSAGE FrameworkEvent ERROR
!STACK 0
org.osgi.framework.BundleException: Could not resolve module: org.springframework.ide.eclipse.boot.dash [569]
  Bundle was not resolved because of a uses contraint violation.
  org.osgi.service.resolver.ResolutionException: Uses constraint violation. Unable to resolve resource org.springframework.ide.eclipse.boot.dash [osgi.identity; osgi.identity="org.springframework.ide.eclipse.boot.dash"; type="osgi.bundle"; version:Version="3.8.4.201703310634-RELEASE"; singleton:="true"] because it is exposed to package 'org.yaml.snakeyaml' from resources org.yaml.snakeyaml [osgi.identity; osgi.identity="org.yaml.snakeyaml"; type="osgi.bundle"; version:Version="1.14.0.v201505061500"] and org.python.pydev.shared_core [osgi.identity; osgi.identity="org.python.pydev.shared_core"; type="osgi.bundle"; version:Version="4.4.0.201510052309"; singleton:="true"] via two dependency chains.

Chain 1:
  org.springframework.ide.eclipse.boot.dash [osgi.identity; osgi.identity="org.springframework.ide.eclipse.boot.dash"; type="osgi.bundle"; version:Version="3.8.4.201703310634-RELEASE"; singleton:="true"]
    import: (osgi.wiring.package=org.yaml.snakeyaml)
     |
    export: osgi.wiring.package: org.yaml.snakeyaml
  org.yaml.snakeyaml [osgi.identity; osgi.identity="org.yaml.snakeyaml"; type="osgi.bundle"; version:Version="1.14.0.v201505061500"]

Chain 2:
  org.springframework.ide.eclipse.boot.dash [osgi.identity; osgi.identity="org.springframework.ide.eclipse.boot.dash"; type="osgi.bundle"; version:Version="3.8.4.201703310634-RELEASE"; singleton:="true"]
    require: (osgi.wiring.bundle=org.springframework.web)
     |
    provide: osgi.wiring.bundle; bundle-version:Version="4.3.0.20160611-RELEASE"; osgi.wiring.bundle="org.springframework.web"
  org.springframework.web [osgi.identity; osgi.identity="org.springframework.web"; type="osgi.bundle"; version:Version="4.3.0.20160611-RELEASE"]
    import: (&(osgi.wiring.package=org.springframework.context)(&(version>=4.3.0.20160611-RELEASE)(version<=4.3.0.20160611-RELEASE)))
     |
    export: osgi.wiring.package=org.springframework.context; uses:=org.springframework.beans.factory.config
  org.springframework.context [osgi.identity; osgi.identity="org.springframework.context"; type="osgi.bundle"; version:Version="4.3.0.20160611-RELEASE"]
    import: (&(osgi.wiring.package=org.springframework.beans.factory.config)(&(version>=4.3.0.20160611-RELEASE)(version<=4.3.0.20160611-RELEASE)))
     |
    export: osgi.wiring.package=org.springframework.beans.factory.config; uses:=org.yaml.snakeyaml
  org.springframework.beans [osgi.identity; osgi.identity="org.springframework.beans"; type="osgi.bundle"; version:Version="4.3.0.20160611-RELEASE"]
    import: (osgi.wiring.package=org.yaml.snakeyaml)
     |
    export: osgi.wiring.package: org.yaml.snakeyaml
  org.python.pydev.shared_core [osgi.identity; osgi.identity="org.python.pydev.shared_core"; type="osgi.bundle"; version:Version="4.4.0.201510052309"; singleton:="true"]
	at org.eclipse.osgi.container.Module.start(Module.java:434)
	at org.eclipse.osgi.container.ModuleContainer$ContainerStartLevel.incStartLevel(ModuleContainer.java:1582)
	at org.eclipse.osgi.container.ModuleContainer$ContainerStartLevel.incStartLevel(ModuleContainer.java:1561)
	at org.eclipse.osgi.container.ModuleContainer$ContainerStartLevel.doContainerStartLevel(ModuleContainer.java:1533)
	at org.eclipse.osgi.container.ModuleContainer$ContainerStartLevel.dispatchEvent(ModuleContainer.java:1476)
	at org.eclipse.osgi.container.ModuleContainer$ContainerStartLevel.dispatchEvent(ModuleContainer.java:1)
	at org.eclipse.osgi.framework.eventmgr.EventManager.dispatchEvent(EventManager.java:230)
	at org.eclipse.osgi.framework.eventmgr.EventManager$EventThread.run(EventManager.java:340)

!ENTRY org.eclipse.wst.common.project.facet.core 4 0 2018-10-09 17:55:53.293
!MESSAGE Project facet jst.web has not been defined. It is used in plugin org.eclipse.jst.j2ee.

!ENTRY org.eclipse.wst.common.project.facet.core 4 0 2018-10-09 17:55:53.306
!MESSAGE Project facet jst.webfragment has not been defined. It is used in plugin org.eclipse.jst.j2ee.

!ENTRY org.eclipse.egit.ui 2 0 2018-10-09 17:55:53.743
!MESSAGE Warning: The environment variable HOME is not set. The following directory will be used to store the Git
user global configuration and to define the default location to store repositories: 'C:\Users\524F475545'. If this is
not correct please set the HOME environment variable and restart Eclipse. Otherwise Git for Windows and
EGit might behave differently since they see different configuration options.
This warning can be switched off on the Team > Git > Confirmations and Warnings preference page.

!ENTRY org.python.pydev.shared_core 1 1 2018-10-09 17:55:54.917
!MESSAGE Unable to track file that does not exist: C:\Users\AlexanderM\AppData\Local\Programs\Python\Python35-32\DLLs
!STACK 0
java.lang.RuntimeException: Unable to track file that does not exist: C:\Users\AlexanderM\AppData\Local\Programs\Python\Python35-32\DLLs
	at org.python.pydev.shared_core.log.Log.logInfo(Log.java:52)
	at org.python.pydev.shared_core.path_watch.PathWatch.track(PathWatch.java:316)
	at org.python.pydev.editor.codecompletion.revisited.SyncSystemModulesManagerScheduler.afterSetInfos(SyncSystemModulesManagerScheduler.java:463)
	at org.python.pydev.editor.codecompletion.revisited.SyncSystemModulesManagerScheduler.afterSetInfos(SyncSystemModulesManagerScheduler.java:444)
	at org.python.pydev.editor.codecompletion.revisited.SyncSystemModulesManagerScheduler.registerInterpreterManager(SyncSystemModulesManagerScheduler.java:67)
	at org.python.pydev.editor.codecompletion.revisited.SyncSystemModulesManagerScheduler.start(SyncSystemModulesManagerScheduler.java:89)
	at org.python.pydev.plugin.PydevPlugin$1.run(PydevPlugin.java:209)
	at org.eclipse.core.internal.jobs.Worker.run(Worker.java:55)

!ENTRY org.python.pydev.shared_core 1 1 2018-10-09 17:55:54.920
!MESSAGE Unable to track file that does not exist: C:\Users\AlexanderM\AppData\Local\Programs\Python\Python35-32\lib
!STACK 0
java.lang.RuntimeException: Unable to track file that does not exist: C:\Users\AlexanderM\AppData\Local\Programs\Python\Python35-32\lib
	at org.python.pydev.shared_core.log.Log.logInfo(Log.java:52)
	at org.python.pydev.shared_core.path_watch.PathWatch.track(PathWatch.java:316)
	at org.python.pydev.editor.codecompletion.revisited.SyncSystemModulesManagerScheduler.afterSetInfos(SyncSystemModulesManagerScheduler.java:463)
	at org.python.pydev.editor.codecompletion.revisited.SyncSystemModulesManagerScheduler.afterSetInfos(SyncSystemModulesManagerScheduler.java:444)
	at org.python.pydev.editor.codecompletion.revisited.SyncSystemModulesManagerScheduler.registerInterpreterManager(SyncSystemModulesManagerScheduler.java:67)
	at org.python.pydev.editor.codecompletion.revisited.SyncSystemModulesManagerScheduler.start(SyncSystemModulesManagerScheduler.java:89)
	at org.python.pydev.plugin.PydevPlugin$1.run(PydevPlugin.java:209)
	at org.eclipse.core.internal.jobs.Worker.run(Worker.java:55)

!ENTRY org.python.pydev.shared_core 1 1 2018-10-09 17:55:54.921
!MESSAGE Unable to track file that does not exist: C:\Users\AlexanderM\AppData\Local\Programs\Python\Python35-32
!STACK 0
java.lang.RuntimeException: Unable to track file that does not exist: C:\Users\AlexanderM\AppData\Local\Programs\Python\Python35-32
	at org.python.pydev.shared_core.log.Log.logInfo(Log.java:52)
	at org.python.pydev.shared_core.path_watch.PathWatch.track(PathWatch.java:316)
	at org.python.pydev.editor.codecompletion.revisited.SyncSystemModulesManagerScheduler.afterSetInfos(SyncSystemModulesManagerScheduler.java:463)
	at org.python.pydev.editor.codecompletion.revisited.SyncSystemModulesManagerScheduler.afterSetInfos(SyncSystemModulesManagerScheduler.java:444)
	at org.python.pydev.editor.codecompletion.revisited.SyncSystemModulesManagerScheduler.registerInterpreterManager(SyncSystemModulesManagerScheduler.java:67)
	at org.python.pydev.editor.codecompletion.revisited.SyncSystemModulesManagerScheduler.start(SyncSystemModulesManagerScheduler.java:89)
	at org.python.pydev.plugin.PydevPlugin$1.run(PydevPlugin.java:209)
	at org.eclipse.core.internal.jobs.Worker.run(Worker.java:55)

!ENTRY org.python.pydev.shared_core 1 1 2018-10-09 17:55:54.924
!MESSAGE Unable to track file that does not exist: C:\Users\AlexanderM\AppData\Local\Programs\Python\Python35-32\lib\site-packages
!STACK 0
java.lang.RuntimeException: Unable to track file that does not exist: C:\Users\AlexanderM\AppData\Local\Programs\Python\Python35-32\lib\site-packages
	at org.python.pydev.shared_core.log.Log.logInfo(Log.java:52)
	at org.python.pydev.shared_core.path_watch.PathWatch.track(PathWatch.java:316)
	at org.python.pydev.editor.codecompletion.revisited.SyncSystemModulesManagerScheduler.afterSetInfos(SyncSystemModulesManagerScheduler.java:463)
	at org.python.pydev.editor.codecompletion.revisited.SyncSystemModulesManagerScheduler.afterSetInfos(SyncSystemModulesManagerScheduler.java:444)
	at org.python.pydev.editor.codecompletion.revisited.SyncSystemModulesManagerScheduler.registerInterpreterManager(SyncSystemModulesManagerScheduler.java:67)
	at org.python.pydev.editor.codecompletion.revisited.SyncSystemModulesManagerScheduler.start(SyncSystemModulesManagerScheduler.java:89)
	at org.python.pydev.plugin.PydevPlugin$1.run(PydevPlugin.java:209)
	at org.eclipse.core.internal.jobs.Worker.run(Worker.java:55)

!ENTRY org.python.pydev.shared_core 1 1 2018-10-09 17:55:54.925
!MESSAGE Unable to track file that does not exist: C:\Users\AlexanderM\AppData\Local\Programs\Python\Python35-32\lib\site-packages\win32
!STACK 0
java.lang.RuntimeException: Unable to track file that does not exist: C:\Users\AlexanderM\AppData\Local\Programs\Python\Python35-32\lib\site-packages\win32
	at org.python.pydev.shared_core.log.Log.logInfo(Log.java:52)
	at org.python.pydev.shared_core.path_watch.PathWatch.track(PathWatch.java:316)
	at org.python.pydev.editor.codecompletion.revisited.SyncSystemModulesManagerScheduler.afterSetInfos(SyncSystemModulesManagerScheduler.java:463)
	at org.python.pydev.editor.codecompletion.revisited.SyncSystemModulesManagerScheduler.afterSetInfos(SyncSystemModulesManagerScheduler.java:444)
	at org.python.pydev.editor.codecompletion.revisited.SyncSystemModulesManagerScheduler.registerInterpreterManager(SyncSystemModulesManagerScheduler.java:67)
	at org.python.pydev.editor.codecompletion.revisited.SyncSystemModulesManagerScheduler.start(SyncSystemModulesManagerScheduler.java:89)
	at org.python.pydev.plugin.PydevPlugin$1.run(PydevPlugin.java:209)
	at org.eclipse.core.internal.jobs.Worker.run(Worker.java:55)

!ENTRY org.python.pydev.shared_core 1 1 2018-10-09 17:55:54.926
!MESSAGE Unable to track file that does not exist: C:\Users\AlexanderM\AppData\Local\Programs\Python\Python35-32\lib\site-packages\win32\lib
!STACK 0
java.lang.RuntimeException: Unable to track file that does not exist: C:\Users\AlexanderM\AppData\Local\Programs\Python\Python35-32\lib\site-packages\win32\lib
	at org.python.pydev.shared_core.log.Log.logInfo(Log.java:52)
	at org.python.pydev.shared_core.path_watch.PathWatch.track(PathWatch.java:316)
	at org.python.pydev.editor.codecompletion.revisited.SyncSystemModulesManagerScheduler.afterSetInfos(SyncSystemModulesManagerScheduler.java:463)
	at org.python.pydev.editor.codecompletion.revisited.SyncSystemModulesManagerScheduler.afterSetInfos(SyncSystemModulesManagerScheduler.java:444)
	at org.python.pydev.editor.codecompletion.revisited.SyncSystemModulesManagerScheduler.registerInterpreterManager(SyncSystemModulesManagerScheduler.java:67)
	at org.python.pydev.editor.codecompletion.revisited.SyncSystemModulesManagerScheduler.start(SyncSystemModulesManagerScheduler.java:89)
	at org.python.pydev.plugin.PydevPlugin$1.run(PydevPlugin.java:209)
	at org.eclipse.core.internal.jobs.Worker.run(Worker.java:55)

!ENTRY org.python.pydev.shared_core 1 1 2018-10-09 17:55:54.927
!MESSAGE Unable to track file that does not exist: C:\Users\AlexanderM\AppData\Local\Programs\Python\Python35-32\lib\site-packages\Pythonwin
!STACK 0
java.lang.RuntimeException: Unable to track file that does not exist: C:\Users\AlexanderM\AppData\Local\Programs\Python\Python35-32\lib\site-packages\Pythonwin
	at org.python.pydev.shared_core.log.Log.logInfo(Log.java:52)
	at org.python.pydev.shared_core.path_watch.PathWatch.track(PathWatch.java:316)
	at org.python.pydev.editor.codecompletion.revisited.SyncSystemModulesManagerScheduler.afterSetInfos(SyncSystemModulesManagerScheduler.java:463)
	at org.python.pydev.editor.codecompletion.revisited.SyncSystemModulesManagerScheduler.afterSetInfos(SyncSystemModulesManagerScheduler.java:444)
	at org.python.pydev.editor.codecompletion.revisited.SyncSystemModulesManagerScheduler.registerInterpreterManager(SyncSystemModulesManagerScheduler.java:67)
	at org.python.pydev.editor.codecompletion.revisited.SyncSystemModulesManagerScheduler.start(SyncSystemModulesManagerScheduler.java:89)
	at org.python.pydev.plugin.PydevPlugin$1.run(PydevPlugin.java:209)
	at org.eclipse.core.internal.jobs.Worker.run(Worker.java:55)

!ENTRY org.python.pydev.shared_core 4 4 2018-10-09 17:56:25.290
!MESSAGE java.io.IOException: Cannot run program "C:\Users\AlexanderM\AppData\Local\Programs\Python\Python35-32\python.exe": CreateProcess error=2, The system cannot find the file specified
!STACK 0
java.lang.RuntimeException: java.io.IOException: Cannot run program "C:\Users\AlexanderM\AppData\Local\Programs\Python\Python35-32\python.exe": CreateProcess error=2, The system cannot find the file specified
	at org.python.pydev.runners.SimpleRunner.run(SimpleRunner.java:311)
	at org.python.pydev.runners.SimpleRunner.run(SimpleRunner.java:277)
	at org.python.pydev.runners.SimpleRunner.runAndGetOutput(SimpleRunner.java:328)
	at org.python.pydev.runners.SimplePythonRunner.runAndGetOutputWithInterpreter(SimplePythonRunner.java:95)
	at org.python.pydev.ui.interpreters.PythonInterpreterManager.doCreateInterpreterInfo(PythonInterpreterManager.java:68)
	at org.python.pydev.ui.interpreters.PythonInterpreterManager.internalCreateInterpreterInfo(PythonInterpreterManager.java:44)
	at org.python.pydev.ui.interpreters.AbstractInterpreterManager.createInterpreterInfo(AbstractInterpreterManager.java:381)
	at org.python.pydev.editor.codecompletion.revisited.SynchSystemModulesManager$CreateInterpreterInfoCallback.createInterpreterInfo(SynchSystemModulesManager.java:173)
	at org.python.pydev.editor.codecompletion.revisited.SynchSystemModulesManager.updateStructures(SynchSystemModulesManager.java:252)
	at org.python.pydev.editor.codecompletion.revisited.SyncSystemModulesManagerScheduler$SynchJob.run(SyncSystemModulesManagerScheduler.java:238)
	at org.eclipse.core.internal.jobs.Worker.run(Worker.java:55)
Caused by: java.io.IOException: Cannot run program "C:\Users\AlexanderM\AppData\Local\Programs\Python\Python35-32\python.exe": CreateProcess error=2, The system cannot find the file specified
	at java.lang.ProcessBuilder.start(Unknown Source)
	at java.lang.Runtime.exec(Unknown Source)
	at org.python.pydev.shared_core.process.ProcessUtils.createProcess(ProcessUtils.java:103)
	at org.python.pydev.runners.SimpleRunner.createProcess(SimpleRunner.java:50)
	at org.python.pydev.runners.SimpleRunner.run(SimpleRunner.java:309)
	... 10 more
Caused by: java.io.IOException: CreateProcess error=2, The system cannot find the file specified
	at java.lang.ProcessImpl.create(Native Method)
	at java.lang.ProcessImpl.<init>(Unknown Source)
	at java.lang.ProcessImpl.start(Unknown Source)
	... 15 more
!SESSION 2018-10-10 11:04:54.309 -----------------------------------------------
eclipse.buildId=4.5.0.I20150603-2000
java.version=1.8.0_181
java.vendor=Oracle Corporation
BootLoader constants: OS=win32, ARCH=x86_64, WS=win32, NL=en_US
Framework arguments:  -product org.eclipse.epp.package.java.product
Command-line arguments:  -os win32 -ws win32 -arch x86_64 -product org.eclipse.epp.package.java.product

!ENTRY org.springframework.ide.eclipse.boot.dash 4 0 2018-10-10 11:04:56.432
!MESSAGE FrameworkEvent ERROR
!STACK 0
org.osgi.framework.BundleException: Could not resolve module: org.springframework.ide.eclipse.boot.dash [569]
  Bundle was not resolved because of a uses contraint violation.
  org.osgi.service.resolver.ResolutionException: Uses constraint violation. Unable to resolve resource org.springframework.ide.eclipse.boot.dash [osgi.identity; osgi.identity="org.springframework.ide.eclipse.boot.dash"; type="osgi.bundle"; version:Version="3.8.4.201703310634-RELEASE"; singleton:="true"] because it is exposed to package 'org.yaml.snakeyaml' from resources org.yaml.snakeyaml [osgi.identity; osgi.identity="org.yaml.snakeyaml"; type="osgi.bundle"; version:Version="1.14.0.v201505061500"] and org.python.pydev.shared_core [osgi.identity; osgi.identity="org.python.pydev.shared_core"; type="osgi.bundle"; version:Version="4.4.0.201510052309"; singleton:="true"] via two dependency chains.

Chain 1:
  org.springframework.ide.eclipse.boot.dash [osgi.identity; osgi.identity="org.springframework.ide.eclipse.boot.dash"; type="osgi.bundle"; version:Version="3.8.4.201703310634-RELEASE"; singleton:="true"]
    import: (osgi.wiring.package=org.yaml.snakeyaml)
     |
    export: osgi.wiring.package: org.yaml.snakeyaml
  org.yaml.snakeyaml [osgi.identity; osgi.identity="org.yaml.snakeyaml"; type="osgi.bundle"; version:Version="1.14.0.v201505061500"]

Chain 2:
  org.springframework.ide.eclipse.boot.dash [osgi.identity; osgi.identity="org.springframework.ide.eclipse.boot.dash"; type="osgi.bundle"; version:Version="3.8.4.201703310634-RELEASE"; singleton:="true"]
    require: (osgi.wiring.bundle=org.springframework.web)
     |
    provide: osgi.wiring.bundle; bundle-version:Version="4.3.0.20160611-RELEASE"; osgi.wiring.bundle="org.springframework.web"
  org.springframework.web [osgi.identity; osgi.identity="org.springframework.web"; type="osgi.bundle"; version:Version="4.3.0.20160611-RELEASE"]
    import: (&(osgi.wiring.package=org.springframework.context)(&(version>=4.3.0.20160611-RELEASE)(version<=4.3.0.20160611-RELEASE)))
     |
    export: osgi.wiring.package=org.springframework.context; uses:=org.springframework.beans.factory.config
  org.springframework.context [osgi.identity; osgi.identity="org.springframework.context"; type="osgi.bundle"; version:Version="4.3.0.20160611-RELEASE"]
    import: (&(osgi.wiring.package=org.springframework.beans.factory.config)(&(version>=4.3.0.20160611-RELEASE)(version<=4.3.0.20160611-RELEASE)))
     |
    export: osgi.wiring.package=org.springframework.beans.factory.config; uses:=org.yaml.snakeyaml
  org.springframework.beans [osgi.identity; osgi.identity="org.springframework.beans"; type="osgi.bundle"; version:Version="4.3.0.20160611-RELEASE"]
    import: (osgi.wiring.package=org.yaml.snakeyaml)
     |
    export: osgi.wiring.package: org.yaml.snakeyaml
  org.python.pydev.shared_core [osgi.identity; osgi.identity="org.python.pydev.shared_core"; type="osgi.bundle"; version:Version="4.4.0.201510052309"; singleton:="true"]
	at org.eclipse.osgi.container.Module.start(Module.java:434)
	at org.eclipse.osgi.container.ModuleContainer$ContainerStartLevel.incStartLevel(ModuleContainer.java:1582)
	at org.eclipse.osgi.container.ModuleContainer$ContainerStartLevel.incStartLevel(ModuleContainer.java:1561)
	at org.eclipse.osgi.container.ModuleContainer$ContainerStartLevel.doContainerStartLevel(ModuleContainer.java:1533)
	at org.eclipse.osgi.container.ModuleContainer$ContainerStartLevel.dispatchEvent(ModuleContainer.java:1476)
	at org.eclipse.osgi.container.ModuleContainer$ContainerStartLevel.dispatchEvent(ModuleContainer.java:1)
	at org.eclipse.osgi.framework.eventmgr.EventManager.dispatchEvent(EventManager.java:230)
	at org.eclipse.osgi.framework.eventmgr.EventManager$EventThread.run(EventManager.java:340)

!ENTRY org.eclipse.egit.ui 2 0 2018-10-10 11:05:11.919
!MESSAGE Warning: The environment variable HOME is not set. The following directory will be used to store the Git
user global configuration and to define the default location to store repositories: 'C:\Users\524F475545'. If this is
not correct please set the HOME environment variable and restart Eclipse. Otherwise Git for Windows and
EGit might behave differently since they see different configuration options.
This warning can be switched off on the Team > Git > Confirmations and Warnings preference page.

!ENTRY org.eclipse.wst.common.project.facet.core 4 0 2018-10-10 11:05:12.493
!MESSAGE Project facet jst.web has not been defined. It is used in plugin org.eclipse.jst.j2ee.

!ENTRY org.eclipse.wst.common.project.facet.core 4 0 2018-10-10 11:05:12.601
!MESSAGE Project facet jst.webfragment has not been defined. It is used in plugin org.eclipse.jst.j2ee.

!ENTRY org.python.pydev.shared_core 1 1 2018-10-10 11:05:13.134
!MESSAGE Unable to track file that does not exist: C:\Users\AlexanderM\AppData\Local\Programs\Python\Python35-32\DLLs
!STACK 0
java.lang.RuntimeException: Unable to track file that does not exist: C:\Users\AlexanderM\AppData\Local\Programs\Python\Python35-32\DLLs
	at org.python.pydev.shared_core.log.Log.logInfo(Log.java:52)
	at org.python.pydev.shared_core.path_watch.PathWatch.track(PathWatch.java:316)
	at org.python.pydev.editor.codecompletion.revisited.SyncSystemModulesManagerScheduler.afterSetInfos(SyncSystemModulesManagerScheduler.java:463)
	at org.python.pydev.editor.codecompletion.revisited.SyncSystemModulesManagerScheduler.afterSetInfos(SyncSystemModulesManagerScheduler.java:444)
	at org.python.pydev.editor.codecompletion.revisited.SyncSystemModulesManagerScheduler.registerInterpreterManager(SyncSystemModulesManagerScheduler.java:67)
	at org.python.pydev.editor.codecompletion.revisited.SyncSystemModulesManagerScheduler.start(SyncSystemModulesManagerScheduler.java:89)
	at org.python.pydev.plugin.PydevPlugin$1.run(PydevPlugin.java:209)
	at org.eclipse.core.internal.jobs.Worker.run(Worker.java:55)

!ENTRY org.python.pydev.shared_core 1 1 2018-10-10 11:05:13.135
!MESSAGE Unable to track file that does not exist: C:\Users\AlexanderM\AppData\Local\Programs\Python\Python35-32\lib
!STACK 0
java.lang.RuntimeException: Unable to track file that does not exist: C:\Users\AlexanderM\AppData\Local\Programs\Python\Python35-32\lib
	at org.python.pydev.shared_core.log.Log.logInfo(Log.java:52)
	at org.python.pydev.shared_core.path_watch.PathWatch.track(PathWatch.java:316)
	at org.python.pydev.editor.codecompletion.revisited.SyncSystemModulesManagerScheduler.afterSetInfos(SyncSystemModulesManagerScheduler.java:463)
	at org.python.pydev.editor.codecompletion.revisited.SyncSystemModulesManagerScheduler.afterSetInfos(SyncSystemModulesManagerScheduler.java:444)
	at org.python.pydev.editor.codecompletion.revisited.SyncSystemModulesManagerScheduler.registerInterpreterManager(SyncSystemModulesManagerScheduler.java:67)
	at org.python.pydev.editor.codecompletion.revisited.SyncSystemModulesManagerScheduler.start(SyncSystemModulesManagerScheduler.java:89)
	at org.python.pydev.plugin.PydevPlugin$1.run(PydevPlugin.java:209)
	at org.eclipse.core.internal.jobs.Worker.run(Worker.java:55)

!ENTRY org.python.pydev.shared_core 1 1 2018-10-10 11:05:13.136
!MESSAGE Unable to track file that does not exist: C:\Users\AlexanderM\AppData\Local\Programs\Python\Python35-32
!STACK 0
java.lang.RuntimeException: Unable to track file that does not exist: C:\Users\AlexanderM\AppData\Local\Programs\Python\Python35-32
	at org.python.pydev.shared_core.log.Log.logInfo(Log.java:52)
	at org.python.pydev.shared_core.path_watch.PathWatch.track(PathWatch.java:316)
	at org.python.pydev.editor.codecompletion.revisited.SyncSystemModulesManagerScheduler.afterSetInfos(SyncSystemModulesManagerScheduler.java:463)
	at org.python.pydev.editor.codecompletion.revisited.SyncSystemModulesManagerScheduler.afterSetInfos(SyncSystemModulesManagerScheduler.java:444)
	at org.python.pydev.editor.codecompletion.revisited.SyncSystemModulesManagerScheduler.registerInterpreterManager(SyncSystemModulesManagerScheduler.java:67)
	at org.python.pydev.editor.codecompletion.revisited.SyncSystemModulesManagerScheduler.start(SyncSystemModulesManagerScheduler.java:89)
	at org.python.pydev.plugin.PydevPlugin$1.run(PydevPlugin.java:209)
	at org.eclipse.core.internal.jobs.Worker.run(Worker.java:55)

!ENTRY org.python.pydev.shared_core 1 1 2018-10-10 11:05:13.137
!MESSAGE Unable to track file that does not exist: C:\Users\AlexanderM\AppData\Local\Programs\Python\Python35-32\lib\site-packages
!STACK 0
java.lang.RuntimeException: Unable to track file that does not exist: C:\Users\AlexanderM\AppData\Local\Programs\Python\Python35-32\lib\site-packages
	at org.python.pydev.shared_core.log.Log.logInfo(Log.java:52)
	at org.python.pydev.shared_core.path_watch.PathWatch.track(PathWatch.java:316)
	at org.python.pydev.editor.codecompletion.revisited.SyncSystemModulesManagerScheduler.afterSetInfos(SyncSystemModulesManagerScheduler.java:463)
	at org.python.pydev.editor.codecompletion.revisited.SyncSystemModulesManagerScheduler.afterSetInfos(SyncSystemModulesManagerScheduler.java:444)
	at org.python.pydev.editor.codecompletion.revisited.SyncSystemModulesManagerScheduler.registerInterpreterManager(SyncSystemModulesManagerScheduler.java:67)
	at org.python.pydev.editor.codecompletion.revisited.SyncSystemModulesManagerScheduler.start(SyncSystemModulesManagerScheduler.java:89)
	at org.python.pydev.plugin.PydevPlugin$1.run(PydevPlugin.java:209)
	at org.eclipse.core.internal.jobs.Worker.run(Worker.java:55)

!ENTRY org.python.pydev.shared_core 1 1 2018-10-10 11:05:13.137
!MESSAGE Unable to track file that does not exist: C:\Users\AlexanderM\AppData\Local\Programs\Python\Python35-32\lib\site-packages\win32
!STACK 0
java.lang.RuntimeException: Unable to track file that does not exist: C:\Users\AlexanderM\AppData\Local\Programs\Python\Python35-32\lib\site-packages\win32
	at org.python.pydev.shared_core.log.Log.logInfo(Log.java:52)
	at org.python.pydev.shared_core.path_watch.PathWatch.track(PathWatch.java:316)
	at org.python.pydev.editor.codecompletion.revisited.SyncSystemModulesManagerScheduler.afterSetInfos(SyncSystemModulesManagerScheduler.java:463)
	at org.python.pydev.editor.codecompletion.revisited.SyncSystemModulesManagerScheduler.afterSetInfos(SyncSystemModulesManagerScheduler.java:444)
	at org.python.pydev.editor.codecompletion.revisited.SyncSystemModulesManagerScheduler.registerInterpreterManager(SyncSystemModulesManagerScheduler.java:67)
	at org.python.pydev.editor.codecompletion.revisited.SyncSystemModulesManagerScheduler.start(SyncSystemModulesManagerScheduler.java:89)
	at org.python.pydev.plugin.PydevPlugin$1.run(PydevPlugin.java:209)
	at org.eclipse.core.internal.jobs.Worker.run(Worker.java:55)

!ENTRY org.python.pydev.shared_core 1 1 2018-10-10 11:05:13.137
!MESSAGE Unable to track file that does not exist: C:\Users\AlexanderM\AppData\Local\Programs\Python\Python35-32\lib\site-packages\win32\lib
!STACK 0
java.lang.RuntimeException: Unable to track file that does not exist: C:\Users\AlexanderM\AppData\Local\Programs\Python\Python35-32\lib\site-packages\win32\lib
	at org.python.pydev.shared_core.log.Log.logInfo(Log.java:52)
	at org.python.pydev.shared_core.path_watch.PathWatch.track(PathWatch.java:316)
	at org.python.pydev.editor.codecompletion.revisited.SyncSystemModulesManagerScheduler.afterSetInfos(SyncSystemModulesManagerScheduler.java:463)
	at org.python.pydev.editor.codecompletion.revisited.SyncSystemModulesManagerScheduler.afterSetInfos(SyncSystemModulesManagerScheduler.java:444)
	at org.python.pydev.editor.codecompletion.revisited.SyncSystemModulesManagerScheduler.registerInterpreterManager(SyncSystemModulesManagerScheduler.java:67)
	at org.python.pydev.editor.codecompletion.revisited.SyncSystemModulesManagerScheduler.start(SyncSystemModulesManagerScheduler.java:89)
	at org.python.pydev.plugin.PydevPlugin$1.run(PydevPlugin.java:209)
	at org.eclipse.core.internal.jobs.Worker.run(Worker.java:55)

!ENTRY org.python.pydev.shared_core 1 1 2018-10-10 11:05:13.138
!MESSAGE Unable to track file that does not exist: C:\Users\AlexanderM\AppData\Local\Programs\Python\Python35-32\lib\site-packages\Pythonwin
!STACK 0
java.lang.RuntimeException: Unable to track file that does not exist: C:\Users\AlexanderM\AppData\Local\Programs\Python\Python35-32\lib\site-packages\Pythonwin
	at org.python.pydev.shared_core.log.Log.logInfo(Log.java:52)
	at org.python.pydev.shared_core.path_watch.PathWatch.track(PathWatch.java:316)
	at org.python.pydev.editor.codecompletion.revisited.SyncSystemModulesManagerScheduler.afterSetInfos(SyncSystemModulesManagerScheduler.java:463)
	at org.python.pydev.editor.codecompletion.revisited.SyncSystemModulesManagerScheduler.afterSetInfos(SyncSystemModulesManagerScheduler.java:444)
	at org.python.pydev.editor.codecompletion.revisited.SyncSystemModulesManagerScheduler.registerInterpreterManager(SyncSystemModulesManagerScheduler.java:67)
	at org.python.pydev.editor.codecompletion.revisited.SyncSystemModulesManagerScheduler.start(SyncSystemModulesManagerScheduler.java:89)
	at org.python.pydev.plugin.PydevPlugin$1.run(PydevPlugin.java:209)
	at org.eclipse.core.internal.jobs.Worker.run(Worker.java:55)

!ENTRY org.python.pydev.shared_core 4 4 2018-10-10 11:05:43.506
!MESSAGE java.io.IOException: Cannot run program "C:\Users\AlexanderM\AppData\Local\Programs\Python\Python35-32\python.exe": CreateProcess error=2, The system cannot find the file specified
!STACK 0
java.lang.RuntimeException: java.io.IOException: Cannot run program "C:\Users\AlexanderM\AppData\Local\Programs\Python\Python35-32\python.exe": CreateProcess error=2, The system cannot find the file specified
	at org.python.pydev.runners.SimpleRunner.run(SimpleRunner.java:311)
	at org.python.pydev.runners.SimpleRunner.run(SimpleRunner.java:277)
	at org.python.pydev.runners.SimpleRunner.runAndGetOutput(SimpleRunner.java:328)
	at org.python.pydev.runners.SimplePythonRunner.runAndGetOutputWithInterpreter(SimplePythonRunner.java:95)
	at org.python.pydev.ui.interpreters.PythonInterpreterManager.doCreateInterpreterInfo(PythonInterpreterManager.java:68)
	at org.python.pydev.ui.interpreters.PythonInterpreterManager.internalCreateInterpreterInfo(PythonInterpreterManager.java:44)
	at org.python.pydev.ui.interpreters.AbstractInterpreterManager.createInterpreterInfo(AbstractInterpreterManager.java:381)
	at org.python.pydev.editor.codecompletion.revisited.SynchSystemModulesManager$CreateInterpreterInfoCallback.createInterpreterInfo(SynchSystemModulesManager.java:173)
	at org.python.pydev.editor.codecompletion.revisited.SynchSystemModulesManager.updateStructures(SynchSystemModulesManager.java:252)
	at org.python.pydev.editor.codecompletion.revisited.SyncSystemModulesManagerScheduler$SynchJob.run(SyncSystemModulesManagerScheduler.java:238)
	at org.eclipse.core.internal.jobs.Worker.run(Worker.java:55)
Caused by: java.io.IOException: Cannot run program "C:\Users\AlexanderM\AppData\Local\Programs\Python\Python35-32\python.exe": CreateProcess error=2, The system cannot find the file specified
	at java.lang.ProcessBuilder.start(Unknown Source)
	at java.lang.Runtime.exec(Unknown Source)
	at org.python.pydev.shared_core.process.ProcessUtils.createProcess(ProcessUtils.java:103)
	at org.python.pydev.runners.SimpleRunner.createProcess(SimpleRunner.java:50)
	at org.python.pydev.runners.SimpleRunner.run(SimpleRunner.java:309)
	... 10 more
Caused by: java.io.IOException: CreateProcess error=2, The system cannot find the file specified
	at java.lang.ProcessImpl.create(Native Method)
	at java.lang.ProcessImpl.<init>(Unknown Source)
	at java.lang.ProcessImpl.start(Unknown Source)
	... 15 more
